<?xml version="1.0" encoding="UTF-8"?>
<testsuites name="TS_OM_ExistingBuildings" time="1841" tests="1" failures="1" errors="0">
   <testsuite name="TS_OM_ExistingBuildings" tests="1" failures="1" errors="0" time="1841" timestamp="2019-08-02 15:41:11" hostname="Promantus Inc - G10PROLT021" id="Test Suites/TS_OM_ExistingBuildings">
      <properties>
         <property name="deviceName" value=""/>
         <property name="devicePlatform" value=""/>
         <property name="logFolder" value="G:\\Sabareesh\\Personal\\USGBC_NewApproach1\\USGBC_LEED\\Reports\\TS_OM_ExistingBuildings\\20190802_154104"/>
         <property name="logFiles" value="G:\\Sabareesh\\Personal\\USGBC_NewApproach1\\USGBC_LEED\\Reports\\TS_OM_ExistingBuildings\\20190802_154104\\execution0.log"/>
         <property name="attachments" value="G:\\Sabareesh\\Personal\\USGBC_NewApproach1\\USGBC_LEED\\Reports\\TS_OM_ExistingBuildings\\20190802_154104\\1564741649177.png"/>
         <property name="hostName" value="Promantus Inc - G10PROLT021"/>
         <property name="os" value="Windows 10 64bit"/>
         <property name="katalonVersion" value="6.0.5.4"/>
         <property name="browser" value="Chrome 75.0.3770.100"/>
         <property name="hostAddress" value="192.168.0.107"/>
         <property name="sessionId" value="27293626e5b6e5da0c8a000ec4596743"/>
         <property name="seleniumVersion" value="3.7.1"/>
         <property name="proxyInformation" value="ProxyInformation{proxyOption=NO_PROXY, proxyServerType=HTTP, password=, proxyServerAddress=, proxyServerPort=0}"/>
         <property name="platform" value="Windows 10"/>
      </properties>
      <testcase name="Test Cases/OM_ExistingBuildings/TC_ProjectInformation" classname="Test Cases/OM_ExistingBuildings/TC_ProjectInformation" status="FAILED">
         <failure type="FAILED" message="Test Cases/OM_ExistingBuildings/TC_ProjectInformation FAILED.
Reason:
com.kms.katalon.core.exception.StepFailedException: These following reason:
 [Unable to click on object '']
	at com.kms.katalon.core.keyword.internal.KeywordMain.stepFailed(KeywordMain.groovy:48)
	at com.kms.katalon.core.keyword.internal.KeywordMain.stepFailed(KeywordMain.groovy)
	at com.kms.katalon.core.keyword.internal.KeywordMain.stepFailed(KeywordMain.groovy:21)
	at com.kms.katalon.core.keyword.internal.KeywordMain$stepFailed$0.call(Unknown Source)
	at com.kms.katalon.core.cucumber.keyword.CucumberBuiltinKeywords$_runWithCucumberRunner_closure3.doCall(CucumberBuiltinKeywords.groovy:272)
	at com.kms.katalon.core.cucumber.keyword.CucumberBuiltinKeywords$_runWithCucumberRunner_closure3.doCall(CucumberBuiltinKeywords.groovy)
	at com.kms.katalon.core.keyword.internal.KeywordMain.runKeyword(KeywordMain.groovy:66)
	at com.kms.katalon.core.keyword.internal.KeywordMain$runKeyword.call(Unknown Source)
	at com.kms.katalon.core.cucumber.keyword.CucumberBuiltinKeywords.runWithCucumberRunner(CucumberBuiltinKeywords.groovy:257)
	at com.kms.katalon.core.cucumber.keyword.CucumberBuiltinKeywords$runWithCucumberRunner$0.callStatic(Unknown Source)
	at com.kms.katalon.core.cucumber.keyword.CucumberBuiltinKeywords.runWithCucumberRunner(CucumberBuiltinKeywords.groovy:357)
	at com.kms.katalon.core.cucumber.keyword.CucumberBuiltinKeywords$runWithCucumberRunner.call(Unknown Source)
	at TC_ProjectInformation.run(TC_ProjectInformation:17)
	at com.kms.katalon.core.main.ScriptEngine.run(ScriptEngine.java:194)
	at com.kms.katalon.core.main.ScriptEngine.runScriptAsRawText(ScriptEngine.java:119)
	at com.kms.katalon.core.main.TestCaseExecutor.runScript(TestCaseExecutor.java:331)
	at com.kms.katalon.core.main.TestCaseExecutor.doExecute(TestCaseExecutor.java:322)
	at com.kms.katalon.core.main.TestCaseExecutor.processExecutionPhase(TestCaseExecutor.java:301)
	at com.kms.katalon.core.main.TestCaseExecutor.accessMainPhase(TestCaseExecutor.java:293)
	at com.kms.katalon.core.main.TestCaseExecutor.execute(TestCaseExecutor.java:227)
	at com.kms.katalon.core.main.TestSuiteExecutor.accessTestCaseMainPhase(TestSuiteExecutor.java:129)
	at com.kms.katalon.core.main.TestSuiteExecutor.accessTestSuiteMainPhase(TestSuiteExecutor.java:112)
	at com.kms.katalon.core.main.TestSuiteExecutor.execute(TestSuiteExecutor.java:81)
	at com.kms.katalon.core.main.TestCaseMain.startTestSuite(TestCaseMain.java:157)
	at com.kms.katalon.core.main.TestCaseMain$startTestSuite$0.call(Unknown Source)
	at TempTestSuite1564740664170.run(TempTestSuite1564740664170.groovy:35)
"/>
         <system-out><![CDATA[2019-08-02 15:41:11 - [TEST_CASE][FAILED] - Test Cases/OM_ExistingBuildings/TC_ProjectInformation: Test Cases/OM_ExistingBuildings/TC_ProjectInformation FAILED.
Reason:
com.kms.katalon.core.exception.StepFailedException: These following reason:
 [Unable to click on object '']
	at com.kms.katalon.core.keyword.internal.KeywordMain.stepFailed(KeywordMain.groovy:48)
	at com.kms.katalon.core.keyword.internal.KeywordMain.stepFailed(KeywordMain.groovy)
	at com.kms.katalon.core.keyword.internal.KeywordMain.stepFailed(KeywordMain.groovy:21)
	at com.kms.katalon.core.keyword.internal.KeywordMain$stepFailed$0.call(Unknown Source)
	at com.kms.katalon.core.cucumber.keyword.CucumberBuiltinKeywords$_runWithCucumberRunner_closure3.doCall(CucumberBuiltinKeywords.groovy:272)
	at com.kms.katalon.core.cucumber.keyword.CucumberBuiltinKeywords$_runWithCucumberRunner_closure3.doCall(CucumberBuiltinKeywords.groovy)
	at com.kms.katalon.core.keyword.internal.KeywordMain.runKeyword(KeywordMain.groovy:66)
	at com.kms.katalon.core.keyword.internal.KeywordMain$runKeyword.call(Unknown Source)
	at com.kms.katalon.core.cucumber.keyword.CucumberBuiltinKeywords.runWithCucumberRunner(CucumberBuiltinKeywords.groovy:257)
	at com.kms.katalon.core.cucumber.keyword.CucumberBuiltinKeywords$runWithCucumberRunner$0.callStatic(Unknown Source)
	at com.kms.katalon.core.cucumber.keyword.CucumberBuiltinKeywords.runWithCucumberRunner(CucumberBuiltinKeywords.groovy:357)
	at com.kms.katalon.core.cucumber.keyword.CucumberBuiltinKeywords$runWithCucumberRunner.call(Unknown Source)
	at TC_ProjectInformation.run(TC_ProjectInformation:17)
	at com.kms.katalon.core.main.ScriptEngine.run(ScriptEngine.java:194)
	at com.kms.katalon.core.main.ScriptEngine.runScriptAsRawText(ScriptEngine.java:119)
	at com.kms.katalon.core.main.TestCaseExecutor.runScript(TestCaseExecutor.java:331)
	at com.kms.katalon.core.main.TestCaseExecutor.doExecute(TestCaseExecutor.java:322)
	at com.kms.katalon.core.main.TestCaseExecutor.processExecutionPhase(TestCaseExecutor.java:301)
	at com.kms.katalon.core.main.TestCaseExecutor.accessMainPhase(TestCaseExecutor.java:293)
	at com.kms.katalon.core.main.TestCaseExecutor.execute(TestCaseExecutor.java:227)
	at com.kms.katalon.core.main.TestSuiteExecutor.accessTestCaseMainPhase(TestSuiteExecutor.java:129)
	at com.kms.katalon.core.main.TestSuiteExecutor.accessTestSuiteMainPhase(TestSuiteExecutor.java:112)
	at com.kms.katalon.core.main.TestSuiteExecutor.execute(TestSuiteExecutor.java:81)
	at com.kms.katalon.core.main.TestCaseMain.startTestSuite(TestCaseMain.java:157)
	at com.kms.katalon.core.main.TestCaseMain$startTestSuite$0.call(Unknown Source)
	at TempTestSuite1564740664170.run(TempTestSuite1564740664170.groovy:35)


2019-08-02 15:41:12 - [TEST_STEP][FAILED] - runWithCucumberRunner(runner_OM_ExistingBuildings.ProjectInformationTestRunner): runWithCucumberRunner(runner_OM_ExistingBuildings.ProjectInformationTestRunner) FAILED.
Reason:
com.kms.katalon.core.exception.StepFailedException: These following reason:
 [Unable to click on object '']
	at com.kms.katalon.core.keyword.internal.KeywordMain.stepFailed(KeywordMain.groovy:48)
	at com.kms.katalon.core.keyword.internal.KeywordMain.stepFailed(KeywordMain.groovy)
	at com.kms.katalon.core.keyword.internal.KeywordMain.stepFailed(KeywordMain.groovy:21)
	at com.kms.katalon.core.keyword.internal.KeywordMain$stepFailed$0.call(Unknown Source)
	at com.kms.katalon.core.cucumber.keyword.CucumberBuiltinKeywords$_runWithCucumberRunner_closure3.doCall(CucumberBuiltinKeywords.groovy:272)
	at com.kms.katalon.core.cucumber.keyword.CucumberBuiltinKeywords$_runWithCucumberRunner_closure3.doCall(CucumberBuiltinKeywords.groovy)
	at com.kms.katalon.core.keyword.internal.KeywordMain.runKeyword(KeywordMain.groovy:66)
	at com.kms.katalon.core.keyword.internal.KeywordMain$runKeyword.call(Unknown Source)
	at com.kms.katalon.core.cucumber.keyword.CucumberBuiltinKeywords.runWithCucumberRunner(CucumberBuiltinKeywords.groovy:257)
	at com.kms.katalon.core.cucumber.keyword.CucumberBuiltinKeywords$runWithCucumberRunner$0.callStatic(Unknown Source)
	at com.kms.katalon.core.cucumber.keyword.CucumberBuiltinKeywords.runWithCucumberRunner(CucumberBuiltinKeywords.groovy:357)
	at com.kms.katalon.core.cucumber.keyword.CucumberBuiltinKeywords$runWithCucumberRunner.call(Unknown Source)
	at TC_ProjectInformation.run(TC_ProjectInformation:17)
	at com.kms.katalon.core.main.ScriptEngine.run(ScriptEngine.java:194)
	at com.kms.katalon.core.main.ScriptEngine.runScriptAsRawText(ScriptEngine.java:119)
	at com.kms.katalon.core.main.TestCaseExecutor.runScript(TestCaseExecutor.java:331)
	at com.kms.katalon.core.main.TestCaseExecutor.doExecute(TestCaseExecutor.java:322)
	at com.kms.katalon.core.main.TestCaseExecutor.processExecutionPhase(TestCaseExecutor.java:301)
	at com.kms.katalon.core.main.TestCaseExecutor.accessMainPhase(TestCaseExecutor.java:293)
	at com.kms.katalon.core.main.TestCaseExecutor.execute(TestCaseExecutor.java:227)
	at com.kms.katalon.core.main.TestSuiteExecutor.accessTestCaseMainPhase(TestSuiteExecutor.java:129)
	at com.kms.katalon.core.main.TestSuiteExecutor.accessTestSuiteMainPhase(TestSuiteExecutor.java:112)
	at com.kms.katalon.core.main.TestSuiteExecutor.execute(TestSuiteExecutor.java:81)
	at com.kms.katalon.core.main.TestCaseMain.startTestSuite(TestCaseMain.java:157)
	at com.kms.katalon.core.main.TestCaseMain$startTestSuite$0.call(Unknown Source)
	at TempTestSuite1564740664170.run(TempTestSuite1564740664170.groovy:35)


2019-08-02 15:41:13 - [TEST_CASE][PASSED] - Test Cases/TC_Login: Test Cases/TC_Login

2019-08-02 15:41:14 - [TEST_STEP][PASSED] - runWithCucumberRunner(common.LoginRunner): Run with 'common.LoginRunner' was passed

2019-08-02 15:41:14 - [MESSAGE][INFO] - Starting 'Chrome' driver

2019-08-02 15:41:14 - [MESSAGE][INFO] - Action delay is set to 0 seconds

2019-08-02 15:41:22 - [MESSAGE][PASSED] - Browser is opened with url: ''

2019-08-02 15:41:23 - [MESSAGE][PASSED] - Current window maximized

2019-08-02 15:41:26 - [MESSAGE][PASSED] - Navigate to 'https://leedonline-stg.usgbc.org' successfully

2019-08-02 15:41:27 - [MESSAGE][PASSED] - Text 'automationbdd9@gmail.com' is set on object ''

2019-08-02 15:41:27 - [MESSAGE][PASSED] - Text 'initpass' is set on object ''

2019-08-02 15:41:30 - [MESSAGE][PASSED] - Delayed 3 second(s)

2019-08-02 15:41:30 - [MESSAGE][PASSED] - Scroll to object '' successfully

2019-08-02 15:41:30 - [MESSAGE][PASSED] - Object '' is checked

2019-08-02 15:41:34 - [MESSAGE][PASSED] - Delayed 4 second(s)

2019-08-02 15:41:35 - [MESSAGE][PASSED] - The form containing object: '' is submitted

2019-08-02 15:41:35 - [MESSAGE][PASSED] - Run with 'common.LoginRunner' was passed

2019-08-02 15:41:35 - [MESSAGE][PASSED] - Call Test Case 'Test Cases/TC_Login' successfully

2019-08-02 15:41:43 - [MESSAGE][PASSED] - Object: '' is clicked on

2019-08-02 15:41:45 - [MESSAGE][PASSED] - Object: '' is clicked on

2019-08-02 15:41:47 - [MESSAGE][PASSED] - Delayed 2 second(s)

2019-08-02 15:41:57 - [MESSAGE][PASSED] - Text of object '' is: 'ATTEMPTED'

2019-08-02 15:42:00 - [MESSAGE][PASSED] - Delayed 3 second(s)

2019-08-02 15:42:02 - [MESSAGE][PASSED] - Delayed 2 second(s)

2019-08-02 15:42:02 - [MESSAGE][PASSED] - Object: '' is clicked on

2019-08-02 15:42:02 - [MESSAGE][PASSED] - Text of object '' is: 'Project Information'

2019-08-02 15:42:05 - [MESSAGE][PASSED] - Delayed 3 second(s)

2019-08-02 15:42:09 - [MESSAGE][PASSED] - Object: '' is clicked on

2019-08-02 15:42:14 - [MESSAGE][PASSED] - Delayed 5 second(s)

2019-08-02 15:42:14 - [MESSAGE][PASSED] - Text of object '' is: 'Project Information'

2019-08-02 15:42:14 - [MESSAGE][PASSED] - Actual text 'Project Information' and expected text 'Project Information' are matched 

2019-08-02 15:42:14 - [MESSAGE][PASSED] - Text '(V01)' is present on page 

2019-08-02 15:42:15 - [MESSAGE][PASSED] - Object '' is checked

2019-08-02 15:42:15 - [MESSAGE][PASSED] - Object '' is checked

2019-08-02 15:42:15 - [MESSAGE][PASSED] - Object '' is checked

2019-08-02 15:42:15 - [MESSAGE][PASSED] - Object '' has attribute 'class' with value 'tiny ui button'

2019-08-02 15:42:22 - [MESSAGE][PASSED] - Delayed 7 second(s)

2019-08-02 15:42:23 - [MESSAGE][PASSED] - File 'G:\Sabareesh\Personal\USGBC_NewApproach1\USGBC_LEED\Include\TestData\FilesToUpload\COO_1.pdf' sent to object: ''

2019-08-02 15:42:23 - [MESSAGE][PASSED] - Object '' has attribute 'class' with value 'tiny ui button'

2019-08-02 15:42:30 - [MESSAGE][PASSED] - Delayed 7 second(s)

2019-08-02 15:42:30 - [MESSAGE][PASSED] - File 'G:\Sabareesh\Personal\USGBC_NewApproach1\USGBC_LEED\Include\TestData\FilesToUpload\ZZ.pdf' sent to object: ''

2019-08-02 15:42:33 - [MESSAGE][PASSED] - Delayed 3 second(s)

2019-08-02 15:42:33 - [MESSAGE][PASSED] - Object '' has attribute 'class' with value 'tiny ui button'

2019-08-02 15:42:40 - [MESSAGE][PASSED] - Delayed 7 second(s)

2019-08-02 15:42:40 - [MESSAGE][PASSED] - File 'G:\Sabareesh\Personal\USGBC_NewApproach1\USGBC_LEED\Include\TestData\FilesToUpload\COO_1.pdf' sent to object: ''

2019-08-02 15:42:40 - [MESSAGE][PASSED] - Object '' has attribute 'class' with value 'tiny ui button'

2019-08-02 15:42:47 - [MESSAGE][PASSED] - Delayed 7 second(s)

2019-08-02 15:42:47 - [MESSAGE][PASSED] - File 'G:\Sabareesh\Personal\USGBC_NewApproach1\USGBC_LEED\Include\TestData\FilesToUpload\ZZ.pdf' sent to object: ''

2019-08-02 15:42:50 - [MESSAGE][PASSED] - Delayed 3 second(s)

2019-08-02 15:42:50 - [MESSAGE][PASSED] - Object '' has attribute 'class' with value 'tiny ui button'

2019-08-02 15:42:57 - [MESSAGE][PASSED] - Delayed 7 second(s)

2019-08-02 15:42:57 - [MESSAGE][PASSED] - File 'G:\Sabareesh\Personal\USGBC_NewApproach1\USGBC_LEED\Include\TestData\FilesToUpload\COO_1.pdf' sent to object: ''

2019-08-02 15:42:57 - [MESSAGE][PASSED] - Object '' has attribute 'class' with value 'tiny ui button'

2019-08-02 15:43:04 - [MESSAGE][PASSED] - Delayed 7 second(s)

2019-08-02 15:43:04 - [MESSAGE][PASSED] - File 'G:\Sabareesh\Personal\USGBC_NewApproach1\USGBC_LEED\Include\TestData\FilesToUpload\ZZ.pdf' sent to object: ''

2019-08-02 15:43:07 - [MESSAGE][PASSED] - Delayed 3 second(s)

2019-08-02 15:43:07 - [MESSAGE][PASSED] - Object '' has attribute 'class' with value 'tiny ui button'

2019-08-02 15:43:14 - [MESSAGE][PASSED] - Delayed 7 second(s)

2019-08-02 15:43:14 - [MESSAGE][PASSED] - File 'G:\Sabareesh\Personal\USGBC_NewApproach1\USGBC_LEED\Include\TestData\FilesToUpload\COO_1.pdf' sent to object: ''

2019-08-02 15:43:14 - [MESSAGE][PASSED] - Object '' has attribute 'class' with value 'tiny ui button'

2019-08-02 15:43:21 - [MESSAGE][PASSED] - Delayed 7 second(s)

2019-08-02 15:43:21 - [MESSAGE][PASSED] - File 'G:\Sabareesh\Personal\USGBC_NewApproach1\USGBC_LEED\Include\TestData\FilesToUpload\ZZ.pdf' sent to object: ''

2019-08-02 15:43:24 - [MESSAGE][PASSED] - Delayed 3 second(s)

2019-08-02 15:43:24 - [MESSAGE][PASSED] - Object '' has attribute 'class' with value 'tiny ui button'

2019-08-02 15:43:31 - [MESSAGE][PASSED] - Delayed 7 second(s)

2019-08-02 15:43:31 - [MESSAGE][PASSED] - File 'G:\Sabareesh\Personal\USGBC_NewApproach1\USGBC_LEED\Include\TestData\FilesToUpload\COO_1.pdf' sent to object: ''

2019-08-02 15:43:31 - [MESSAGE][PASSED] - Object '' has attribute 'class' with value 'tiny ui button'

2019-08-02 15:43:38 - [MESSAGE][PASSED] - Delayed 7 second(s)

2019-08-02 15:43:38 - [MESSAGE][PASSED] - File 'G:\Sabareesh\Personal\USGBC_NewApproach1\USGBC_LEED\Include\TestData\FilesToUpload\ZZ.pdf' sent to object: ''

2019-08-02 15:43:41 - [MESSAGE][PASSED] - Delayed 3 second(s)

2019-08-02 15:43:41 - [MESSAGE][PASSED] - Object '' has attribute 'class' with value 'tiny ui button'

2019-08-02 15:43:48 - [MESSAGE][PASSED] - Delayed 7 second(s)

2019-08-02 15:43:49 - [MESSAGE][PASSED] - File 'G:\Sabareesh\Personal\USGBC_NewApproach1\USGBC_LEED\Include\TestData\FilesToUpload\COO_1.pdf' sent to object: ''

2019-08-02 15:43:49 - [MESSAGE][PASSED] - Object '' has attribute 'class' with value 'tiny ui button'

2019-08-02 15:43:56 - [MESSAGE][PASSED] - Delayed 7 second(s)

2019-08-02 15:43:56 - [MESSAGE][PASSED] - File 'G:\Sabareesh\Personal\USGBC_NewApproach1\USGBC_LEED\Include\TestData\FilesToUpload\ZZ.pdf' sent to object: ''

2019-08-02 15:43:59 - [MESSAGE][PASSED] - Delayed 3 second(s)

2019-08-02 15:43:59 - [MESSAGE][PASSED] - Text of object '' is: 'ZZ.pdf'

2019-08-02 15:44:01 - [MESSAGE][PASSED] - Delayed 2 second(s)

2019-08-02 15:44:03 - [MESSAGE][PASSED] - Delayed 2 second(s)

2019-08-02 15:44:03 - [MESSAGE][PASSED] - ZZ.pdf is equal to ZZ.pdf

2019-08-02 15:44:03 - [MESSAGE][PASSED] - Actual text 'ZZ.pdf' and expected text 'ZZ.pdf' are matched 

2019-08-02 15:44:03 - [MESSAGE][PASSED] - Text of object '' is: 'COO_1.pdf'

2019-08-02 15:44:05 - [MESSAGE][PASSED] - Delayed 2 second(s)

2019-08-02 15:44:05 - [MESSAGE][PASSED] - COO_1.pdf is equal to COO_1.pdf

2019-08-02 15:44:05 - [MESSAGE][PASSED] - Actual text 'COO_1.pdf' and expected text 'COO_1.pdf' are matched 

2019-08-02 15:44:05 - [MESSAGE][PASSED] - Text of object '' is: 'ZZ.pdf'

2019-08-02 15:44:07 - [MESSAGE][PASSED] - Delayed 2 second(s)

2019-08-02 15:44:10 - [MESSAGE][PASSED] - Delayed 2 second(s)

2019-08-02 15:44:10 - [MESSAGE][PASSED] - ZZ.pdf is equal to ZZ.pdf

2019-08-02 15:44:10 - [MESSAGE][PASSED] - Actual text 'ZZ.pdf' and expected text 'ZZ.pdf' are matched 

2019-08-02 15:44:10 - [MESSAGE][PASSED] - Text of object '' is: 'COO_1.pdf'

2019-08-02 15:44:12 - [MESSAGE][PASSED] - Delayed 2 second(s)

2019-08-02 15:44:12 - [MESSAGE][PASSED] - COO_1.pdf is equal to COO_1.pdf

2019-08-02 15:44:12 - [MESSAGE][PASSED] - Actual text 'COO_1.pdf' and expected text 'COO_1.pdf' are matched 

2019-08-02 15:44:12 - [MESSAGE][PASSED] - Text of object '' is: 'ZZ.pdf'

2019-08-02 15:44:14 - [MESSAGE][PASSED] - Delayed 2 second(s)

2019-08-02 15:44:16 - [MESSAGE][PASSED] - Delayed 2 second(s)

2019-08-02 15:44:16 - [MESSAGE][PASSED] - ZZ.pdf is equal to ZZ.pdf

2019-08-02 15:44:16 - [MESSAGE][PASSED] - Actual text 'ZZ.pdf' and expected text 'ZZ.pdf' are matched 

2019-08-02 15:44:16 - [MESSAGE][PASSED] - Text of object '' is: 'COO_1.pdf'

2019-08-02 15:44:18 - [MESSAGE][PASSED] - Delayed 2 second(s)

2019-08-02 15:44:18 - [MESSAGE][PASSED] - COO_1.pdf is equal to COO_1.pdf

2019-08-02 15:44:18 - [MESSAGE][PASSED] - Actual text 'COO_1.pdf' and expected text 'COO_1.pdf' are matched 

2019-08-02 15:44:18 - [MESSAGE][PASSED] - Text of object '' is: 'ZZ.pdf'

2019-08-02 15:44:20 - [MESSAGE][PASSED] - Delayed 2 second(s)

2019-08-02 15:44:22 - [MESSAGE][PASSED] - Delayed 2 second(s)

2019-08-02 15:44:22 - [MESSAGE][PASSED] - ZZ.pdf is equal to ZZ.pdf

2019-08-02 15:44:22 - [MESSAGE][PASSED] - Actual text 'ZZ.pdf' and expected text 'ZZ.pdf' are matched 

2019-08-02 15:44:22 - [MESSAGE][PASSED] - Text of object '' is: 'COO_1.pdf'

2019-08-02 15:44:24 - [MESSAGE][PASSED] - Delayed 2 second(s)

2019-08-02 15:44:24 - [MESSAGE][PASSED] - COO_1.pdf is equal to COO_1.pdf

2019-08-02 15:44:24 - [MESSAGE][PASSED] - Actual text 'COO_1.pdf' and expected text 'COO_1.pdf' are matched 

2019-08-02 15:44:25 - [MESSAGE][PASSED] - Text of object '' is: 'COO_1.pdf'

2019-08-02 15:44:27 - [MESSAGE][PASSED] - Delayed 2 second(s)

2019-08-02 15:44:27 - [MESSAGE][PASSED] - COO_1.pdf is equal to COO_1.pdf

2019-08-02 15:44:27 - [MESSAGE][PASSED] - Actual text 'COO_1.pdf' and expected text 'COO_1.pdf' are matched 

2019-08-02 15:44:27 - [MESSAGE][PASSED] - Text of object '' is: 'ZZ.pdf'

2019-08-02 15:44:29 - [MESSAGE][PASSED] - Delayed 2 second(s)

2019-08-02 15:44:31 - [MESSAGE][PASSED] - Delayed 2 second(s)

2019-08-02 15:44:31 - [MESSAGE][PASSED] - ZZ.pdf is equal to ZZ.pdf

2019-08-02 15:44:31 - [MESSAGE][PASSED] - Actual text 'ZZ.pdf' and expected text 'ZZ.pdf' are matched 

2019-08-02 15:44:31 - [MESSAGE][PASSED] - Text of object '' is: 'ZZ.pdf'

2019-08-02 15:44:33 - [MESSAGE][PASSED] - Delayed 2 second(s)

2019-08-02 15:44:35 - [MESSAGE][PASSED] - Delayed 2 second(s)

2019-08-02 15:44:35 - [MESSAGE][PASSED] - ZZ.pdf is equal to ZZ.pdf

2019-08-02 15:44:35 - [MESSAGE][PASSED] - Actual text 'ZZ.pdf' and expected text 'ZZ.pdf' are matched 

2019-08-02 15:44:35 - [MESSAGE][PASSED] - Text of object '' is: 'COO_1.pdf'

2019-08-02 15:44:37 - [MESSAGE][PASSED] - Delayed 2 second(s)

2019-08-02 15:44:37 - [MESSAGE][PASSED] - COO_1.pdf is equal to COO_1.pdf

2019-08-02 15:44:37 - [MESSAGE][PASSED] - Actual text 'COO_1.pdf' and expected text 'COO_1.pdf' are matched 

2019-08-02 15:44:40 - [MESSAGE][PASSED] - Text 'Known that everybody have the personal aim. It is defferent . For example, there are some people think that the most important thing in them life is career. While there are other people think that is family. me too. The most important thing with my life is my small and big family.6Z1RL' is set on object ''

2019-08-02 15:44:42 - [MESSAGE][PASSED] - Delayed 2 second(s)

2019-08-02 15:44:42 - [MESSAGE][PASSED] - Text of object '' is: 'Known that everybody have the personal aim. It is defferent . For example, there are some people think that the most important thing in them life is career. While there are other people think that is family. me too. The most important thing with my life is my small and big family.6Z1RL'

2019-08-02 15:44:42 - [MESSAGE][PASSED] - Actual text 'Known that everybody have the personal aim. It is defferent . For example, there are some people think that the most important thing in them life is career. While there are other people think that is family. me too. The most important thing with my life is my small and big family.6Z1RL' and expected text 'Known that everybody have the personal aim. It is defferent . For example, there are some people think that the most important thing in them life is career. While there are other people think that is family. me too. The most important thing with my life is my small and big family.6Z1RL' are matched 

2019-08-02 15:44:43 - [MESSAGE][PASSED] - Text 'Known that everybody have the personal aim. It is defferent . For example, there are some people think that the most important thing in them life is career. While there are other people think that is family. me too. The most important thing with my life is my small and big family.6Z1RL' is set on object ''

2019-08-02 15:44:45 - [MESSAGE][PASSED] - Delayed 2 second(s)

2019-08-02 15:44:45 - [MESSAGE][PASSED] - Text of object '' is: 'Known that everybody have the personal aim. It is defferent . For example, there are some people think that the most important thing in them life is career. While there are other people think that is family. me too. The most important thing with my life is my small and big family.6Z1RL'

2019-08-02 15:44:45 - [MESSAGE][PASSED] - Actual text 'Known that everybody have the personal aim. It is defferent . For example, there are some people think that the most important thing in them life is career. While there are other people think that is family. me too. The most important thing with my life is my small and big family.6Z1RL' and expected text 'Known that everybody have the personal aim. It is defferent . For example, there are some people think that the most important thing in them life is career. While there are other people think that is family. me too. The most important thing with my life is my small and big family.6Z1RL' are matched 

2019-08-02 15:44:46 - [MESSAGE][PASSED] - Object: '' is clicked on

2019-08-02 15:44:50 - [MESSAGE][PASSED] - Delayed 4 second(s)

2019-08-02 15:44:50 - [MESSAGE][PASSED] - Text 'Form data saved successfully.' is present on page 

2019-08-02 15:44:56 - [MESSAGE][PASSED] - Delayed 6 second(s)

2019-08-02 15:44:58 - [MESSAGE][PASSED] - Delayed 2 second(s)

2019-08-02 15:44:58 - [MESSAGE][PASSED] - Object '' is present

2019-08-02 15:44:58 - [MESSAGE][PASSED] - Object: '' is clicked on

2019-08-02 15:45:08 - [MESSAGE][PASSED] - Delayed 10 second(s)

2019-08-02 15:45:14 - [MESSAGE][PASSED] - Delayed 6 second(s)

2019-08-02 15:45:16 - [MESSAGE][PASSED] - Actual text 'Found' and expected text 'Found' are matched 

2019-08-02 15:45:16 - [MESSAGE][PASSED] - Actual text 'Found' and expected text 'Found' are matched 

2019-08-02 15:45:16 - [MESSAGE][PASSED] - Actual text 'Found' and expected text 'Found' are matched 

2019-08-02 15:45:17 - [MESSAGE][PASSED] - Actual text 'Found' and expected text 'Found' are matched 

2019-08-02 15:45:17 - [MESSAGE][PASSED] - Actual text 'Found' and expected text 'Found' are matched 

2019-08-02 15:45:17 - [MESSAGE][PASSED] - Actual text 'Found' and expected text 'Found' are matched 

2019-08-02 15:45:17 - [MESSAGE][PASSED] - Text of object '' is: 'Known that everybody have the personal aim. It is defferent . For example, there are some people think that the most important thing in them life is career. While there are other people think that is family. me too. The most important thing with my life is my small and big family.6Z1RL'

2019-08-02 15:45:17 - [MESSAGE][PASSED] - Actual text 'Found' and expected text 'Found' are matched 

2019-08-02 15:45:18 - [MESSAGE][PASSED] - Text of object '' is: 'Known that everybody have the personal aim. It is defferent . For example, there are some people think that the most important thing in them life is career. While there are other people think that is family. me too. The most important thing with my life is my small and big family.6Z1RL'

2019-08-02 15:45:18 - [MESSAGE][PASSED] - Text of object '' is: 'Known that everybody have the personal aim. It is defferent . For example, there are some people think that the most important thing in them life is career. While there are other people think that is family. me too. The most important thing with my life is my small and big family.6Z1RL'

2019-08-02 15:45:18 - [MESSAGE][PASSED] - Actual text 'Found' and expected text 'Found' are matched 

2019-08-02 15:45:19 - [MESSAGE][PASSED] - Navigate back successfully

2019-08-02 15:45:21 - [MESSAGE][PASSED] - Delayed 2 second(s)

2019-08-02 15:45:21 - [MESSAGE][PASSED] - Object: '' is clicked on

2019-08-02 15:45:26 - [MESSAGE][PASSED] - Delayed 5 second(s)

2019-08-02 15:45:28 - [MESSAGE][PASSED] - Delayed 2 second(s)

2019-08-02 15:45:29 - [MESSAGE][PASSED] - Navigate forward successfully

2019-08-02 15:45:32 - [MESSAGE][PASSED] - Delayed 2 second(s)

2019-08-02 15:45:37 - [MESSAGE][PASSED] - Delayed 5 second(s)

2019-08-02 15:45:37 - [MESSAGE][PASSED] - Object: '' is clicked on

2019-08-02 15:45:37 - [MESSAGE][PASSED] - Text of object '' is: 'COO_1.pdf'

2019-08-02 15:45:42 - [MESSAGE][PASSED] - Delayed 5 second(s)

2019-08-02 15:45:42 - [MESSAGE][PASSED] - Object: '' is hovered

2019-08-02 15:45:44 - [MESSAGE][PASSED] - Delayed 2 second(s)

2019-08-02 15:45:46 - [MESSAGE][PASSED] - Delayed 2 second(s)

2019-08-02 15:45:51 - [MESSAGE][PASSED] - Delayed 5 second(s)

2019-08-02 15:45:51 - [MESSAGE][PASSED] - Object: '' is clicked on

2019-08-02 15:45:51 - [MESSAGE][PASSED] - Text of object '' is: 'ZZ.pdf'

2019-08-02 15:45:56 - [MESSAGE][PASSED] - Delayed 5 second(s)

2019-08-02 15:45:56 - [MESSAGE][PASSED] - Object: '' is hovered

2019-08-02 15:45:59 - [MESSAGE][PASSED] - Delayed 2 second(s)

2019-08-02 15:46:04 - [MESSAGE][PASSED] - Delayed 5 second(s)

2019-08-02 15:46:06 - [MESSAGE][PASSED] - Delayed 2 second(s)

2019-08-02 15:46:07 - [MESSAGE][PASSED] - Delayed 1 second(s)

2019-08-02 15:46:07 - [MESSAGE][PASSED] - COO_1.pdf exist in G:/Sabareesh/Personal/USGBC_NewApproach1/USGBC_LEED/Include/TestData/DownloadedFiles and was deleted

2019-08-02 15:46:07 - [MESSAGE][PASSED] - 

2019-08-02 15:46:07 - [MESSAGE][PASSED] - Actual text 'COO_1.pdf' and expected text 'COO_1.pdf' are matched 

2019-08-02 15:46:09 - [MESSAGE][PASSED] - Delayed 2 second(s)

2019-08-02 15:46:11 - [MESSAGE][PASSED] - Delayed 2 second(s)

2019-08-02 15:46:12 - [MESSAGE][PASSED] - Delayed 1 second(s)

2019-08-02 15:46:12 - [MESSAGE][PASSED] - ZZ.pdf exist in G:/Sabareesh/Personal/USGBC_NewApproach1/USGBC_LEED/Include/TestData/DownloadedFiles and was deleted

2019-08-02 15:46:12 - [MESSAGE][PASSED] - 

2019-08-02 15:46:12 - [MESSAGE][PASSED] - Actual text 'ZZ.pdf' and expected text 'ZZ.pdf' are matched 

2019-08-02 15:46:14 - [MESSAGE][PASSED] - Delayed 2 second(s)

2019-08-02 15:46:16 - [MESSAGE][PASSED] - Delayed 2 second(s)

2019-08-02 15:46:21 - [MESSAGE][PASSED] - Delayed 5 second(s)

2019-08-02 15:46:21 - [MESSAGE][PASSED] - Object: '' is clicked on

2019-08-02 15:46:21 - [MESSAGE][PASSED] - Text of object '' is: 'COO_1.pdf'

2019-08-02 15:46:26 - [MESSAGE][PASSED] - Delayed 5 second(s)

2019-08-02 15:46:26 - [MESSAGE][PASSED] - Object: '' is hovered

2019-08-02 15:46:28 - [MESSAGE][PASSED] - Delayed 2 second(s)

2019-08-02 15:46:30 - [MESSAGE][PASSED] - Delayed 2 second(s)

2019-08-02 15:46:35 - [MESSAGE][PASSED] - Delayed 5 second(s)

2019-08-02 15:46:35 - [MESSAGE][PASSED] - Object: '' is clicked on

2019-08-02 15:46:35 - [MESSAGE][PASSED] - Text of object '' is: 'ZZ.pdf'

2019-08-02 15:46:40 - [MESSAGE][PASSED] - Delayed 5 second(s)

2019-08-02 15:46:40 - [MESSAGE][PASSED] - Object: '' is hovered

2019-08-02 15:46:42 - [MESSAGE][PASSED] - Delayed 2 second(s)

2019-08-02 15:46:47 - [MESSAGE][PASSED] - Delayed 5 second(s)

2019-08-02 15:46:50 - [MESSAGE][PASSED] - Delayed 2 second(s)

2019-08-02 15:46:51 - [MESSAGE][PASSED] - Delayed 1 second(s)

2019-08-02 15:46:51 - [MESSAGE][PASSED] - COO_1.pdf exist in G:/Sabareesh/Personal/USGBC_NewApproach1/USGBC_LEED/Include/TestData/DownloadedFiles and was deleted

2019-08-02 15:46:51 - [MESSAGE][PASSED] - 

2019-08-02 15:46:51 - [MESSAGE][PASSED] - Actual text 'COO_1.pdf' and expected text 'COO_1.pdf' are matched 

2019-08-02 15:46:53 - [MESSAGE][PASSED] - Delayed 2 second(s)

2019-08-02 15:46:55 - [MESSAGE][PASSED] - Delayed 2 second(s)

2019-08-02 15:46:56 - [MESSAGE][PASSED] - Delayed 1 second(s)

2019-08-02 15:46:56 - [MESSAGE][PASSED] - ZZ.pdf exist in G:/Sabareesh/Personal/USGBC_NewApproach1/USGBC_LEED/Include/TestData/DownloadedFiles and was deleted

2019-08-02 15:46:56 - [MESSAGE][PASSED] - 

2019-08-02 15:46:56 - [MESSAGE][PASSED] - Actual text 'ZZ.pdf' and expected text 'ZZ.pdf' are matched 

2019-08-02 15:46:58 - [MESSAGE][PASSED] - Delayed 2 second(s)

2019-08-02 15:47:00 - [MESSAGE][PASSED] - Delayed 2 second(s)

2019-08-02 15:47:05 - [MESSAGE][PASSED] - Delayed 5 second(s)

2019-08-02 15:47:05 - [MESSAGE][PASSED] - Object: '' is clicked on

2019-08-02 15:47:05 - [MESSAGE][PASSED] - Text of object '' is: 'COO_1.pdf'

2019-08-02 15:47:10 - [MESSAGE][PASSED] - Delayed 5 second(s)

2019-08-02 15:47:10 - [MESSAGE][PASSED] - Object: '' is hovered

2019-08-02 15:47:12 - [MESSAGE][PASSED] - Delayed 2 second(s)

2019-08-02 15:47:14 - [MESSAGE][PASSED] - Delayed 2 second(s)

2019-08-02 15:47:19 - [MESSAGE][PASSED] - Delayed 5 second(s)

2019-08-02 15:47:19 - [MESSAGE][PASSED] - Object: '' is clicked on

2019-08-02 15:47:19 - [MESSAGE][PASSED] - Text of object '' is: 'ZZ.pdf'

2019-08-02 15:47:24 - [MESSAGE][PASSED] - Delayed 5 second(s)

2019-08-02 15:47:24 - [MESSAGE][PASSED] - Object: '' is hovered

2019-08-02 15:47:26 - [MESSAGE][PASSED] - Delayed 2 second(s)

2019-08-02 15:47:31 - [MESSAGE][PASSED] - Delayed 5 second(s)

2019-08-02 15:47:33 - [MESSAGE][PASSED] - Delayed 2 second(s)

2019-08-02 15:47:35 - [MESSAGE][PASSED] - Delayed 1 second(s)

2019-08-02 15:47:35 - [MESSAGE][PASSED] - COO_1.pdf exist in G:/Sabareesh/Personal/USGBC_NewApproach1/USGBC_LEED/Include/TestData/DownloadedFiles and was deleted

2019-08-02 15:47:35 - [MESSAGE][PASSED] - 

2019-08-02 15:47:35 - [MESSAGE][PASSED] - Actual text 'COO_1.pdf' and expected text 'COO_1.pdf' are matched 

2019-08-02 15:47:37 - [MESSAGE][PASSED] - Delayed 2 second(s)

2019-08-02 15:47:39 - [MESSAGE][PASSED] - Delayed 2 second(s)

2019-08-02 15:47:40 - [MESSAGE][PASSED] - Delayed 1 second(s)

2019-08-02 15:47:40 - [MESSAGE][PASSED] - ZZ.pdf exist in G:/Sabareesh/Personal/USGBC_NewApproach1/USGBC_LEED/Include/TestData/DownloadedFiles and was deleted

2019-08-02 15:47:40 - [MESSAGE][PASSED] - 

2019-08-02 15:47:40 - [MESSAGE][PASSED] - Actual text 'ZZ.pdf' and expected text 'ZZ.pdf' are matched 

2019-08-02 15:47:42 - [MESSAGE][PASSED] - Delayed 2 second(s)

2019-08-02 15:47:44 - [MESSAGE][PASSED] - Delayed 2 second(s)

2019-08-02 15:47:49 - [MESSAGE][PASSED] - Delayed 5 second(s)

2019-08-02 15:47:49 - [MESSAGE][PASSED] - Object: '' is clicked on

2019-08-02 15:47:49 - [MESSAGE][PASSED] - Text of object '' is: 'COO_1.pdf'

2019-08-02 15:47:54 - [MESSAGE][PASSED] - Delayed 5 second(s)

2019-08-02 15:47:54 - [MESSAGE][PASSED] - Object: '' is hovered

2019-08-02 15:47:56 - [MESSAGE][PASSED] - Delayed 2 second(s)

2019-08-02 15:47:58 - [MESSAGE][PASSED] - Delayed 2 second(s)

2019-08-02 15:48:03 - [MESSAGE][PASSED] - Delayed 5 second(s)

2019-08-02 15:48:03 - [MESSAGE][PASSED] - Object: '' is clicked on

2019-08-02 15:48:03 - [MESSAGE][PASSED] - Text of object '' is: 'ZZ.pdf'

2019-08-02 15:48:08 - [MESSAGE][PASSED] - Delayed 5 second(s)

2019-08-02 15:48:08 - [MESSAGE][PASSED] - Object: '' is hovered

2019-08-02 15:48:10 - [MESSAGE][PASSED] - Delayed 2 second(s)

2019-08-02 15:48:15 - [MESSAGE][PASSED] - Delayed 5 second(s)

2019-08-02 15:48:18 - [MESSAGE][PASSED] - Delayed 2 second(s)

2019-08-02 15:48:19 - [MESSAGE][PASSED] - Delayed 1 second(s)

2019-08-02 15:48:19 - [MESSAGE][PASSED] - COO_1.pdf exist in G:/Sabareesh/Personal/USGBC_NewApproach1/USGBC_LEED/Include/TestData/DownloadedFiles and was deleted

2019-08-02 15:48:19 - [MESSAGE][PASSED] - 

2019-08-02 15:48:19 - [MESSAGE][PASSED] - Actual text 'COO_1.pdf' and expected text 'COO_1.pdf' are matched 

2019-08-02 15:48:21 - [MESSAGE][PASSED] - Delayed 2 second(s)

2019-08-02 15:48:23 - [MESSAGE][PASSED] - Delayed 2 second(s)

2019-08-02 15:48:24 - [MESSAGE][PASSED] - Delayed 1 second(s)

2019-08-02 15:48:24 - [MESSAGE][PASSED] - ZZ.pdf exist in G:/Sabareesh/Personal/USGBC_NewApproach1/USGBC_LEED/Include/TestData/DownloadedFiles and was deleted

2019-08-02 15:48:24 - [MESSAGE][PASSED] - 

2019-08-02 15:48:24 - [MESSAGE][PASSED] - Actual text 'ZZ.pdf' and expected text 'ZZ.pdf' are matched 

2019-08-02 15:48:26 - [MESSAGE][PASSED] - Delayed 2 second(s)

2019-08-02 15:48:28 - [MESSAGE][PASSED] - Delayed 2 second(s)

2019-08-02 15:48:33 - [MESSAGE][PASSED] - Delayed 5 second(s)

2019-08-02 15:48:33 - [MESSAGE][PASSED] - Object: '' is clicked on

2019-08-02 15:48:33 - [MESSAGE][PASSED] - Text of object '' is: 'ZZ.pdf'

2019-08-02 15:48:38 - [MESSAGE][PASSED] - Delayed 5 second(s)

2019-08-02 15:48:38 - [MESSAGE][PASSED] - Object: '' is hovered

2019-08-02 15:48:40 - [MESSAGE][PASSED] - Delayed 2 second(s)

2019-08-02 15:48:42 - [MESSAGE][PASSED] - Delayed 2 second(s)

2019-08-02 15:48:47 - [MESSAGE][PASSED] - Delayed 5 second(s)

2019-08-02 15:48:47 - [MESSAGE][PASSED] - Object: '' is clicked on

2019-08-02 15:48:47 - [MESSAGE][PASSED] - Text of object '' is: 'COO_1.pdf'

2019-08-02 15:48:52 - [MESSAGE][PASSED] - Delayed 5 second(s)

2019-08-02 15:48:52 - [MESSAGE][PASSED] - Object: '' is hovered

2019-08-02 15:48:54 - [MESSAGE][PASSED] - Delayed 2 second(s)

2019-08-02 15:48:59 - [MESSAGE][PASSED] - Delayed 5 second(s)

2019-08-02 15:49:01 - [MESSAGE][PASSED] - Delayed 2 second(s)

2019-08-02 15:49:02 - [MESSAGE][PASSED] - Delayed 1 second(s)

2019-08-02 15:49:02 - [MESSAGE][PASSED] - COO_1.pdf exist in G:/Sabareesh/Personal/USGBC_NewApproach1/USGBC_LEED/Include/TestData/DownloadedFiles and was deleted

2019-08-02 15:49:02 - [MESSAGE][PASSED] - 

2019-08-02 15:49:02 - [MESSAGE][PASSED] - Actual text 'COO_1.pdf' and expected text 'COO_1.pdf' are matched 

2019-08-02 15:49:04 - [MESSAGE][PASSED] - Delayed 2 second(s)

2019-08-02 15:49:06 - [MESSAGE][PASSED] - Delayed 2 second(s)

2019-08-02 15:49:07 - [MESSAGE][PASSED] - Delayed 1 second(s)

2019-08-02 15:49:07 - [MESSAGE][PASSED] - ZZ.pdf exist in G:/Sabareesh/Personal/USGBC_NewApproach1/USGBC_LEED/Include/TestData/DownloadedFiles and was deleted

2019-08-02 15:49:07 - [MESSAGE][PASSED] - 

2019-08-02 15:49:07 - [MESSAGE][PASSED] - Actual text 'ZZ.pdf' and expected text 'ZZ.pdf' are matched 

2019-08-02 15:49:09 - [MESSAGE][PASSED] - Delayed 2 second(s)

2019-08-02 15:49:12 - [MESSAGE][PASSED] - Delayed 2 second(s)

2019-08-02 15:49:17 - [MESSAGE][PASSED] - Delayed 5 second(s)

2019-08-02 15:49:17 - [MESSAGE][PASSED] - Object: '' is clicked on

2019-08-02 15:49:17 - [MESSAGE][PASSED] - Text of object '' is: 'COO_1.pdf'

2019-08-02 15:49:22 - [MESSAGE][PASSED] - Delayed 5 second(s)

2019-08-02 15:49:22 - [MESSAGE][PASSED] - Object: '' is hovered

2019-08-02 15:49:24 - [MESSAGE][PASSED] - Delayed 2 second(s)

2019-08-02 15:49:26 - [MESSAGE][PASSED] - Delayed 2 second(s)

2019-08-02 15:49:31 - [MESSAGE][PASSED] - Delayed 5 second(s)

2019-08-02 15:49:31 - [MESSAGE][PASSED] - Object: '' is clicked on

2019-08-02 15:49:31 - [MESSAGE][PASSED] - Text of object '' is: 'ZZ.pdf'

2019-08-02 15:49:36 - [MESSAGE][PASSED] - Delayed 5 second(s)

2019-08-02 15:49:36 - [MESSAGE][PASSED] - Object: '' is hovered

2019-08-02 15:49:38 - [MESSAGE][PASSED] - Delayed 2 second(s)

2019-08-02 15:49:43 - [MESSAGE][PASSED] - Delayed 5 second(s)

2019-08-02 15:49:45 - [MESSAGE][PASSED] - Delayed 2 second(s)

2019-08-02 15:49:46 - [MESSAGE][PASSED] - Delayed 1 second(s)

2019-08-02 15:49:46 - [MESSAGE][PASSED] - COO_1.pdf exist in G:/Sabareesh/Personal/USGBC_NewApproach1/USGBC_LEED/Include/TestData/DownloadedFiles and was deleted

2019-08-02 15:49:46 - [MESSAGE][PASSED] - 

2019-08-02 15:49:46 - [MESSAGE][PASSED] - Actual text 'COO_1.pdf' and expected text 'COO_1.pdf' are matched 

2019-08-02 15:49:48 - [MESSAGE][PASSED] - Delayed 2 second(s)

2019-08-02 15:49:50 - [MESSAGE][PASSED] - Delayed 2 second(s)

2019-08-02 15:49:51 - [MESSAGE][PASSED] - Delayed 1 second(s)

2019-08-02 15:49:51 - [MESSAGE][PASSED] - ZZ.pdf exist in G:/Sabareesh/Personal/USGBC_NewApproach1/USGBC_LEED/Include/TestData/DownloadedFiles and was deleted

2019-08-02 15:49:51 - [MESSAGE][PASSED] - 

2019-08-02 15:49:51 - [MESSAGE][PASSED] - Actual text 'ZZ.pdf' and expected text 'ZZ.pdf' are matched 

2019-08-02 15:49:53 - [MESSAGE][PASSED] - Delayed 2 second(s)

2019-08-02 15:49:54 - [MESSAGE][PASSED] - Object: '' is clicked on

2019-08-02 15:49:56 - [MESSAGE][PASSED] - Delayed 2 second(s)

2019-08-02 15:49:56 - [MESSAGE][PASSED] - Object: '' is clicked on

2019-08-02 15:49:59 - [MESSAGE][PASSED] - Delayed 3 second(s)

2019-08-02 15:49:59 - [MESSAGE][PASSED] - Object '' is present

2019-08-02 15:50:01 - [MESSAGE][PASSED] - Delayed 2 second(s)

2019-08-02 15:50:06 - [MESSAGE][PASSED] - Delayed 5 second(s)

2019-08-02 15:50:06 - [MESSAGE][PASSED] - Object: '' is clicked on

2019-08-02 15:50:08 - [MESSAGE][PASSED] - Delayed 2 second(s)

2019-08-02 15:50:08 - [MESSAGE][PASSED] - Object: '' is clicked on

2019-08-02 15:50:10 - [MESSAGE][PASSED] - Delayed 2 second(s)

2019-08-02 15:50:12 - [MESSAGE][PASSED] - Delayed 2 second(s)

2019-08-02 15:50:17 - [MESSAGE][PASSED] - Delayed 5 second(s)

2019-08-02 15:50:17 - [MESSAGE][PASSED] - Object: '' is clicked on

2019-08-02 15:50:19 - [MESSAGE][PASSED] - Delayed 2 second(s)

2019-08-02 15:50:19 - [MESSAGE][PASSED] - Object: '' is clicked on

2019-08-02 15:50:22 - [MESSAGE][PASSED] - Delayed 2 second(s)

2019-08-02 15:50:27 - [MESSAGE][PASSED] - Delayed 5 second(s)

2019-08-02 15:50:27 - [MESSAGE][PASSED] - Web element with id: '' located by 'By.xpath: (//table[@class='ui collapsing celled table unstackable'])[6]' is not present after '2' second(s)

2019-08-02 15:50:29 - [MESSAGE][PASSED] - Delayed 2 second(s)

2019-08-02 15:50:34 - [MESSAGE][PASSED] - Delayed 5 second(s)

2019-08-02 15:50:34 - [MESSAGE][PASSED] - Object: '' is clicked on

2019-08-02 15:50:36 - [MESSAGE][PASSED] - Delayed 2 second(s)

2019-08-02 15:50:36 - [MESSAGE][PASSED] - Object: '' is clicked on

2019-08-02 15:50:38 - [MESSAGE][PASSED] - Delayed 2 second(s)

2019-08-02 15:50:40 - [MESSAGE][PASSED] - Delayed 2 second(s)

2019-08-02 15:50:45 - [MESSAGE][PASSED] - Delayed 5 second(s)

2019-08-02 15:50:45 - [MESSAGE][PASSED] - Object: '' is clicked on

2019-08-02 15:50:47 - [MESSAGE][PASSED] - Delayed 2 second(s)

2019-08-02 15:50:47 - [MESSAGE][PASSED] - Object: '' is clicked on

2019-08-02 15:50:49 - [MESSAGE][PASSED] - Delayed 2 second(s)

2019-08-02 15:50:54 - [MESSAGE][PASSED] - Delayed 5 second(s)

2019-08-02 15:50:54 - [MESSAGE][PASSED] - Web element with id: '' located by 'By.xpath: (//table[@class='ui collapsing celled table unstackable'])[5]' is not present after '2' second(s)

2019-08-02 15:50:56 - [MESSAGE][PASSED] - Delayed 2 second(s)

2019-08-02 15:51:01 - [MESSAGE][PASSED] - Delayed 5 second(s)

2019-08-02 15:51:02 - [MESSAGE][PASSED] - Object: '' is clicked on

2019-08-02 15:51:04 - [MESSAGE][PASSED] - Delayed 2 second(s)

2019-08-02 15:51:04 - [MESSAGE][PASSED] - Object: '' is clicked on

2019-08-02 15:51:06 - [MESSAGE][PASSED] - Delayed 2 second(s)

2019-08-02 15:51:08 - [MESSAGE][PASSED] - Delayed 2 second(s)

2019-08-02 15:51:13 - [MESSAGE][PASSED] - Delayed 5 second(s)

2019-08-02 15:51:13 - [MESSAGE][PASSED] - Object: '' is clicked on

2019-08-02 15:51:15 - [MESSAGE][PASSED] - Delayed 2 second(s)

2019-08-02 15:51:15 - [MESSAGE][PASSED] - Object: '' is clicked on

2019-08-02 15:51:17 - [MESSAGE][PASSED] - Delayed 2 second(s)

2019-08-02 15:51:22 - [MESSAGE][PASSED] - Delayed 5 second(s)

2019-08-02 15:51:22 - [MESSAGE][PASSED] - Web element with id: '' located by 'By.xpath: (//table[@class='ui collapsing celled table unstackable'])[4]' is not present after '2' second(s)

2019-08-02 15:51:24 - [MESSAGE][PASSED] - Delayed 2 second(s)

2019-08-02 15:51:29 - [MESSAGE][PASSED] - Delayed 5 second(s)

2019-08-02 15:51:29 - [MESSAGE][PASSED] - Object: '' is clicked on

2019-08-02 15:51:31 - [MESSAGE][PASSED] - Delayed 2 second(s)

2019-08-02 15:51:31 - [MESSAGE][PASSED] - Object: '' is clicked on

2019-08-02 15:51:33 - [MESSAGE][PASSED] - Delayed 2 second(s)

2019-08-02 15:51:35 - [MESSAGE][PASSED] - Delayed 2 second(s)

2019-08-02 15:51:41 - [MESSAGE][PASSED] - Delayed 5 second(s)

2019-08-02 15:51:41 - [MESSAGE][PASSED] - Object: '' is clicked on

2019-08-02 15:51:43 - [MESSAGE][PASSED] - Delayed 2 second(s)

2019-08-02 15:51:43 - [MESSAGE][PASSED] - Object: '' is clicked on

2019-08-02 15:51:45 - [MESSAGE][PASSED] - Delayed 2 second(s)

2019-08-02 15:51:50 - [MESSAGE][PASSED] - Delayed 5 second(s)

2019-08-02 15:51:50 - [MESSAGE][PASSED] - Web element with id: '' located by 'By.xpath: (//table[@class='ui collapsing celled table unstackable'])[3]' is not present after '2' second(s)

2019-08-02 15:51:52 - [MESSAGE][PASSED] - Delayed 2 second(s)

2019-08-02 15:51:57 - [MESSAGE][PASSED] - Delayed 5 second(s)

2019-08-02 15:51:57 - [MESSAGE][PASSED] - Object: '' is clicked on

2019-08-02 15:51:59 - [MESSAGE][PASSED] - Delayed 2 second(s)

2019-08-02 15:51:59 - [MESSAGE][PASSED] - Object: '' is clicked on

2019-08-02 15:52:01 - [MESSAGE][PASSED] - Delayed 2 second(s)

2019-08-02 15:52:03 - [MESSAGE][PASSED] - Delayed 2 second(s)

2019-08-02 15:52:08 - [MESSAGE][PASSED] - Delayed 5 second(s)

2019-08-02 15:52:08 - [MESSAGE][PASSED] - Object: '' is clicked on

2019-08-02 15:52:10 - [MESSAGE][PASSED] - Delayed 2 second(s)

2019-08-02 15:52:11 - [MESSAGE][PASSED] - Object: '' is clicked on

2019-08-02 15:52:13 - [MESSAGE][PASSED] - Delayed 2 second(s)

2019-08-02 15:52:18 - [MESSAGE][PASSED] - Delayed 5 second(s)

2019-08-02 15:52:18 - [MESSAGE][PASSED] - Web element with id: '' located by 'By.xpath: (//table[@class='ui collapsing celled table unstackable'])[2]' is not present after '2' second(s)

2019-08-02 15:52:20 - [MESSAGE][PASSED] - Delayed 2 second(s)

2019-08-02 15:52:25 - [MESSAGE][PASSED] - Delayed 5 second(s)

2019-08-02 15:52:25 - [MESSAGE][PASSED] - Object: '' is clicked on

2019-08-02 15:52:27 - [MESSAGE][PASSED] - Delayed 2 second(s)

2019-08-02 15:52:27 - [MESSAGE][PASSED] - Object: '' is clicked on

2019-08-02 15:52:29 - [MESSAGE][PASSED] - Delayed 2 second(s)

2019-08-02 15:52:31 - [MESSAGE][PASSED] - Delayed 2 second(s)

2019-08-02 15:52:36 - [MESSAGE][PASSED] - Delayed 5 second(s)

2019-08-02 15:52:36 - [MESSAGE][PASSED] - Object: '' is clicked on

2019-08-02 15:52:38 - [MESSAGE][PASSED] - Delayed 2 second(s)

2019-08-02 15:52:38 - [MESSAGE][PASSED] - Object: '' is clicked on

2019-08-02 15:52:40 - [MESSAGE][PASSED] - Delayed 2 second(s)

2019-08-02 15:52:45 - [MESSAGE][PASSED] - Delayed 5 second(s)

2019-08-02 15:52:45 - [MESSAGE][PASSED] - Web element with id: '' located by 'By.xpath: (//table[@class='ui collapsing celled table unstackable'])[1]' is not present after '2' second(s)

2019-08-02 15:52:45 - [TEST_CASE][PASSED] - Test Cases/TC_Login: Test Cases/TC_Login

2019-08-02 15:52:45 - [TEST_STEP][PASSED] - runWithCucumberRunner(common.LoginRunner): Run with 'common.LoginRunner' was passed

2019-08-02 15:52:46 - [MESSAGE][WARNING] - A browser is already opened. Closing browser and opening a new one

2019-08-02 15:52:47 - [MESSAGE][INFO] - Starting 'Chrome' driver

2019-08-02 15:52:49 - [MESSAGE][PASSED] - Browser is opened with url: ''

2019-08-02 15:52:50 - [MESSAGE][PASSED] - Current window maximized

2019-08-02 15:52:52 - [MESSAGE][PASSED] - Navigate to 'https://leedonline-stg.usgbc.org' successfully

2019-08-02 15:52:52 - [MESSAGE][PASSED] - Text 'automationbdd9@gmail.com' is set on object ''

2019-08-02 15:52:52 - [MESSAGE][PASSED] - Text 'initpass' is set on object ''

2019-08-02 15:52:55 - [MESSAGE][PASSED] - Delayed 3 second(s)

2019-08-02 15:52:55 - [MESSAGE][PASSED] - Scroll to object '' successfully

2019-08-02 15:52:55 - [MESSAGE][PASSED] - Object '' is checked

2019-08-02 15:52:59 - [MESSAGE][PASSED] - Delayed 4 second(s)

2019-08-02 15:53:00 - [MESSAGE][PASSED] - The form containing object: '' is submitted

2019-08-02 15:53:00 - [MESSAGE][PASSED] - Run with 'common.LoginRunner' was passed

2019-08-02 15:53:00 - [MESSAGE][PASSED] - Call Test Case 'Test Cases/TC_Login' successfully

2019-08-02 15:53:08 - [MESSAGE][PASSED] - Object: '' is clicked on

2019-08-02 15:53:09 - [MESSAGE][PASSED] - Object: '' is clicked on

2019-08-02 15:53:11 - [MESSAGE][PASSED] - Delayed 2 second(s)

2019-08-02 15:53:11 - [MESSAGE][PASSED] - Text of object '' is: 'READY FOR REVIEW'

2019-08-02 15:53:11 - [MESSAGE][PASSED] - Object: '' is clicked on

2019-08-02 15:53:16 - [MESSAGE][PASSED] - Delayed 5 second(s)

2019-08-02 15:53:19 - [MESSAGE][PASSED] - Delayed 3 second(s)

2019-08-02 15:53:21 - [MESSAGE][PASSED] - Delayed 2 second(s)

2019-08-02 15:53:22 - [MESSAGE][PASSED] - Object: '' is clicked on

2019-08-02 15:53:22 - [MESSAGE][PASSED] - Text of object '' is: 'Project Information'

2019-08-02 15:53:25 - [MESSAGE][PASSED] - Delayed 3 second(s)

2019-08-02 15:53:28 - [MESSAGE][PASSED] - Object: '' is clicked on

2019-08-02 15:53:33 - [MESSAGE][PASSED] - Delayed 5 second(s)

2019-08-02 15:53:34 - [MESSAGE][PASSED] - Text 'Because I see the mind is the most important.NVZG2' is set on object ''

2019-08-02 15:53:36 - [MESSAGE][PASSED] - Delayed 2 second(s)

2019-08-02 15:53:36 - [MESSAGE][PASSED] - Text of object '' is: 'Because I see the mind is the most important.NVZG2'

2019-08-02 15:53:36 - [MESSAGE][PASSED] - Actual text 'Because I see the mind is the most important.NVZG2' and expected text 'Because I see the mind is the most important.NVZG2' are matched 

2019-08-02 15:53:46 - [MESSAGE][PASSED] - Delayed 10 second(s)

2019-08-02 15:53:46 - [MESSAGE][PASSED] - Text of object '' is: 'Last draft saved on: 02 Aug 2019 03:53:38 PM  Clear draft'

2019-08-02 15:53:46 - [MESSAGE][PASSED] - Actual text 'null' and expected text 'Last draft saved on: 02 Aug 2019 03:53:38 PM  Clear draft' are not matched 

2019-08-02 15:53:56 - [MESSAGE][PASSED] - Delayed 10 second(s)

2019-08-02 15:53:56 - [MESSAGE][PASSED] - Text of object '' is: 'Last draft saved on: 02 Aug 2019 03:53:38 PM  Clear draft'

2019-08-02 15:53:56 - [MESSAGE][PASSED] - Actual text 'Last draft saved on: 02 Aug 2019 03:53:38 PM  Clear draft' and expected text 'Last draft saved on: 02 Aug 2019 03:53:38 PM  Clear draft' are matched 

2019-08-02 15:53:56 - [MESSAGE][PASSED] - Object '' has attribute 'class' with value 'tiny ui button'

2019-08-02 15:54:03 - [MESSAGE][PASSED] - Delayed 7 second(s)

2019-08-02 15:54:03 - [MESSAGE][PASSED] - File 'G:\Sabareesh\Personal\USGBC_NewApproach1\USGBC_LEED\Include\TestData\FilesToUpload\COO_1.pdf' sent to object: ''

2019-08-02 15:54:03 - [MESSAGE][PASSED] - Object '' has attribute 'class' with value 'tiny ui button'

2019-08-02 15:54:10 - [MESSAGE][PASSED] - Delayed 7 second(s)

2019-08-02 15:54:10 - [MESSAGE][PASSED] - File 'G:\Sabareesh\Personal\USGBC_NewApproach1\USGBC_LEED\Include\TestData\FilesToUpload\ZZ.pdf' sent to object: ''

2019-08-02 15:54:13 - [MESSAGE][PASSED] - Delayed 3 second(s)

2019-08-02 15:54:13 - [MESSAGE][PASSED] - Object '' has attribute 'class' with value 'tiny ui button'

2019-08-02 15:54:20 - [MESSAGE][PASSED] - Delayed 7 second(s)

2019-08-02 15:54:20 - [MESSAGE][PASSED] - File 'G:\Sabareesh\Personal\USGBC_NewApproach1\USGBC_LEED\Include\TestData\FilesToUpload\COO_1.pdf' sent to object: ''

2019-08-02 15:54:20 - [MESSAGE][PASSED] - Object '' has attribute 'class' with value 'tiny ui button'

2019-08-02 15:54:27 - [MESSAGE][PASSED] - Delayed 7 second(s)

2019-08-02 15:54:27 - [MESSAGE][PASSED] - File 'G:\Sabareesh\Personal\USGBC_NewApproach1\USGBC_LEED\Include\TestData\FilesToUpload\ZZ.pdf' sent to object: ''

2019-08-02 15:54:30 - [MESSAGE][PASSED] - Delayed 3 second(s)

2019-08-02 15:54:31 - [MESSAGE][PASSED] - Object '' has attribute 'class' with value 'tiny ui button'

2019-08-02 15:54:38 - [MESSAGE][PASSED] - Delayed 7 second(s)

2019-08-02 15:54:38 - [MESSAGE][PASSED] - File 'G:\Sabareesh\Personal\USGBC_NewApproach1\USGBC_LEED\Include\TestData\FilesToUpload\COO_1.pdf' sent to object: ''

2019-08-02 15:54:38 - [MESSAGE][PASSED] - Object '' has attribute 'class' with value 'tiny ui button'

2019-08-02 15:54:45 - [MESSAGE][PASSED] - Delayed 7 second(s)

2019-08-02 15:54:45 - [MESSAGE][PASSED] - File 'G:\Sabareesh\Personal\USGBC_NewApproach1\USGBC_LEED\Include\TestData\FilesToUpload\ZZ.pdf' sent to object: ''

2019-08-02 15:54:48 - [MESSAGE][PASSED] - Delayed 3 second(s)

2019-08-02 15:54:48 - [MESSAGE][PASSED] - Object '' has attribute 'class' with value 'tiny ui button'

2019-08-02 15:54:55 - [MESSAGE][PASSED] - Delayed 7 second(s)

2019-08-02 15:54:55 - [MESSAGE][PASSED] - File 'G:\Sabareesh\Personal\USGBC_NewApproach1\USGBC_LEED\Include\TestData\FilesToUpload\COO_1.pdf' sent to object: ''

2019-08-02 15:54:55 - [MESSAGE][PASSED] - Object '' has attribute 'class' with value 'tiny ui button'

2019-08-02 15:55:02 - [MESSAGE][PASSED] - Delayed 7 second(s)

2019-08-02 15:55:02 - [MESSAGE][PASSED] - File 'G:\Sabareesh\Personal\USGBC_NewApproach1\USGBC_LEED\Include\TestData\FilesToUpload\ZZ.pdf' sent to object: ''

2019-08-02 15:55:05 - [MESSAGE][PASSED] - Delayed 3 second(s)

2019-08-02 15:55:05 - [MESSAGE][PASSED] - Object '' has attribute 'class' with value 'tiny ui button'

2019-08-02 15:55:12 - [MESSAGE][PASSED] - Delayed 7 second(s)

2019-08-02 15:55:12 - [MESSAGE][PASSED] - File 'G:\Sabareesh\Personal\USGBC_NewApproach1\USGBC_LEED\Include\TestData\FilesToUpload\COO_1.pdf' sent to object: ''

2019-08-02 15:55:12 - [MESSAGE][PASSED] - Object '' has attribute 'class' with value 'tiny ui button'

2019-08-02 15:55:19 - [MESSAGE][PASSED] - Delayed 7 second(s)

2019-08-02 15:55:19 - [MESSAGE][PASSED] - File 'G:\Sabareesh\Personal\USGBC_NewApproach1\USGBC_LEED\Include\TestData\FilesToUpload\ZZ.pdf' sent to object: ''

2019-08-02 15:55:22 - [MESSAGE][PASSED] - Delayed 3 second(s)

2019-08-02 15:55:22 - [MESSAGE][PASSED] - Object '' has attribute 'class' with value 'tiny ui button'

2019-08-02 15:55:29 - [MESSAGE][PASSED] - Delayed 7 second(s)

2019-08-02 15:55:29 - [MESSAGE][PASSED] - File 'G:\Sabareesh\Personal\USGBC_NewApproach1\USGBC_LEED\Include\TestData\FilesToUpload\COO_1.pdf' sent to object: ''

2019-08-02 15:55:29 - [MESSAGE][PASSED] - Object '' has attribute 'class' with value 'tiny ui button'

2019-08-02 15:55:36 - [MESSAGE][PASSED] - Delayed 7 second(s)

2019-08-02 15:55:36 - [MESSAGE][PASSED] - File 'G:\Sabareesh\Personal\USGBC_NewApproach1\USGBC_LEED\Include\TestData\FilesToUpload\ZZ.pdf' sent to object: ''

2019-08-02 15:55:39 - [MESSAGE][PASSED] - Delayed 3 second(s)

2019-08-02 15:55:49 - [MESSAGE][PASSED] - Delayed 10 second(s)

2019-08-02 15:55:49 - [MESSAGE][PASSED] - Text of object '' is: 'Last draft saved on: 02 Aug 2019 03:53:38 PM  Clear draft'

2019-08-02 15:55:49 - [MESSAGE][PASSED] - Actual text 'Last draft saved on: 02 Aug 2019 03:53:38 PM  Clear draft' and expected text 'Last draft saved on: 02 Aug 2019 03:53:38 PM  Clear draft' are matched 

2019-08-02 15:56:00 - [MESSAGE][PASSED] - Delayed 10 second(s)

2019-08-02 15:56:00 - [MESSAGE][PASSED] - Text of object '' is: 'Last draft saved on: 02 Aug 2019 03:55:58 PM  Clear draft'

2019-08-02 15:56:00 - [MESSAGE][PASSED] - Actual text 'Last draft saved on: 02 Aug 2019 03:53:38 PM  Clear draft' and expected text 'Last draft saved on: 02 Aug 2019 03:55:58 PM  Clear draft' are not matched 

2019-08-02 15:56:00 - [MESSAGE][PASSED] - Object: '' is clicked on

2019-08-02 15:56:02 - [MESSAGE][PASSED] - Object: '' is clicked on

2019-08-02 15:56:04 - [MESSAGE][PASSED] - Delayed 2 second(s)

2019-08-02 15:56:04 - [TEST_CASE][PASSED] - Test Cases/TC_Login: Test Cases/TC_Login

2019-08-02 15:56:04 - [TEST_STEP][PASSED] - runWithCucumberRunner(common.LoginRunner): Run with 'common.LoginRunner' was passed

2019-08-02 15:56:04 - [MESSAGE][WARNING] - A browser is already opened. Closing browser and opening a new one

2019-08-02 15:56:05 - [MESSAGE][INFO] - Starting 'Chrome' driver

2019-08-02 15:56:07 - [MESSAGE][PASSED] - Browser is opened with url: ''

2019-08-02 15:56:08 - [MESSAGE][PASSED] - Current window maximized

2019-08-02 15:56:10 - [MESSAGE][PASSED] - Navigate to 'https://leedonline-stg.usgbc.org' successfully

2019-08-02 15:56:10 - [MESSAGE][PASSED] - Text 'automationbdd9@gmail.com' is set on object ''

2019-08-02 15:56:11 - [MESSAGE][PASSED] - Text 'initpass' is set on object ''

2019-08-02 15:56:14 - [MESSAGE][PASSED] - Delayed 3 second(s)

2019-08-02 15:56:14 - [MESSAGE][PASSED] - Scroll to object '' successfully

2019-08-02 15:56:14 - [MESSAGE][PASSED] - Object '' is checked

2019-08-02 15:56:18 - [MESSAGE][PASSED] - Delayed 4 second(s)

2019-08-02 15:56:18 - [MESSAGE][PASSED] - The form containing object: '' is submitted

2019-08-02 15:56:18 - [MESSAGE][PASSED] - Run with 'common.LoginRunner' was passed

2019-08-02 15:56:18 - [MESSAGE][PASSED] - Call Test Case 'Test Cases/TC_Login' successfully

2019-08-02 15:56:20 - [MESSAGE][PASSED] - Delayed 2 second(s)

2019-08-02 15:56:26 - [MESSAGE][PASSED] - Object: '' is clicked on

2019-08-02 15:56:28 - [MESSAGE][PASSED] - Delayed 2 second(s)

2019-08-02 15:56:30 - [MESSAGE][PASSED] - Object: '' is clicked on

2019-08-02 15:56:32 - [MESSAGE][PASSED] - Delayed 2 second(s)

2019-08-02 15:56:34 - [MESSAGE][PASSED] - Delayed 2 second(s)

2019-08-02 15:56:34 - [MESSAGE][PASSED] - Object: '' is clicked on

2019-08-02 15:56:34 - [MESSAGE][PASSED] - Text of object '' is: 'Project Information'

2019-08-02 15:56:37 - [MESSAGE][PASSED] - Delayed 3 second(s)

2019-08-02 15:56:40 - [MESSAGE][PASSED] - Object: '' is clicked on

2019-08-02 15:56:44 - [MESSAGE][PASSED] - Delayed 4 second(s)

2019-08-02 15:56:44 - [MESSAGE][PASSED] - Object '' is present

2019-08-02 15:56:44 - [MESSAGE][PASSED] - Text of object '' is: 'Last draft saved on: 02 Aug 2019 03:55:58 PM  Clear draft'

2019-08-02 15:56:44 - [MESSAGE][PASSED] - Actual text 'Last draft saved on: 02 Aug 2019 03:55:58 PM  Clear draft' and expected text 'Last draft saved on: 02 Aug 2019 03:55:58 PM  Clear draft' are matched 

2019-08-02 15:56:44 - [MESSAGE][PASSED] - Object: '' is clicked on

2019-08-02 15:56:49 - [MESSAGE][PASSED] - Delayed 4 second(s)

2019-08-02 15:56:51 - [MESSAGE][PASSED] - Delayed 2 second(s)

2019-08-02 15:56:56 - [MESSAGE][PASSED] - Delayed 5 second(s)

2019-08-02 15:56:56 - [MESSAGE][PASSED] - Object: '' is clicked on

2019-08-02 15:56:58 - [MESSAGE][PASSED] - Delayed 2 second(s)

2019-08-02 15:57:29 - [MESSAGE][INFO] - Unable to find the element located by 'By.xpath: //button[@class='confirm-yes mini ui blue button']'. Please recheck the objects properties to make sure the desired element is located. 

2019-08-02 15:57:29 - [MESSAGE][FAILED] - Unable to click on object ''
[[ATTACHMENT|G:\\Sabareesh\\Personal\\USGBC_NewApproach1\\USGBC_LEED\\Reports\\TS_OM_ExistingBuildings\\20190802_154104\\1564741649177.png]]

2019-08-02 15:57:29 - [MESSAGE][FAILED] - These following reason:
 [Unable to click on object '']

2019-08-02 15:57:29 - [MESSAGE][FAILED] - Keyword runWithCucumberRunner was failed (Root cause: com.kms.katalon.core.exception.StepFailedException: These following reason:
 [Unable to click on object '']
	at com.kms.katalon.core.keyword.internal.KeywordMain.stepFailed(KeywordMain.groovy:48)
	at com.kms.katalon.core.keyword.internal.KeywordMain.stepFailed(KeywordMain.groovy)
	at com.kms.katalon.core.keyword.internal.KeywordMain.stepFailed(KeywordMain.groovy:21)
	at com.kms.katalon.core.keyword.internal.KeywordMain$stepFailed$0.call(Unknown Source)
	at com.kms.katalon.core.cucumber.keyword.CucumberBuiltinKeywords$_runWithCucumberRunner_closure3.doCall(CucumberBuiltinKeywords.groovy:272)
	at com.kms.katalon.core.cucumber.keyword.CucumberBuiltinKeywords$_runWithCucumberRunner_closure3.doCall(CucumberBuiltinKeywords.groovy)
	at com.kms.katalon.core.keyword.internal.KeywordMain.runKeyword(KeywordMain.groovy:66)
	at com.kms.katalon.core.keyword.internal.KeywordMain$runKeyword.call(Unknown Source)
	at com.kms.katalon.core.cucumber.keyword.CucumberBuiltinKeywords.runWithCucumberRunner(CucumberBuiltinKeywords.groovy:257)
	at com.kms.katalon.core.cucumber.keyword.CucumberBuiltinKeywords$runWithCucumberRunner$0.callStatic(Unknown Source)
	at com.kms.katalon.core.cucumber.keyword.CucumberBuiltinKeywords.runWithCucumberRunner(CucumberBuiltinKeywords.groovy:357)
	at com.kms.katalon.core.cucumber.keyword.CucumberBuiltinKeywords$runWithCucumberRunner.call(Unknown Source)
	at TC_ProjectInformation.run(TC_ProjectInformation:17)
	at com.kms.katalon.core.main.ScriptEngine.run(ScriptEngine.java:194)
	at com.kms.katalon.core.main.ScriptEngine.runScriptAsRawText(ScriptEngine.java:119)
	at com.kms.katalon.core.main.TestCaseExecutor.runScript(TestCaseExecutor.java:331)
	at com.kms.katalon.core.main.TestCaseExecutor.doExecute(TestCaseExecutor.java:322)
	at com.kms.katalon.core.main.TestCaseExecutor.processExecutionPhase(TestCaseExecutor.java:301)
	at com.kms.katalon.core.main.TestCaseExecutor.accessMainPhase(TestCaseExecutor.java:293)
	at com.kms.katalon.core.main.TestCaseExecutor.execute(TestCaseExecutor.java:227)
	at com.kms.katalon.core.main.TestSuiteExecutor.accessTestCaseMainPhase(TestSuiteExecutor.java:129)
	at com.kms.katalon.core.main.TestSuiteExecutor.accessTestSuiteMainPhase(TestSuiteExecutor.java:112)
	at com.kms.katalon.core.main.TestSuiteExecutor.execute(TestSuiteExecutor.java:81)
	at com.kms.katalon.core.main.TestCaseMain.startTestSuite(TestCaseMain.java:157)
	at com.kms.katalon.core.main.TestCaseMain$startTestSuite$0.call(Unknown Source)
	at TempTestSuite1564740664170.run(TempTestSuite1564740664170.groovy:35)
)

2019-08-02 15:57:29 - [MESSAGE][FAILED] - runWithCucumberRunner(runner_OM_ExistingBuildings.ProjectInformationTestRunner) FAILED.
Reason:
com.kms.katalon.core.exception.StepFailedException: These following reason:
 [Unable to click on object '']
	at com.kms.katalon.core.keyword.internal.KeywordMain.stepFailed(KeywordMain.groovy:48)
	at com.kms.katalon.core.keyword.internal.KeywordMain.stepFailed(KeywordMain.groovy)
	at com.kms.katalon.core.keyword.internal.KeywordMain.stepFailed(KeywordMain.groovy:21)
	at com.kms.katalon.core.keyword.internal.KeywordMain$stepFailed$0.call(Unknown Source)
	at com.kms.katalon.core.cucumber.keyword.CucumberBuiltinKeywords$_runWithCucumberRunner_closure3.doCall(CucumberBuiltinKeywords.groovy:272)
	at com.kms.katalon.core.cucumber.keyword.CucumberBuiltinKeywords$_runWithCucumberRunner_closure3.doCall(CucumberBuiltinKeywords.groovy)
	at com.kms.katalon.core.keyword.internal.KeywordMain.runKeyword(KeywordMain.groovy:66)
	at com.kms.katalon.core.keyword.internal.KeywordMain$runKeyword.call(Unknown Source)
	at com.kms.katalon.core.cucumber.keyword.CucumberBuiltinKeywords.runWithCucumberRunner(CucumberBuiltinKeywords.groovy:257)
	at com.kms.katalon.core.cucumber.keyword.CucumberBuiltinKeywords$runWithCucumberRunner$0.callStatic(Unknown Source)
	at com.kms.katalon.core.cucumber.keyword.CucumberBuiltinKeywords.runWithCucumberRunner(CucumberBuiltinKeywords.groovy:357)
	at com.kms.katalon.core.cucumber.keyword.CucumberBuiltinKeywords$runWithCucumberRunner.call(Unknown Source)
	at TC_ProjectInformation.run(TC_ProjectInformation:17)
	at com.kms.katalon.core.main.ScriptEngine.run(ScriptEngine.java:194)
	at com.kms.katalon.core.main.ScriptEngine.runScriptAsRawText(ScriptEngine.java:119)
	at com.kms.katalon.core.main.TestCaseExecutor.runScript(TestCaseExecutor.java:331)
	at com.kms.katalon.core.main.TestCaseExecutor.doExecute(TestCaseExecutor.java:322)
	at com.kms.katalon.core.main.TestCaseExecutor.processExecutionPhase(TestCaseExecutor.java:301)
	at com.kms.katalon.core.main.TestCaseExecutor.accessMainPhase(TestCaseExecutor.java:293)
	at com.kms.katalon.core.main.TestCaseExecutor.execute(TestCaseExecutor.java:227)
	at com.kms.katalon.core.main.TestSuiteExecutor.accessTestCaseMainPhase(TestSuiteExecutor.java:129)
	at com.kms.katalon.core.main.TestSuiteExecutor.accessTestSuiteMainPhase(TestSuiteExecutor.java:112)
	at com.kms.katalon.core.main.TestSuiteExecutor.execute(TestSuiteExecutor.java:81)
	at com.kms.katalon.core.main.TestCaseMain.startTestSuite(TestCaseMain.java:157)
	at com.kms.katalon.core.main.TestCaseMain$startTestSuite$0.call(Unknown Source)
	at TempTestSuite1564740664170.run(TempTestSuite1564740664170.groovy:35)]]></system-out>
         <system-err><![CDATA[2019-08-02 15:41:11 - [TEST_CASE][FAILED] - Test Cases/OM_ExistingBuildings/TC_ProjectInformation: Test Cases/OM_ExistingBuildings/TC_ProjectInformation FAILED.
Reason:
com.kms.katalon.core.exception.StepFailedException: These following reason:
 [Unable to click on object '']
	at com.kms.katalon.core.keyword.internal.KeywordMain.stepFailed(KeywordMain.groovy:48)
	at com.kms.katalon.core.keyword.internal.KeywordMain.stepFailed(KeywordMain.groovy)
	at com.kms.katalon.core.keyword.internal.KeywordMain.stepFailed(KeywordMain.groovy:21)
	at com.kms.katalon.core.keyword.internal.KeywordMain$stepFailed$0.call(Unknown Source)
	at com.kms.katalon.core.cucumber.keyword.CucumberBuiltinKeywords$_runWithCucumberRunner_closure3.doCall(CucumberBuiltinKeywords.groovy:272)
	at com.kms.katalon.core.cucumber.keyword.CucumberBuiltinKeywords$_runWithCucumberRunner_closure3.doCall(CucumberBuiltinKeywords.groovy)
	at com.kms.katalon.core.keyword.internal.KeywordMain.runKeyword(KeywordMain.groovy:66)
	at com.kms.katalon.core.keyword.internal.KeywordMain$runKeyword.call(Unknown Source)
	at com.kms.katalon.core.cucumber.keyword.CucumberBuiltinKeywords.runWithCucumberRunner(CucumberBuiltinKeywords.groovy:257)
	at com.kms.katalon.core.cucumber.keyword.CucumberBuiltinKeywords$runWithCucumberRunner$0.callStatic(Unknown Source)
	at com.kms.katalon.core.cucumber.keyword.CucumberBuiltinKeywords.runWithCucumberRunner(CucumberBuiltinKeywords.groovy:357)
	at com.kms.katalon.core.cucumber.keyword.CucumberBuiltinKeywords$runWithCucumberRunner.call(Unknown Source)
	at TC_ProjectInformation.run(TC_ProjectInformation:17)
	at com.kms.katalon.core.main.ScriptEngine.run(ScriptEngine.java:194)
	at com.kms.katalon.core.main.ScriptEngine.runScriptAsRawText(ScriptEngine.java:119)
	at com.kms.katalon.core.main.TestCaseExecutor.runScript(TestCaseExecutor.java:331)
	at com.kms.katalon.core.main.TestCaseExecutor.doExecute(TestCaseExecutor.java:322)
	at com.kms.katalon.core.main.TestCaseExecutor.processExecutionPhase(TestCaseExecutor.java:301)
	at com.kms.katalon.core.main.TestCaseExecutor.accessMainPhase(TestCaseExecutor.java:293)
	at com.kms.katalon.core.main.TestCaseExecutor.execute(TestCaseExecutor.java:227)
	at com.kms.katalon.core.main.TestSuiteExecutor.accessTestCaseMainPhase(TestSuiteExecutor.java:129)
	at com.kms.katalon.core.main.TestSuiteExecutor.accessTestSuiteMainPhase(TestSuiteExecutor.java:112)
	at com.kms.katalon.core.main.TestSuiteExecutor.execute(TestSuiteExecutor.java:81)
	at com.kms.katalon.core.main.TestCaseMain.startTestSuite(TestCaseMain.java:157)
	at com.kms.katalon.core.main.TestCaseMain$startTestSuite$0.call(Unknown Source)
	at TempTestSuite1564740664170.run(TempTestSuite1564740664170.groovy:35)]]></system-err>
      </testcase>
      <testcase name="Test Cases/OM_ExistingBuildings/TC_PurchasingPolicy" classname="Test Cases/OM_ExistingBuildings/TC_PurchasingPolicy" status="PASSED">
         <system-out><![CDATA[2019-08-02 15:57:29 - [TEST_CASE][PASSED] - Test Cases/OM_ExistingBuildings/TC_PurchasingPolicy: Test Cases/OM_ExistingBuildings/TC_PurchasingPolicy

2019-08-02 15:57:30 - [TEST_STEP][PASSED] - runWithCucumberRunner(runner_OM_ExistingBuildings.PurchasingPolicyTestRunner): Run with 'runner_OM_ExistingBuildings.PurchasingPolicyTestRunner' was passed

2019-08-02 15:57:30 - [TEST_CASE][PASSED] - Test Cases/TC_Login: Test Cases/TC_Login

2019-08-02 15:57:30 - [TEST_STEP][PASSED] - runWithCucumberRunner(common.LoginRunner): Run with 'common.LoginRunner' was passed

2019-08-02 15:57:31 - [MESSAGE][WARNING] - A browser is already opened. Closing browser and opening a new one

2019-08-02 15:57:32 - [MESSAGE][INFO] - Starting 'Chrome' driver

2019-08-02 15:57:35 - [MESSAGE][PASSED] - Browser is opened with url: ''

2019-08-02 15:57:36 - [MESSAGE][PASSED] - Current window maximized

2019-08-02 15:57:38 - [MESSAGE][PASSED] - Navigate to 'https://leedonline-stg.usgbc.org' successfully

2019-08-02 15:57:38 - [MESSAGE][PASSED] - Text 'automationbdd9@gmail.com' is set on object ''

2019-08-02 15:57:39 - [MESSAGE][PASSED] - Text 'initpass' is set on object ''

2019-08-02 15:57:42 - [MESSAGE][PASSED] - Delayed 3 second(s)

2019-08-02 15:57:42 - [MESSAGE][PASSED] - Scroll to object '' successfully

2019-08-02 15:57:42 - [MESSAGE][PASSED] - Object '' is checked

2019-08-02 15:57:46 - [MESSAGE][PASSED] - Delayed 4 second(s)

2019-08-02 15:57:46 - [MESSAGE][PASSED] - The form containing object: '' is submitted

2019-08-02 15:57:46 - [MESSAGE][PASSED] - Run with 'common.LoginRunner' was passed

2019-08-02 15:57:46 - [MESSAGE][PASSED] - Call Test Case 'Test Cases/TC_Login' successfully

2019-08-02 15:57:54 - [MESSAGE][PASSED] - Object: '' is clicked on

2019-08-02 15:57:55 - [MESSAGE][PASSED] - Object: '' is clicked on

2019-08-02 15:57:57 - [MESSAGE][PASSED] - Delayed 2 second(s)

2019-08-02 15:57:57 - [MESSAGE][PASSED] - Text of object '' is: 'ATTEMPTED'

2019-08-02 15:58:00 - [MESSAGE][PASSED] - Delayed 3 second(s)

2019-08-02 15:58:02 - [MESSAGE][PASSED] - Delayed 2 second(s)

2019-08-02 15:58:02 - [MESSAGE][PASSED] - Object: '' is clicked on

2019-08-02 15:58:02 - [MESSAGE][PASSED] - Text of object '' is: 'Purchasing Policy'

2019-08-02 15:58:05 - [MESSAGE][PASSED] - Delayed 3 second(s)

2019-08-02 15:58:09 - [MESSAGE][PASSED] - Object: '' is clicked on

2019-08-02 15:58:14 - [MESSAGE][PASSED] - Delayed 5 second(s)

2019-08-02 15:58:14 - [MESSAGE][PASSED] - Text of object '' is: 'Purchasing Policy'

2019-08-02 15:58:14 - [MESSAGE][PASSED] - Actual text 'Purchasing Policy' and expected text 'Purchasing Policy' are matched 

2019-08-02 15:58:14 - [MESSAGE][PASSED] - Text '(V01)' is present on page 

2019-08-02 15:58:14 - [MESSAGE][PASSED] - Object '' has attribute 'class' with value 'tiny ui button'

2019-08-02 15:58:21 - [MESSAGE][PASSED] - Delayed 7 second(s)

2019-08-02 15:58:21 - [MESSAGE][PASSED] - File 'G:\Sabareesh\Personal\USGBC_NewApproach1\USGBC_LEED\Include\TestData\FilesToUpload\COO_1.pdf' sent to object: ''

2019-08-02 15:58:21 - [MESSAGE][PASSED] - Object '' has attribute 'class' with value 'tiny ui button'

2019-08-02 15:58:28 - [MESSAGE][PASSED] - Delayed 7 second(s)

2019-08-02 15:58:28 - [MESSAGE][PASSED] - File 'G:\Sabareesh\Personal\USGBC_NewApproach1\USGBC_LEED\Include\TestData\FilesToUpload\ZZ.pdf' sent to object: ''

2019-08-02 15:58:31 - [MESSAGE][PASSED] - Delayed 3 second(s)

2019-08-02 15:58:32 - [MESSAGE][PASSED] - Object '' has attribute 'class' with value 'tiny ui button'

2019-08-02 15:58:39 - [MESSAGE][PASSED] - Delayed 7 second(s)

2019-08-02 15:58:39 - [MESSAGE][PASSED] - File 'G:\Sabareesh\Personal\USGBC_NewApproach1\USGBC_LEED\Include\TestData\FilesToUpload\COO_1.pdf' sent to object: ''

2019-08-02 15:58:39 - [MESSAGE][PASSED] - Object '' has attribute 'class' with value 'tiny ui button'

2019-08-02 15:58:46 - [MESSAGE][PASSED] - Delayed 7 second(s)

2019-08-02 15:58:46 - [MESSAGE][PASSED] - File 'G:\Sabareesh\Personal\USGBC_NewApproach1\USGBC_LEED\Include\TestData\FilesToUpload\ZZ.pdf' sent to object: ''

2019-08-02 15:58:49 - [MESSAGE][PASSED] - Delayed 3 second(s)

2019-08-02 15:58:49 - [MESSAGE][PASSED] - Text of object '' is: 'COO_1.pdf'

2019-08-02 15:58:51 - [MESSAGE][PASSED] - Delayed 2 second(s)

2019-08-02 15:58:51 - [MESSAGE][PASSED] - COO_1.pdf is equal to COO_1.pdf

2019-08-02 15:58:51 - [MESSAGE][PASSED] - Actual text 'COO_1.pdf' and expected text 'COO_1.pdf' are matched 

2019-08-02 15:58:51 - [MESSAGE][PASSED] - Text of object '' is: 'ZZ.pdf'

2019-08-02 15:58:53 - [MESSAGE][PASSED] - Delayed 2 second(s)

2019-08-02 15:58:55 - [MESSAGE][PASSED] - Delayed 2 second(s)

2019-08-02 15:58:55 - [MESSAGE][PASSED] - ZZ.pdf is equal to ZZ.pdf

2019-08-02 15:58:55 - [MESSAGE][PASSED] - Actual text 'ZZ.pdf' and expected text 'ZZ.pdf' are matched 

2019-08-02 15:58:55 - [MESSAGE][PASSED] - Text of object '' is: 'ZZ.pdf'

2019-08-02 15:58:57 - [MESSAGE][PASSED] - Delayed 2 second(s)

2019-08-02 15:58:59 - [MESSAGE][PASSED] - Delayed 2 second(s)

2019-08-02 15:58:59 - [MESSAGE][PASSED] - ZZ.pdf is equal to ZZ.pdf

2019-08-02 15:58:59 - [MESSAGE][PASSED] - Actual text 'ZZ.pdf' and expected text 'ZZ.pdf' are matched 

2019-08-02 15:58:59 - [MESSAGE][PASSED] - Text of object '' is: 'COO_1.pdf'

2019-08-02 15:59:01 - [MESSAGE][PASSED] - Delayed 2 second(s)

2019-08-02 15:59:01 - [MESSAGE][PASSED] - COO_1.pdf is equal to COO_1.pdf

2019-08-02 15:59:01 - [MESSAGE][PASSED] - Actual text 'COO_1.pdf' and expected text 'COO_1.pdf' are matched 

2019-08-02 15:59:04 - [MESSAGE][PASSED] - Text 'Known that everybody have the personal aim. It is defferent . For example, there are some people think that the most important thing in them life is career. While there are other people think that is family. me too. The most important thing with my life is my small and big family.NL1WA' is set on object ''

2019-08-02 15:59:06 - [MESSAGE][PASSED] - Delayed 2 second(s)

2019-08-02 15:59:06 - [MESSAGE][PASSED] - Text of object '' is: 'Known that everybody have the personal aim. It is defferent . For example, there are some people think that the most important thing in them life is career. While there are other people think that is family. me too. The most important thing with my life is my small and big family.NL1WA'

2019-08-02 15:59:06 - [MESSAGE][PASSED] - Actual text 'Known that everybody have the personal aim. It is defferent . For example, there are some people think that the most important thing in them life is career. While there are other people think that is family. me too. The most important thing with my life is my small and big family.NL1WA' and expected text 'Known that everybody have the personal aim. It is defferent . For example, there are some people think that the most important thing in them life is career. While there are other people think that is family. me too. The most important thing with my life is my small and big family.NL1WA' are matched 

2019-08-02 15:59:11 - [MESSAGE][PASSED] - Object: '' is clicked on

2019-08-02 15:59:15 - [MESSAGE][PASSED] - Delayed 4 second(s)

2019-08-02 15:59:16 - [MESSAGE][PASSED] - Text 'Form data saved successfully.' is present on page 

2019-08-02 15:59:22 - [MESSAGE][PASSED] - Delayed 6 second(s)

2019-08-02 15:59:24 - [MESSAGE][PASSED] - Delayed 2 second(s)

2019-08-02 15:59:24 - [MESSAGE][PASSED] - Object '' is present

2019-08-02 15:59:29 - [MESSAGE][PASSED] - Object: '' is clicked on

2019-08-02 15:59:39 - [MESSAGE][PASSED] - Delayed 10 second(s)

2019-08-02 15:59:45 - [MESSAGE][PASSED] - Delayed 6 second(s)

2019-08-02 15:59:45 - [MESSAGE][PASSED] - Actual text 'Found' and expected text 'Found' are matched 

2019-08-02 15:59:46 - [MESSAGE][PASSED] - Actual text 'Found' and expected text 'Found' are matched 

2019-08-02 15:59:46 - [MESSAGE][PASSED] - Text of object '' is: 'Known that everybody have the personal aim. It is defferent . For example, there are some people think that the most important thing in them life is career. While there are other people think that is family. me too. The most important thing with my life is my small and big family.NL1WA'

2019-08-02 15:59:46 - [MESSAGE][PASSED] - Actual text 'Found' and expected text 'Found' are matched 

2019-08-02 15:59:47 - [MESSAGE][PASSED] - Navigate back successfully

2019-08-02 15:59:49 - [MESSAGE][PASSED] - Delayed 2 second(s)

2019-08-02 15:59:54 - [MESSAGE][PASSED] - Object: '' is clicked on

2019-08-02 15:59:59 - [MESSAGE][PASSED] - Delayed 5 second(s)

2019-08-02 16:00:01 - [MESSAGE][PASSED] - Delayed 2 second(s)

2019-08-02 16:00:02 - [MESSAGE][PASSED] - Navigate forward successfully

2019-08-02 16:00:05 - [MESSAGE][PASSED] - Delayed 2 second(s)

2019-08-02 16:00:10 - [MESSAGE][PASSED] - Delayed 5 second(s)

2019-08-02 16:00:15 - [MESSAGE][PASSED] - Object: '' is clicked on

2019-08-02 16:00:15 - [MESSAGE][PASSED] - Text of object '' is: 'ZZ.pdf'

2019-08-02 16:00:20 - [MESSAGE][PASSED] - Delayed 5 second(s)

2019-08-02 16:00:25 - [MESSAGE][PASSED] - Object: '' is hovered

2019-08-02 16:00:27 - [MESSAGE][PASSED] - Delayed 2 second(s)

2019-08-02 16:00:29 - [MESSAGE][PASSED] - Delayed 2 second(s)

2019-08-02 16:00:34 - [MESSAGE][PASSED] - Delayed 5 second(s)

2019-08-02 16:00:39 - [MESSAGE][PASSED] - Object: '' is clicked on

2019-08-02 16:00:39 - [MESSAGE][PASSED] - Text of object '' is: 'COO_1.pdf'

2019-08-02 16:00:44 - [MESSAGE][PASSED] - Delayed 5 second(s)

2019-08-02 16:00:49 - [MESSAGE][PASSED] - Object: '' is hovered

2019-08-02 16:00:51 - [MESSAGE][PASSED] - Delayed 2 second(s)

2019-08-02 16:00:56 - [MESSAGE][PASSED] - Delayed 5 second(s)

2019-08-02 16:00:58 - [MESSAGE][PASSED] - Delayed 2 second(s)

2019-08-02 16:00:59 - [MESSAGE][PASSED] - Delayed 1 second(s)

2019-08-02 16:00:59 - [MESSAGE][PASSED] - COO_1.pdf exist in G:/Sabareesh/Personal/USGBC_NewApproach1/USGBC_LEED/Include/TestData/DownloadedFiles and was deleted

2019-08-02 16:00:59 - [MESSAGE][PASSED] - 

2019-08-02 16:00:59 - [MESSAGE][PASSED] - Actual text 'COO_1.pdf' and expected text 'COO_1.pdf' are matched 

2019-08-02 16:01:01 - [MESSAGE][PASSED] - Delayed 2 second(s)

2019-08-02 16:01:03 - [MESSAGE][PASSED] - Delayed 2 second(s)

2019-08-02 16:01:04 - [MESSAGE][PASSED] - Delayed 1 second(s)

2019-08-02 16:01:04 - [MESSAGE][PASSED] - ZZ.pdf exist in G:/Sabareesh/Personal/USGBC_NewApproach1/USGBC_LEED/Include/TestData/DownloadedFiles and was deleted

2019-08-02 16:01:04 - [MESSAGE][PASSED] - 

2019-08-02 16:01:04 - [MESSAGE][PASSED] - Actual text 'ZZ.pdf' and expected text 'ZZ.pdf' are matched 

2019-08-02 16:01:06 - [MESSAGE][PASSED] - Delayed 2 second(s)

2019-08-02 16:01:09 - [MESSAGE][PASSED] - Delayed 2 second(s)

2019-08-02 16:01:14 - [MESSAGE][PASSED] - Delayed 5 second(s)

2019-08-02 16:01:19 - [MESSAGE][PASSED] - Object: '' is clicked on

2019-08-02 16:01:19 - [MESSAGE][PASSED] - Text of object '' is: 'COO_1.pdf'

2019-08-02 16:01:24 - [MESSAGE][PASSED] - Delayed 5 second(s)

2019-08-02 16:01:29 - [MESSAGE][PASSED] - Object: '' is hovered

2019-08-02 16:01:31 - [MESSAGE][PASSED] - Delayed 2 second(s)

2019-08-02 16:01:33 - [MESSAGE][PASSED] - Delayed 2 second(s)

2019-08-02 16:01:38 - [MESSAGE][PASSED] - Delayed 5 second(s)

2019-08-02 16:01:43 - [MESSAGE][PASSED] - Object: '' is clicked on

2019-08-02 16:01:43 - [MESSAGE][PASSED] - Text of object '' is: 'ZZ.pdf'

2019-08-02 16:01:48 - [MESSAGE][PASSED] - Delayed 5 second(s)

2019-08-02 16:01:53 - [MESSAGE][PASSED] - Object: '' is hovered

2019-08-02 16:01:55 - [MESSAGE][PASSED] - Delayed 2 second(s)

2019-08-02 16:02:00 - [MESSAGE][PASSED] - Delayed 5 second(s)

2019-08-02 16:02:02 - [MESSAGE][PASSED] - Delayed 2 second(s)

2019-08-02 16:02:03 - [MESSAGE][PASSED] - Delayed 1 second(s)

2019-08-02 16:02:03 - [MESSAGE][PASSED] - COO_1.pdf exist in G:/Sabareesh/Personal/USGBC_NewApproach1/USGBC_LEED/Include/TestData/DownloadedFiles and was deleted

2019-08-02 16:02:03 - [MESSAGE][PASSED] - 

2019-08-02 16:02:03 - [MESSAGE][PASSED] - Actual text 'COO_1.pdf' and expected text 'COO_1.pdf' are matched 

2019-08-02 16:02:05 - [MESSAGE][PASSED] - Delayed 2 second(s)

2019-08-02 16:02:07 - [MESSAGE][PASSED] - Delayed 2 second(s)

2019-08-02 16:02:08 - [MESSAGE][PASSED] - Delayed 1 second(s)

2019-08-02 16:02:08 - [MESSAGE][PASSED] - ZZ.pdf exist in G:/Sabareesh/Personal/USGBC_NewApproach1/USGBC_LEED/Include/TestData/DownloadedFiles and was deleted

2019-08-02 16:02:08 - [MESSAGE][PASSED] - 

2019-08-02 16:02:08 - [MESSAGE][PASSED] - Actual text 'ZZ.pdf' and expected text 'ZZ.pdf' are matched 

2019-08-02 16:02:10 - [MESSAGE][PASSED] - Delayed 2 second(s)

2019-08-02 16:02:15 - [MESSAGE][PASSED] - Object: '' is clicked on

2019-08-02 16:02:17 - [MESSAGE][PASSED] - Delayed 2 second(s)

2019-08-02 16:02:23 - [MESSAGE][PASSED] - Object: '' is clicked on

2019-08-02 16:02:26 - [MESSAGE][PASSED] - Delayed 3 second(s)

2019-08-02 16:02:26 - [MESSAGE][PASSED] - Object '' is present

2019-08-02 16:02:28 - [MESSAGE][PASSED] - Delayed 2 second(s)

2019-08-02 16:02:33 - [MESSAGE][PASSED] - Delayed 5 second(s)

2019-08-02 16:02:38 - [MESSAGE][PASSED] - Object: '' is clicked on

2019-08-02 16:02:40 - [MESSAGE][PASSED] - Delayed 2 second(s)

2019-08-02 16:02:45 - [MESSAGE][PASSED] - Object: '' is clicked on

2019-08-02 16:02:47 - [MESSAGE][PASSED] - Delayed 2 second(s)

2019-08-02 16:02:49 - [MESSAGE][PASSED] - Delayed 2 second(s)

2019-08-02 16:02:54 - [MESSAGE][PASSED] - Delayed 5 second(s)

2019-08-02 16:02:59 - [MESSAGE][PASSED] - Object: '' is clicked on

2019-08-02 16:03:01 - [MESSAGE][PASSED] - Delayed 2 second(s)

2019-08-02 16:03:06 - [MESSAGE][PASSED] - Object: '' is clicked on

2019-08-02 16:03:08 - [MESSAGE][PASSED] - Delayed 2 second(s)

2019-08-02 16:03:13 - [MESSAGE][PASSED] - Delayed 5 second(s)

2019-08-02 16:03:14 - [MESSAGE][PASSED] - Web element with id: '' located by 'By.xpath: (//table[@class='ui collapsing celled table unstackable'])[2]' is not present after '2' second(s)

2019-08-02 16:03:16 - [MESSAGE][PASSED] - Delayed 2 second(s)

2019-08-02 16:03:21 - [MESSAGE][PASSED] - Delayed 5 second(s)

2019-08-02 16:03:26 - [MESSAGE][PASSED] - Object: '' is clicked on

2019-08-02 16:03:28 - [MESSAGE][PASSED] - Delayed 2 second(s)

2019-08-02 16:03:33 - [MESSAGE][PASSED] - Object: '' is clicked on

2019-08-02 16:03:35 - [MESSAGE][PASSED] - Delayed 2 second(s)

2019-08-02 16:03:37 - [MESSAGE][PASSED] - Delayed 2 second(s)

2019-08-02 16:03:42 - [MESSAGE][PASSED] - Delayed 5 second(s)

2019-08-02 16:03:47 - [MESSAGE][PASSED] - Object: '' is clicked on

2019-08-02 16:03:49 - [MESSAGE][PASSED] - Delayed 2 second(s)

2019-08-02 16:03:54 - [MESSAGE][PASSED] - Object: '' is clicked on

2019-08-02 16:03:56 - [MESSAGE][PASSED] - Delayed 2 second(s)

2019-08-02 16:04:01 - [MESSAGE][PASSED] - Delayed 5 second(s)

2019-08-02 16:04:01 - [MESSAGE][PASSED] - Web element with id: '' located by 'By.xpath: (//table[@class='ui collapsing celled table unstackable'])[1]' is not present after '2' second(s)

2019-08-02 16:04:01 - [TEST_CASE][PASSED] - Test Cases/TC_Login: Test Cases/TC_Login

2019-08-02 16:04:01 - [TEST_STEP][PASSED] - runWithCucumberRunner(common.LoginRunner): Run with 'common.LoginRunner' was passed

2019-08-02 16:04:02 - [MESSAGE][WARNING] - A browser is already opened. Closing browser and opening a new one

2019-08-02 16:04:03 - [MESSAGE][INFO] - Starting 'Chrome' driver

2019-08-02 16:04:05 - [MESSAGE][PASSED] - Browser is opened with url: ''

2019-08-02 16:04:07 - [MESSAGE][PASSED] - Current window maximized

2019-08-02 16:04:08 - [MESSAGE][PASSED] - Navigate to 'https://leedonline-stg.usgbc.org' successfully

2019-08-02 16:04:09 - [MESSAGE][PASSED] - Text 'automationbdd9@gmail.com' is set on object ''

2019-08-02 16:04:09 - [MESSAGE][PASSED] - Text 'initpass' is set on object ''

2019-08-02 16:04:12 - [MESSAGE][PASSED] - Delayed 3 second(s)

2019-08-02 16:04:12 - [MESSAGE][PASSED] - Scroll to object '' successfully

2019-08-02 16:04:12 - [MESSAGE][PASSED] - Object '' is checked

2019-08-02 16:04:16 - [MESSAGE][PASSED] - Delayed 4 second(s)

2019-08-02 16:04:17 - [MESSAGE][PASSED] - The form containing object: '' is submitted

2019-08-02 16:04:17 - [MESSAGE][PASSED] - Run with 'common.LoginRunner' was passed

2019-08-02 16:04:17 - [MESSAGE][PASSED] - Call Test Case 'Test Cases/TC_Login' successfully

2019-08-02 16:04:25 - [MESSAGE][PASSED] - Object: '' is clicked on

2019-08-02 16:04:26 - [MESSAGE][PASSED] - Object: '' is clicked on

2019-08-02 16:04:28 - [MESSAGE][PASSED] - Delayed 2 second(s)

2019-08-02 16:04:29 - [MESSAGE][PASSED] - Text of object '' is: 'ATTEMPTED'

2019-08-02 16:04:32 - [MESSAGE][PASSED] - Delayed 3 second(s)

2019-08-02 16:04:34 - [MESSAGE][PASSED] - Delayed 2 second(s)

2019-08-02 16:04:34 - [MESSAGE][PASSED] - Object: '' is clicked on

2019-08-02 16:04:34 - [MESSAGE][PASSED] - Text of object '' is: 'Rainwater Management'

2019-08-02 16:04:37 - [MESSAGE][PASSED] - Delayed 3 second(s)

2019-08-02 16:04:40 - [MESSAGE][PASSED] - Object: '' is clicked on

2019-08-02 16:04:45 - [MESSAGE][PASSED] - Delayed 5 second(s)

2019-08-02 16:04:46 - [MESSAGE][PASSED] - Text 'Because I see the mind is the most important.I833P' is set on object ''

2019-08-02 16:04:48 - [MESSAGE][PASSED] - Delayed 2 second(s)

2019-08-02 16:04:48 - [MESSAGE][PASSED] - Text of object '' is: 'Because I see the mind is the most important.I833P'

2019-08-02 16:04:48 - [MESSAGE][PASSED] - Actual text 'Because I see the mind is the most important.I833P' and expected text 'Because I see the mind is the most important.I833P' are matched 

2019-08-02 16:04:58 - [MESSAGE][PASSED] - Delayed 10 second(s)

2019-08-02 16:04:58 - [MESSAGE][PASSED] - Text of object '' is: 'Last draft saved on: 02 Aug 2019 04:04:50 PM  Clear draft'

2019-08-02 16:04:58 - [MESSAGE][PASSED] - Actual text 'null' and expected text 'Last draft saved on: 02 Aug 2019 04:04:50 PM  Clear draft' are not matched 

2019-08-02 16:05:08 - [MESSAGE][PASSED] - Delayed 10 second(s)

2019-08-02 16:05:09 - [MESSAGE][PASSED] - Text of object '' is: 'Last draft saved on: 02 Aug 2019 04:04:50 PM  Clear draft'

2019-08-02 16:05:09 - [MESSAGE][PASSED] - Actual text 'Last draft saved on: 02 Aug 2019 04:04:50 PM  Clear draft' and expected text 'Last draft saved on: 02 Aug 2019 04:04:50 PM  Clear draft' are matched 

2019-08-02 16:05:09 - [MESSAGE][PASSED] - Object '' has attribute 'class' with value 'tiny ui button'

2019-08-02 16:05:16 - [MESSAGE][PASSED] - Delayed 7 second(s)

2019-08-02 16:05:16 - [MESSAGE][PASSED] - File 'G:\Sabareesh\Personal\USGBC_NewApproach1\USGBC_LEED\Include\TestData\FilesToUpload\COO_1.pdf' sent to object: ''

2019-08-02 16:05:16 - [MESSAGE][PASSED] - Object '' has attribute 'class' with value 'tiny ui button'

2019-08-02 16:05:23 - [MESSAGE][PASSED] - Delayed 7 second(s)

2019-08-02 16:05:23 - [MESSAGE][PASSED] - File 'G:\Sabareesh\Personal\USGBC_NewApproach1\USGBC_LEED\Include\TestData\FilesToUpload\ZZ.pdf' sent to object: ''

2019-08-02 16:05:26 - [MESSAGE][PASSED] - Delayed 3 second(s)

2019-08-02 16:05:26 - [MESSAGE][PASSED] - Object '' has attribute 'class' with value 'tiny ui button'

2019-08-02 16:05:33 - [MESSAGE][PASSED] - Delayed 7 second(s)

2019-08-02 16:05:33 - [MESSAGE][PASSED] - File 'G:\Sabareesh\Personal\USGBC_NewApproach1\USGBC_LEED\Include\TestData\FilesToUpload\COO_1.pdf' sent to object: ''

2019-08-02 16:05:33 - [MESSAGE][PASSED] - Object '' has attribute 'class' with value 'tiny ui button'

2019-08-02 16:05:40 - [MESSAGE][PASSED] - Delayed 7 second(s)

2019-08-02 16:05:40 - [MESSAGE][PASSED] - File 'G:\Sabareesh\Personal\USGBC_NewApproach1\USGBC_LEED\Include\TestData\FilesToUpload\ZZ.pdf' sent to object: ''

2019-08-02 16:05:43 - [MESSAGE][PASSED] - Delayed 3 second(s)

2019-08-02 16:05:43 - [MESSAGE][PASSED] - Object '' has attribute 'class' with value 'tiny ui button'

2019-08-02 16:05:50 - [MESSAGE][PASSED] - Delayed 7 second(s)

2019-08-02 16:05:50 - [MESSAGE][PASSED] - File 'G:\Sabareesh\Personal\USGBC_NewApproach1\USGBC_LEED\Include\TestData\FilesToUpload\COO_1.pdf' sent to object: ''

2019-08-02 16:05:50 - [MESSAGE][PASSED] - Object '' has attribute 'class' with value 'tiny ui button'

2019-08-02 16:05:57 - [MESSAGE][PASSED] - Delayed 7 second(s)

2019-08-02 16:05:57 - [MESSAGE][PASSED] - File 'G:\Sabareesh\Personal\USGBC_NewApproach1\USGBC_LEED\Include\TestData\FilesToUpload\ZZ.pdf' sent to object: ''

2019-08-02 16:06:00 - [MESSAGE][PASSED] - Delayed 3 second(s)

2019-08-02 16:06:00 - [MESSAGE][PASSED] - Object '' has attribute 'class' with value 'tiny ui button'

2019-08-02 16:06:07 - [MESSAGE][PASSED] - Delayed 7 second(s)

2019-08-02 16:06:07 - [MESSAGE][PASSED] - File 'G:\Sabareesh\Personal\USGBC_NewApproach1\USGBC_LEED\Include\TestData\FilesToUpload\COO_1.pdf' sent to object: ''

2019-08-02 16:06:07 - [MESSAGE][PASSED] - Object '' has attribute 'class' with value 'tiny ui button'

2019-08-02 16:06:14 - [MESSAGE][PASSED] - Delayed 7 second(s)

2019-08-02 16:06:14 - [MESSAGE][PASSED] - File 'G:\Sabareesh\Personal\USGBC_NewApproach1\USGBC_LEED\Include\TestData\FilesToUpload\ZZ.pdf' sent to object: ''

2019-08-02 16:06:17 - [MESSAGE][PASSED] - Delayed 3 second(s)

2019-08-02 16:06:17 - [MESSAGE][PASSED] - Object '' has attribute 'class' with value 'tiny ui button'

2019-08-02 16:06:24 - [MESSAGE][PASSED] - Delayed 7 second(s)

2019-08-02 16:06:24 - [MESSAGE][PASSED] - File 'G:\Sabareesh\Personal\USGBC_NewApproach1\USGBC_LEED\Include\TestData\FilesToUpload\COO_1.pdf' sent to object: ''

2019-08-02 16:06:24 - [MESSAGE][PASSED] - Object '' has attribute 'class' with value 'tiny ui button'

2019-08-02 16:06:31 - [MESSAGE][PASSED] - Delayed 7 second(s)

2019-08-02 16:06:31 - [MESSAGE][PASSED] - File 'G:\Sabareesh\Personal\USGBC_NewApproach1\USGBC_LEED\Include\TestData\FilesToUpload\ZZ.pdf' sent to object: ''

2019-08-02 16:06:34 - [MESSAGE][PASSED] - Delayed 3 second(s)

2019-08-02 16:06:44 - [MESSAGE][PASSED] - Delayed 10 second(s)

2019-08-02 16:06:45 - [MESSAGE][PASSED] - Text of object '' is: 'Last draft saved on: 02 Aug 2019 04:04:50 PM  Clear draft'

2019-08-02 16:06:45 - [MESSAGE][PASSED] - Actual text 'Last draft saved on: 02 Aug 2019 04:04:50 PM  Clear draft' and expected text 'Last draft saved on: 02 Aug 2019 04:04:50 PM  Clear draft' are matched 

2019-08-02 16:06:45 - [MESSAGE][PASSED] - Object: '' is clicked on

2019-08-02 16:06:46 - [MESSAGE][PASSED] - Object: '' is clicked on

2019-08-02 16:06:48 - [MESSAGE][PASSED] - Delayed 2 second(s)

2019-08-02 16:06:48 - [TEST_CASE][PASSED] - Test Cases/TC_Login: Test Cases/TC_Login

2019-08-02 16:06:48 - [TEST_STEP][PASSED] - runWithCucumberRunner(common.LoginRunner): Run with 'common.LoginRunner' was passed

2019-08-02 16:06:48 - [MESSAGE][WARNING] - A browser is already opened. Closing browser and opening a new one

2019-08-02 16:06:49 - [MESSAGE][INFO] - Starting 'Chrome' driver

2019-08-02 16:06:52 - [MESSAGE][PASSED] - Browser is opened with url: ''

2019-08-02 16:06:53 - [MESSAGE][PASSED] - Current window maximized

2019-08-02 16:06:55 - [MESSAGE][PASSED] - Navigate to 'https://leedonline-stg.usgbc.org' successfully

2019-08-02 16:06:55 - [MESSAGE][PASSED] - Text 'automationbdd9@gmail.com' is set on object ''

2019-08-02 16:06:56 - [MESSAGE][PASSED] - Text 'initpass' is set on object ''

2019-08-02 16:06:59 - [MESSAGE][PASSED] - Delayed 3 second(s)

2019-08-02 16:06:59 - [MESSAGE][PASSED] - Scroll to object '' successfully

2019-08-02 16:06:59 - [MESSAGE][PASSED] - Object '' is checked

2019-08-02 16:07:03 - [MESSAGE][PASSED] - Delayed 4 second(s)

2019-08-02 16:07:03 - [MESSAGE][PASSED] - The form containing object: '' is submitted

2019-08-02 16:07:03 - [MESSAGE][PASSED] - Run with 'common.LoginRunner' was passed

2019-08-02 16:07:03 - [MESSAGE][PASSED] - Call Test Case 'Test Cases/TC_Login' successfully

2019-08-02 16:07:05 - [MESSAGE][PASSED] - Delayed 2 second(s)

2019-08-02 16:07:12 - [MESSAGE][PASSED] - Object: '' is clicked on

2019-08-02 16:07:14 - [MESSAGE][PASSED] - Delayed 2 second(s)

2019-08-02 16:08:46 - [MESSAGE][PASSED] - Object: '' is clicked on

2019-08-02 16:08:48 - [MESSAGE][PASSED] - Delayed 2 second(s)

2019-08-02 16:08:50 - [MESSAGE][PASSED] - Delayed 2 second(s)

2019-08-02 16:08:50 - [MESSAGE][PASSED] - Object: '' is clicked on

2019-08-02 16:08:50 - [MESSAGE][PASSED] - Text of object '' is: 'Rainwater Management'

2019-08-02 16:08:53 - [MESSAGE][PASSED] - Delayed 3 second(s)

2019-08-02 16:08:56 - [MESSAGE][PASSED] - Object: '' is clicked on

2019-08-02 16:09:00 - [MESSAGE][PASSED] - Delayed 4 second(s)

2019-08-02 16:09:01 - [MESSAGE][PASSED] - Object '' is present

2019-08-02 16:09:01 - [MESSAGE][PASSED] - Text of object '' is: 'Last draft saved on: 02 Aug 2019 04:04:50 PM  Clear draft'

2019-08-02 16:09:01 - [MESSAGE][PASSED] - Actual text 'Last draft saved on: 02 Aug 2019 04:04:50 PM  Clear draft' and expected text 'Last draft saved on: 02 Aug 2019 04:04:50 PM  Clear draft' are matched 

2019-08-02 16:09:01 - [MESSAGE][PASSED] - Object: '' is clicked on

2019-08-02 16:09:05 - [MESSAGE][PASSED] - Delayed 4 second(s)

2019-08-02 16:09:07 - [MESSAGE][PASSED] - Delayed 2 second(s)

2019-08-02 16:09:12 - [MESSAGE][PASSED] - Delayed 5 second(s)

2019-08-02 16:09:12 - [MESSAGE][PASSED] - Object: '' is clicked on

2019-08-02 16:09:14 - [MESSAGE][PASSED] - Delayed 2 second(s)

2019-08-02 16:09:14 - [MESSAGE][PASSED] - Object: '' is clicked on

2019-08-02 16:09:16 - [MESSAGE][PASSED] - Delayed 2 second(s)

2019-08-02 16:09:18 - [MESSAGE][PASSED] - Delayed 2 second(s)

2019-08-02 16:09:23 - [MESSAGE][PASSED] - Delayed 5 second(s)

2019-08-02 16:09:23 - [MESSAGE][PASSED] - Object: '' is clicked on

2019-08-02 16:09:25 - [MESSAGE][PASSED] - Delayed 2 second(s)

2019-08-02 16:09:25 - [MESSAGE][PASSED] - Object: '' is clicked on

2019-08-02 16:09:28 - [MESSAGE][PASSED] - Delayed 2 second(s)

2019-08-02 16:09:33 - [MESSAGE][PASSED] - Delayed 5 second(s)

2019-08-02 16:09:33 - [MESSAGE][PASSED] - Web element with id: '' located by 'By.xpath: (//table[@class='ui collapsing celled table unstackable'])[5]' is not present after '2' second(s)

2019-08-02 16:09:35 - [MESSAGE][PASSED] - Delayed 2 second(s)

2019-08-02 16:09:40 - [MESSAGE][PASSED] - Delayed 5 second(s)

2019-08-02 16:09:40 - [MESSAGE][PASSED] - Object: '' is clicked on

2019-08-02 16:09:42 - [MESSAGE][PASSED] - Delayed 2 second(s)

2019-08-02 16:09:42 - [MESSAGE][PASSED] - Object: '' is clicked on

2019-08-02 16:09:44 - [MESSAGE][PASSED] - Delayed 2 second(s)

2019-08-02 16:09:46 - [MESSAGE][PASSED] - Delayed 2 second(s)

2019-08-02 16:09:51 - [MESSAGE][PASSED] - Delayed 5 second(s)

2019-08-02 16:09:51 - [MESSAGE][PASSED] - Object: '' is clicked on

2019-08-02 16:09:53 - [MESSAGE][PASSED] - Delayed 2 second(s)

2019-08-02 16:09:53 - [MESSAGE][PASSED] - Object: '' is clicked on

2019-08-02 16:09:55 - [MESSAGE][PASSED] - Delayed 2 second(s)

2019-08-02 16:10:00 - [MESSAGE][PASSED] - Delayed 5 second(s)

2019-08-02 16:10:00 - [MESSAGE][PASSED] - Web element with id: '' located by 'By.xpath: (//table[@class='ui collapsing celled table unstackable'])[4]' is not present after '2' second(s)

2019-08-02 16:10:02 - [MESSAGE][PASSED] - Delayed 2 second(s)

2019-08-02 16:10:07 - [MESSAGE][PASSED] - Delayed 5 second(s)

2019-08-02 16:10:08 - [MESSAGE][PASSED] - Object: '' is clicked on

2019-08-02 16:10:10 - [MESSAGE][PASSED] - Delayed 2 second(s)

2019-08-02 16:10:10 - [MESSAGE][PASSED] - Object: '' is clicked on

2019-08-02 16:10:12 - [MESSAGE][PASSED] - Delayed 2 second(s)

2019-08-02 16:10:14 - [MESSAGE][PASSED] - Delayed 2 second(s)

2019-08-02 16:10:19 - [MESSAGE][PASSED] - Delayed 5 second(s)

2019-08-02 16:10:19 - [MESSAGE][PASSED] - Object: '' is clicked on

2019-08-02 16:10:21 - [MESSAGE][PASSED] - Delayed 2 second(s)

2019-08-02 16:10:21 - [MESSAGE][PASSED] - Object: '' is clicked on

2019-08-02 16:10:23 - [MESSAGE][PASSED] - Delayed 2 second(s)

2019-08-02 16:10:28 - [MESSAGE][PASSED] - Delayed 5 second(s)

2019-08-02 16:10:28 - [MESSAGE][PASSED] - Web element with id: '' located by 'By.xpath: (//table[@class='ui collapsing celled table unstackable'])[3]' is not present after '2' second(s)

2019-08-02 16:10:30 - [MESSAGE][PASSED] - Delayed 2 second(s)

2019-08-02 16:10:35 - [MESSAGE][PASSED] - Delayed 5 second(s)

2019-08-02 16:10:35 - [MESSAGE][PASSED] - Object: '' is clicked on

2019-08-02 16:10:37 - [MESSAGE][PASSED] - Delayed 2 second(s)

2019-08-02 16:10:37 - [MESSAGE][PASSED] - Object: '' is clicked on

2019-08-02 16:10:39 - [MESSAGE][PASSED] - Delayed 2 second(s)

2019-08-02 16:10:41 - [MESSAGE][PASSED] - Delayed 2 second(s)

2019-08-02 16:10:47 - [MESSAGE][PASSED] - Delayed 5 second(s)

2019-08-02 16:10:47 - [MESSAGE][PASSED] - Object: '' is clicked on

2019-08-02 16:10:49 - [MESSAGE][PASSED] - Delayed 2 second(s)

2019-08-02 16:10:49 - [MESSAGE][PASSED] - Object: '' is clicked on

2019-08-02 16:10:51 - [MESSAGE][PASSED] - Delayed 2 second(s)

2019-08-02 16:10:56 - [MESSAGE][PASSED] - Delayed 5 second(s)

2019-08-02 16:10:56 - [MESSAGE][PASSED] - Web element with id: '' located by 'By.xpath: (//table[@class='ui collapsing celled table unstackable'])[2]' is not present after '2' second(s)

2019-08-02 16:10:58 - [MESSAGE][PASSED] - Delayed 2 second(s)

2019-08-02 16:11:03 - [MESSAGE][PASSED] - Delayed 5 second(s)

2019-08-02 16:11:03 - [MESSAGE][PASSED] - Object: '' is clicked on

2019-08-02 16:11:05 - [MESSAGE][PASSED] - Delayed 2 second(s)

2019-08-02 16:11:05 - [MESSAGE][PASSED] - Object: '' is clicked on

2019-08-02 16:11:07 - [MESSAGE][PASSED] - Delayed 2 second(s)

2019-08-02 16:11:09 - [MESSAGE][PASSED] - Delayed 2 second(s)

2019-08-02 16:11:14 - [MESSAGE][PASSED] - Delayed 5 second(s)

2019-08-02 16:11:14 - [MESSAGE][PASSED] - Object: '' is clicked on

2019-08-02 16:11:16 - [MESSAGE][PASSED] - Delayed 2 second(s)

2019-08-02 16:11:17 - [MESSAGE][PASSED] - Object: '' is clicked on

2019-08-02 16:11:19 - [MESSAGE][PASSED] - Delayed 2 second(s)

2019-08-02 16:11:24 - [MESSAGE][PASSED] - Delayed 5 second(s)

2019-08-02 16:11:24 - [MESSAGE][PASSED] - Web element with id: '' located by 'By.xpath: (//table[@class='ui collapsing celled table unstackable'])[1]' is not present after '2' second(s)

2019-08-02 16:11:24 - [MESSAGE][PASSED] - Web element with id: '' located by 'By.xpath: //a[contains(text(),'Clear draft')]' is not present after '3' second(s)

2019-08-02 16:11:24 - [MESSAGE][PASSED] - Web element with id: '' located by 'By.xpath: //div[contains(text(),'Form drafted and not yet saved!')]' is not present after '2' second(s)

2019-08-02 16:11:24 - [MESSAGE][PASSED] - Text 'Because I see the mind is the most important.PLHVQ' is set on object ''

2019-08-02 16:11:26 - [MESSAGE][PASSED] - Delayed 2 second(s)

2019-08-02 16:11:26 - [MESSAGE][PASSED] - Text of object '' is: 'Because I see the mind is the most important.PLHVQ'

2019-08-02 16:11:26 - [MESSAGE][PASSED] - Actual text 'Because I see the mind is the most important.PLHVQ' and expected text 'Because I see the mind is the most important.PLHVQ' are matched 

2019-08-02 16:11:36 - [MESSAGE][PASSED] - Delayed 10 second(s)

2019-08-02 16:11:36 - [MESSAGE][PASSED] - Text of object '' is: 'Last draft saved on: 02 Aug 2019 04:11:31 PM  Clear draft'

2019-08-02 16:11:36 - [MESSAGE][PASSED] - Actual text 'Last draft saved on: 02 Aug 2019 04:04:50 PM  Clear draft' and expected text 'Last draft saved on: 02 Aug 2019 04:11:31 PM  Clear draft' are not matched 

2019-08-02 16:11:41 - [MESSAGE][PASSED] - Delayed 4 second(s)

2019-08-02 16:11:41 - [MESSAGE][PASSED] - Object: '' is clicked on

2019-08-02 16:11:43 - [MESSAGE][PASSED] - Delayed 2 second(s)

2019-08-02 16:11:43 - [MESSAGE][PASSED] - Object: '' is clicked on

2019-08-02 16:11:48 - [MESSAGE][PASSED] - Delayed 5 second(s)

2019-08-02 16:11:48 - [MESSAGE][PASSED] - Web element with id: '' located by 'By.xpath: //a[contains(text(),'Clear draft')]' is not present after '2' second(s)

2019-08-02 16:11:52 - [MESSAGE][PASSED] - Delayed 4 second(s)

2019-08-02 16:11:52 - [MESSAGE][PASSED] - Run with 'runner_OM_ExistingBuildings.PurchasingPolicyTestRunner' was passed]]></system-out>
         <system-err><![CDATA[]]></system-err>
      </testcase>
      <system-out><![CDATA[2019-08-02 15:41:11 - [TEST_SUITE][FAILED] - TS_OM_ExistingBuildings: Test Cases/OM_ExistingBuildings/TC_ProjectInformation FAILED.
Reason:
com.kms.katalon.core.exception.StepFailedException: These following reason:
 [Unable to click on object '']
	at com.kms.katalon.core.keyword.internal.KeywordMain.stepFailed(KeywordMain.groovy:48)
	at com.kms.katalon.core.keyword.internal.KeywordMain.stepFailed(KeywordMain.groovy)
	at com.kms.katalon.core.keyword.internal.KeywordMain.stepFailed(KeywordMain.groovy:21)
	at com.kms.katalon.core.keyword.internal.KeywordMain$stepFailed$0.call(Unknown Source)
	at com.kms.katalon.core.cucumber.keyword.CucumberBuiltinKeywords$_runWithCucumberRunner_closure3.doCall(CucumberBuiltinKeywords.groovy:272)
	at com.kms.katalon.core.cucumber.keyword.CucumberBuiltinKeywords$_runWithCucumberRunner_closure3.doCall(CucumberBuiltinKeywords.groovy)
	at com.kms.katalon.core.keyword.internal.KeywordMain.runKeyword(KeywordMain.groovy:66)
	at com.kms.katalon.core.keyword.internal.KeywordMain$runKeyword.call(Unknown Source)
	at com.kms.katalon.core.cucumber.keyword.CucumberBuiltinKeywords.runWithCucumberRunner(CucumberBuiltinKeywords.groovy:257)
	at com.kms.katalon.core.cucumber.keyword.CucumberBuiltinKeywords$runWithCucumberRunner$0.callStatic(Unknown Source)
	at com.kms.katalon.core.cucumber.keyword.CucumberBuiltinKeywords.runWithCucumberRunner(CucumberBuiltinKeywords.groovy:357)
	at com.kms.katalon.core.cucumber.keyword.CucumberBuiltinKeywords$runWithCucumberRunner.call(Unknown Source)
	at TC_ProjectInformation.run(TC_ProjectInformation:17)
	at com.kms.katalon.core.main.ScriptEngine.run(ScriptEngine.java:194)
	at com.kms.katalon.core.main.ScriptEngine.runScriptAsRawText(ScriptEngine.java:119)
	at com.kms.katalon.core.main.TestCaseExecutor.runScript(TestCaseExecutor.java:331)
	at com.kms.katalon.core.main.TestCaseExecutor.doExecute(TestCaseExecutor.java:322)
	at com.kms.katalon.core.main.TestCaseExecutor.processExecutionPhase(TestCaseExecutor.java:301)
	at com.kms.katalon.core.main.TestCaseExecutor.accessMainPhase(TestCaseExecutor.java:293)
	at com.kms.katalon.core.main.TestCaseExecutor.execute(TestCaseExecutor.java:227)
	at com.kms.katalon.core.main.TestSuiteExecutor.accessTestCaseMainPhase(TestSuiteExecutor.java:129)
	at com.kms.katalon.core.main.TestSuiteExecutor.accessTestSuiteMainPhase(TestSuiteExecutor.java:112)
	at com.kms.katalon.core.main.TestSuiteExecutor.execute(TestSuiteExecutor.java:81)
	at com.kms.katalon.core.main.TestCaseMain.startTestSuite(TestCaseMain.java:157)
	at com.kms.katalon.core.main.TestCaseMain$startTestSuite$0.call(Unknown Source)
	at TempTestSuite1564740664170.run(TempTestSuite1564740664170.groovy:35)]]></system-out>
      <system-err><![CDATA[2019-08-02 15:41:11 - [TEST_SUITE][FAILED] - TS_OM_ExistingBuildings: Test Cases/OM_ExistingBuildings/TC_ProjectInformation FAILED.
Reason:
com.kms.katalon.core.exception.StepFailedException: These following reason:
 [Unable to click on object '']
	at com.kms.katalon.core.keyword.internal.KeywordMain.stepFailed(KeywordMain.groovy:48)
	at com.kms.katalon.core.keyword.internal.KeywordMain.stepFailed(KeywordMain.groovy)
	at com.kms.katalon.core.keyword.internal.KeywordMain.stepFailed(KeywordMain.groovy:21)
	at com.kms.katalon.core.keyword.internal.KeywordMain$stepFailed$0.call(Unknown Source)
	at com.kms.katalon.core.cucumber.keyword.CucumberBuiltinKeywords$_runWithCucumberRunner_closure3.doCall(CucumberBuiltinKeywords.groovy:272)
	at com.kms.katalon.core.cucumber.keyword.CucumberBuiltinKeywords$_runWithCucumberRunner_closure3.doCall(CucumberBuiltinKeywords.groovy)
	at com.kms.katalon.core.keyword.internal.KeywordMain.runKeyword(KeywordMain.groovy:66)
	at com.kms.katalon.core.keyword.internal.KeywordMain$runKeyword.call(Unknown Source)
	at com.kms.katalon.core.cucumber.keyword.CucumberBuiltinKeywords.runWithCucumberRunner(CucumberBuiltinKeywords.groovy:257)
	at com.kms.katalon.core.cucumber.keyword.CucumberBuiltinKeywords$runWithCucumberRunner$0.callStatic(Unknown Source)
	at com.kms.katalon.core.cucumber.keyword.CucumberBuiltinKeywords.runWithCucumberRunner(CucumberBuiltinKeywords.groovy:357)
	at com.kms.katalon.core.cucumber.keyword.CucumberBuiltinKeywords$runWithCucumberRunner.call(Unknown Source)
	at TC_ProjectInformation.run(TC_ProjectInformation:17)
	at com.kms.katalon.core.main.ScriptEngine.run(ScriptEngine.java:194)
	at com.kms.katalon.core.main.ScriptEngine.runScriptAsRawText(ScriptEngine.java:119)
	at com.kms.katalon.core.main.TestCaseExecutor.runScript(TestCaseExecutor.java:331)
	at com.kms.katalon.core.main.TestCaseExecutor.doExecute(TestCaseExecutor.java:322)
	at com.kms.katalon.core.main.TestCaseExecutor.processExecutionPhase(TestCaseExecutor.java:301)
	at com.kms.katalon.core.main.TestCaseExecutor.accessMainPhase(TestCaseExecutor.java:293)
	at com.kms.katalon.core.main.TestCaseExecutor.execute(TestCaseExecutor.java:227)
	at com.kms.katalon.core.main.TestSuiteExecutor.accessTestCaseMainPhase(TestSuiteExecutor.java:129)
	at com.kms.katalon.core.main.TestSuiteExecutor.accessTestSuiteMainPhase(TestSuiteExecutor.java:112)
	at com.kms.katalon.core.main.TestSuiteExecutor.execute(TestSuiteExecutor.java:81)
	at com.kms.katalon.core.main.TestCaseMain.startTestSuite(TestCaseMain.java:157)
	at com.kms.katalon.core.main.TestCaseMain$startTestSuite$0.call(Unknown Source)
	at TempTestSuite1564740664170.run(TempTestSuite1564740664170.groovy:35)]]></system-err>
   </testsuite>
</testsuites>
