<?xml version="1.0" encoding="UTF-8"?>
<testsuites name="TS_OM_ExistingBuildings" time="1947" tests="2" failures="1" errors="0">
   <testsuite name="TS_OM_ExistingBuildings" tests="2" failures="1" errors="0" time="1947" timestamp="2019-08-02 13:30:26" hostname="Promantus Inc - G10PROLT021" id="Test Suites/TS_OM_ExistingBuildings">
      <properties>
         <property name="deviceName" value=""/>
         <property name="devicePlatform" value=""/>
         <property name="logFolder" value="G:\\Sabareesh\\Personal\\USGBC_NewApproach1\\USGBC_LEED\\Reports\\TS_OM_ExistingBuildings\\20190802_133023"/>
         <property name="logFiles" value="G:\\Sabareesh\\Personal\\USGBC_NewApproach1\\USGBC_LEED\\Reports\\TS_OM_ExistingBuildings\\20190802_133023\\execution0.log"/>
         <property name="attachments" value=""/>
         <property name="hostName" value="Promantus Inc - G10PROLT021"/>
         <property name="os" value="Windows 10 64bit"/>
         <property name="katalonVersion" value="6.0.5.4"/>
         <property name="browser" value="Chrome 75.0.3770.100"/>
         <property name="hostAddress" value="192.168.0.107"/>
         <property name="sessionId" value="567481518ae17840b575b462514187e4"/>
         <property name="seleniumVersion" value="3.7.1"/>
         <property name="proxyInformation" value="ProxyInformation{proxyOption=NO_PROXY, proxyServerType=HTTP, password=, proxyServerAddress=, proxyServerPort=0}"/>
         <property name="platform" value="Windows 10"/>
      </properties>
      <testcase name="Test Cases/OM_ExistingBuildings/TC_FacilityMaintenanceandRenovationPolicy" classname="Test Cases/OM_ExistingBuildings/TC_FacilityMaintenanceandRenovationPolicy" status="PASSED">
         <system-out><![CDATA[2019-08-02 13:30:27 - [TEST_CASE][PASSED] - Test Cases/OM_ExistingBuildings/TC_FacilityMaintenanceandRenovationPolicy: Test Cases/OM_ExistingBuildings/TC_FacilityMaintenanceandRenovationPolicy

2019-08-02 13:30:28 - [TEST_STEP][PASSED] - runWithCucumberRunner(runner_OM_ExistingBuildings.FacilityMaintenanceandRenovationPolicyTestRunner): Run with 'runner_OM_ExistingBuildings.FacilityMaintenanceandRenovationPolicyTestRunner' was passed

2019-08-02 13:30:30 - [TEST_CASE][PASSED] - Test Cases/TC_Login: Test Cases/TC_Login

2019-08-02 13:30:31 - [TEST_STEP][PASSED] - runWithCucumberRunner(common.LoginRunner): Run with 'common.LoginRunner' was passed

2019-08-02 13:30:31 - [MESSAGE][INFO] - Starting 'Chrome' driver

2019-08-02 13:30:31 - [MESSAGE][INFO] - Action delay is set to 0 seconds

2019-08-02 13:30:38 - [MESSAGE][PASSED] - Browser is opened with url: ''

2019-08-02 13:30:39 - [MESSAGE][PASSED] - Current window maximized

2019-08-02 13:30:42 - [MESSAGE][PASSED] - Navigate to 'https://leedonline-stg.usgbc.org' successfully

2019-08-02 13:30:42 - [MESSAGE][PASSED] - Text 'automationbdd9@gmail.com' is set on object ''

2019-08-02 13:30:42 - [MESSAGE][PASSED] - Text 'initpass' is set on object ''

2019-08-02 13:30:45 - [MESSAGE][PASSED] - Delayed 3 second(s)

2019-08-02 13:30:46 - [MESSAGE][PASSED] - Scroll to object '' successfully

2019-08-02 13:30:46 - [MESSAGE][PASSED] - Object '' is checked

2019-08-02 13:30:50 - [MESSAGE][PASSED] - Delayed 4 second(s)

2019-08-02 13:30:50 - [MESSAGE][PASSED] - The form containing object: '' is submitted

2019-08-02 13:30:50 - [MESSAGE][PASSED] - Run with 'common.LoginRunner' was passed

2019-08-02 13:30:50 - [MESSAGE][PASSED] - Call Test Case 'Test Cases/TC_Login' successfully

2019-08-02 13:30:58 - [MESSAGE][PASSED] - Object: '' is clicked on

2019-08-02 13:30:59 - [MESSAGE][PASSED] - Object: '' is clicked on

2019-08-02 13:31:01 - [MESSAGE][PASSED] - Delayed 2 second(s)

2019-08-02 13:31:03 - [MESSAGE][PASSED] - Text of object '' is: 'ATTEMPTED'

2019-08-02 13:31:06 - [MESSAGE][PASSED] - Delayed 3 second(s)

2019-08-02 13:31:08 - [MESSAGE][PASSED] - Delayed 2 second(s)

2019-08-02 13:31:08 - [MESSAGE][PASSED] - Object: '' is clicked on

2019-08-02 13:31:08 - [MESSAGE][PASSED] - Text of object '' is: 'Facility Maintenance and Renovation Policy'

2019-08-02 13:31:11 - [MESSAGE][PASSED] - Delayed 3 second(s)

2019-08-02 13:31:15 - [MESSAGE][PASSED] - Object: '' is clicked on

2019-08-02 13:31:20 - [MESSAGE][PASSED] - Delayed 5 second(s)

2019-08-02 13:31:20 - [MESSAGE][PASSED] - Text of object '' is: 'Facility Maintenance and Renovation Policy'

2019-08-02 13:31:20 - [MESSAGE][PASSED] - Actual text 'Facility Maintenance and Renovation Policy' and expected text 'Facility Maintenance and Renovation Policy' are matched 

2019-08-02 13:31:20 - [MESSAGE][PASSED] - Text '(V01)' is present on page 

2019-08-02 13:31:20 - [MESSAGE][PASSED] - Object '' has attribute 'class' with value 'tiny ui button'

2019-08-02 13:31:27 - [MESSAGE][PASSED] - Delayed 7 second(s)

2019-08-02 13:31:27 - [MESSAGE][PASSED] - File 'G:\Sabareesh\Personal\USGBC_NewApproach1\USGBC_LEED\Include\TestData\FilesToUpload\COO_1.pdf' sent to object: ''

2019-08-02 13:31:27 - [MESSAGE][PASSED] - Object '' has attribute 'class' with value 'tiny ui button'

2019-08-02 13:31:34 - [MESSAGE][PASSED] - Delayed 7 second(s)

2019-08-02 13:31:34 - [MESSAGE][PASSED] - File 'G:\Sabareesh\Personal\USGBC_NewApproach1\USGBC_LEED\Include\TestData\FilesToUpload\ZZ.pdf' sent to object: ''

2019-08-02 13:31:37 - [MESSAGE][PASSED] - Delayed 3 second(s)

2019-08-02 13:31:37 - [MESSAGE][PASSED] - Object '' has attribute 'class' with value 'tiny ui button'

2019-08-02 13:31:44 - [MESSAGE][PASSED] - Delayed 7 second(s)

2019-08-02 13:31:44 - [MESSAGE][PASSED] - File 'G:\Sabareesh\Personal\USGBC_NewApproach1\USGBC_LEED\Include\TestData\FilesToUpload\COO_1.pdf' sent to object: ''

2019-08-02 13:31:44 - [MESSAGE][PASSED] - Object '' has attribute 'class' with value 'tiny ui button'

2019-08-02 13:31:51 - [MESSAGE][PASSED] - Delayed 7 second(s)

2019-08-02 13:31:51 - [MESSAGE][PASSED] - File 'G:\Sabareesh\Personal\USGBC_NewApproach1\USGBC_LEED\Include\TestData\FilesToUpload\ZZ.pdf' sent to object: ''

2019-08-02 13:31:54 - [MESSAGE][PASSED] - Delayed 3 second(s)

2019-08-02 13:31:55 - [MESSAGE][PASSED] - Text of object '' is: 'COO_1.pdf'

2019-08-02 13:31:57 - [MESSAGE][PASSED] - Delayed 2 second(s)

2019-08-02 13:31:57 - [MESSAGE][PASSED] - COO_1.pdf is equal to COO_1.pdf

2019-08-02 13:31:57 - [MESSAGE][PASSED] - Actual text 'COO_1.pdf' and expected text 'COO_1.pdf' are matched 

2019-08-02 13:31:57 - [MESSAGE][PASSED] - Text of object '' is: 'ZZ.pdf'

2019-08-02 13:31:59 - [MESSAGE][PASSED] - Delayed 2 second(s)

2019-08-02 13:32:01 - [MESSAGE][PASSED] - Delayed 2 second(s)

2019-08-02 13:32:01 - [MESSAGE][PASSED] - ZZ.pdf is equal to ZZ.pdf

2019-08-02 13:32:01 - [MESSAGE][PASSED] - Actual text 'ZZ.pdf' and expected text 'ZZ.pdf' are matched 

2019-08-02 13:32:02 - [MESSAGE][PASSED] - Text of object '' is: 'COO_1.pdf'

2019-08-02 13:32:04 - [MESSAGE][PASSED] - Delayed 2 second(s)

2019-08-02 13:32:04 - [MESSAGE][PASSED] - COO_1.pdf is equal to COO_1.pdf

2019-08-02 13:32:04 - [MESSAGE][PASSED] - Actual text 'COO_1.pdf' and expected text 'COO_1.pdf' are matched 

2019-08-02 13:32:04 - [MESSAGE][PASSED] - Text of object '' is: 'ZZ.pdf'

2019-08-02 13:32:06 - [MESSAGE][PASSED] - Delayed 2 second(s)

2019-08-02 13:32:08 - [MESSAGE][PASSED] - Delayed 2 second(s)

2019-08-02 13:32:08 - [MESSAGE][PASSED] - ZZ.pdf is equal to ZZ.pdf

2019-08-02 13:32:08 - [MESSAGE][PASSED] - Actual text 'ZZ.pdf' and expected text 'ZZ.pdf' are matched 

2019-08-02 13:32:10 - [MESSAGE][PASSED] - Text 'Known that everybody have the personal aim. It is defferent . For example, there are some people think that the most important thing in them life is career. While there are other people think that is family. me too. The most important thing with my life is my small and big family.5WSDE' is set on object ''

2019-08-02 13:32:12 - [MESSAGE][PASSED] - Delayed 2 second(s)

2019-08-02 13:32:12 - [MESSAGE][PASSED] - Text of object '' is: 'Known that everybody have the personal aim. It is defferent . For example, there are some people think that the most important thing in them life is career. While there are other people think that is family. me too. The most important thing with my life is my small and big family.5WSDE'

2019-08-02 13:32:12 - [MESSAGE][PASSED] - Actual text 'Known that everybody have the personal aim. It is defferent . For example, there are some people think that the most important thing in them life is career. While there are other people think that is family. me too. The most important thing with my life is my small and big family.5WSDE' and expected text 'Known that everybody have the personal aim. It is defferent . For example, there are some people think that the most important thing in them life is career. While there are other people think that is family. me too. The most important thing with my life is my small and big family.5WSDE' are matched 

2019-08-02 13:32:12 - [MESSAGE][PASSED] - Object: '' is clicked on

2019-08-02 13:32:16 - [MESSAGE][PASSED] - Delayed 4 second(s)

2019-08-02 13:32:16 - [MESSAGE][PASSED] - Text 'Form data saved successfully.' is present on page 

2019-08-02 13:32:22 - [MESSAGE][PASSED] - Delayed 6 second(s)

2019-08-02 13:32:24 - [MESSAGE][PASSED] - Delayed 2 second(s)

2019-08-02 13:32:24 - [MESSAGE][PASSED] - Object '' is present

2019-08-02 13:32:24 - [MESSAGE][PASSED] - Object: '' is clicked on

2019-08-02 13:32:34 - [MESSAGE][PASSED] - Delayed 10 second(s)

2019-08-02 13:32:40 - [MESSAGE][PASSED] - Delayed 6 second(s)

2019-08-02 13:32:42 - [MESSAGE][PASSED] - Text of object '' is: 'Known that everybody have the personal aim. It is defferent . For example, there are some people think that the most important thing in them life is career. While there are other people think that is family. me too. The most important thing with my life is my small and big family.5WSDE'

2019-08-02 13:32:42 - [MESSAGE][PASSED] - Actual text 'Found' and expected text 'Found' are matched 

2019-08-02 13:32:42 - [MESSAGE][PASSED] - Actual text 'Found' and expected text 'Found' are matched 

2019-08-02 13:32:43 - [MESSAGE][PASSED] - Actual text 'Found' and expected text 'Found' are matched 

2019-08-02 13:32:44 - [MESSAGE][PASSED] - Navigate back successfully

2019-08-02 13:32:46 - [MESSAGE][PASSED] - Delayed 2 second(s)

2019-08-02 13:32:46 - [MESSAGE][PASSED] - Object: '' is clicked on

2019-08-02 13:32:51 - [MESSAGE][PASSED] - Delayed 5 second(s)

2019-08-02 13:32:53 - [MESSAGE][PASSED] - Delayed 2 second(s)

2019-08-02 13:32:54 - [MESSAGE][PASSED] - Navigate forward successfully

2019-08-02 13:32:56 - [MESSAGE][PASSED] - Delayed 2 second(s)

2019-08-02 13:33:01 - [MESSAGE][PASSED] - Delayed 5 second(s)

2019-08-02 13:33:02 - [MESSAGE][PASSED] - Object: '' is clicked on

2019-08-02 13:33:02 - [MESSAGE][PASSED] - Text of object '' is: 'ZZ.pdf'

2019-08-02 13:33:07 - [MESSAGE][PASSED] - Delayed 5 second(s)

2019-08-02 13:33:07 - [MESSAGE][PASSED] - Object: '' is hovered

2019-08-02 13:33:09 - [MESSAGE][PASSED] - Delayed 2 second(s)

2019-08-02 13:33:11 - [MESSAGE][PASSED] - Delayed 2 second(s)

2019-08-02 13:33:16 - [MESSAGE][PASSED] - Delayed 5 second(s)

2019-08-02 13:33:16 - [MESSAGE][PASSED] - Object: '' is clicked on

2019-08-02 13:33:16 - [MESSAGE][PASSED] - Text of object '' is: 'COO_1.pdf'

2019-08-02 13:33:21 - [MESSAGE][PASSED] - Delayed 5 second(s)

2019-08-02 13:33:21 - [MESSAGE][PASSED] - Object: '' is hovered

2019-08-02 13:33:23 - [MESSAGE][PASSED] - Delayed 2 second(s)

2019-08-02 13:33:28 - [MESSAGE][PASSED] - Delayed 5 second(s)

2019-08-02 13:33:30 - [MESSAGE][PASSED] - Delayed 2 second(s)

2019-08-02 13:33:31 - [MESSAGE][PASSED] - Delayed 1 second(s)

2019-08-02 13:33:31 - [MESSAGE][PASSED] - COO_1.pdf exist in G:/Sabareesh/Personal/USGBC_NewApproach1/USGBC_LEED/Include/TestData/DownloadedFiles and was deleted

2019-08-02 13:33:31 - [MESSAGE][PASSED] - 

2019-08-02 13:33:31 - [MESSAGE][PASSED] - Actual text 'COO_1.pdf' and expected text 'COO_1.pdf' are matched 

2019-08-02 13:33:33 - [MESSAGE][PASSED] - Delayed 2 second(s)

2019-08-02 13:33:35 - [MESSAGE][PASSED] - Delayed 2 second(s)

2019-08-02 13:33:36 - [MESSAGE][PASSED] - Delayed 1 second(s)

2019-08-02 13:33:36 - [MESSAGE][PASSED] - ZZ.pdf exist in G:/Sabareesh/Personal/USGBC_NewApproach1/USGBC_LEED/Include/TestData/DownloadedFiles and was deleted

2019-08-02 13:33:36 - [MESSAGE][PASSED] - 

2019-08-02 13:33:36 - [MESSAGE][PASSED] - Actual text 'ZZ.pdf' and expected text 'ZZ.pdf' are matched 

2019-08-02 13:33:38 - [MESSAGE][PASSED] - Delayed 2 second(s)

2019-08-02 13:33:40 - [MESSAGE][PASSED] - Delayed 2 second(s)

2019-08-02 13:33:45 - [MESSAGE][PASSED] - Delayed 5 second(s)

2019-08-02 13:33:46 - [MESSAGE][PASSED] - Object: '' is clicked on

2019-08-02 13:33:46 - [MESSAGE][PASSED] - Text of object '' is: 'ZZ.pdf'

2019-08-02 13:33:51 - [MESSAGE][PASSED] - Delayed 5 second(s)

2019-08-02 13:33:51 - [MESSAGE][PASSED] - Object: '' is hovered

2019-08-02 13:33:53 - [MESSAGE][PASSED] - Delayed 2 second(s)

2019-08-02 13:33:55 - [MESSAGE][PASSED] - Delayed 2 second(s)

2019-08-02 13:34:00 - [MESSAGE][PASSED] - Delayed 5 second(s)

2019-08-02 13:34:00 - [MESSAGE][PASSED] - Object: '' is clicked on

2019-08-02 13:34:00 - [MESSAGE][PASSED] - Text of object '' is: 'COO_1.pdf'

2019-08-02 13:34:05 - [MESSAGE][PASSED] - Delayed 5 second(s)

2019-08-02 13:34:05 - [MESSAGE][PASSED] - Object: '' is hovered

2019-08-02 13:34:07 - [MESSAGE][PASSED] - Delayed 2 second(s)

2019-08-02 13:34:12 - [MESSAGE][PASSED] - Delayed 5 second(s)

2019-08-02 13:34:14 - [MESSAGE][PASSED] - Delayed 2 second(s)

2019-08-02 13:34:15 - [MESSAGE][PASSED] - Delayed 1 second(s)

2019-08-02 13:34:15 - [MESSAGE][PASSED] - COO_1.pdf exist in G:/Sabareesh/Personal/USGBC_NewApproach1/USGBC_LEED/Include/TestData/DownloadedFiles and was deleted

2019-08-02 13:34:15 - [MESSAGE][PASSED] - 

2019-08-02 13:34:15 - [MESSAGE][PASSED] - Actual text 'COO_1.pdf' and expected text 'COO_1.pdf' are matched 

2019-08-02 13:34:17 - [MESSAGE][PASSED] - Delayed 2 second(s)

2019-08-02 13:34:19 - [MESSAGE][PASSED] - Delayed 2 second(s)

2019-08-02 13:34:20 - [MESSAGE][PASSED] - Delayed 1 second(s)

2019-08-02 13:34:20 - [MESSAGE][PASSED] - ZZ.pdf exist in G:/Sabareesh/Personal/USGBC_NewApproach1/USGBC_LEED/Include/TestData/DownloadedFiles and was deleted

2019-08-02 13:34:20 - [MESSAGE][PASSED] - 

2019-08-02 13:34:20 - [MESSAGE][PASSED] - Actual text 'ZZ.pdf' and expected text 'ZZ.pdf' are matched 

2019-08-02 13:34:22 - [MESSAGE][PASSED] - Delayed 2 second(s)

2019-08-02 13:34:22 - [MESSAGE][PASSED] - Object: '' is clicked on

2019-08-02 13:34:24 - [MESSAGE][PASSED] - Delayed 2 second(s)

2019-08-02 13:34:24 - [MESSAGE][PASSED] - Object: '' is clicked on

2019-08-02 13:34:27 - [MESSAGE][PASSED] - Delayed 3 second(s)

2019-08-02 13:34:27 - [MESSAGE][PASSED] - Object '' is present

2019-08-02 13:34:30 - [MESSAGE][PASSED] - Delayed 2 second(s)

2019-08-02 13:34:35 - [MESSAGE][PASSED] - Delayed 5 second(s)

2019-08-02 13:34:35 - [MESSAGE][PASSED] - Object: '' is clicked on

2019-08-02 13:34:37 - [MESSAGE][PASSED] - Delayed 2 second(s)

2019-08-02 13:34:37 - [MESSAGE][PASSED] - Object: '' is clicked on

2019-08-02 13:34:39 - [MESSAGE][PASSED] - Delayed 2 second(s)

2019-08-02 13:34:41 - [MESSAGE][PASSED] - Delayed 2 second(s)

2019-08-02 13:34:46 - [MESSAGE][PASSED] - Delayed 5 second(s)

2019-08-02 13:34:46 - [MESSAGE][PASSED] - Object: '' is clicked on

2019-08-02 13:34:48 - [MESSAGE][PASSED] - Delayed 2 second(s)

2019-08-02 13:34:48 - [MESSAGE][PASSED] - Object: '' is clicked on

2019-08-02 13:34:50 - [MESSAGE][PASSED] - Delayed 2 second(s)

2019-08-02 13:34:55 - [MESSAGE][PASSED] - Delayed 5 second(s)

2019-08-02 13:34:55 - [MESSAGE][PASSED] - Web element with id: '' located by 'By.xpath: (//table[@class='ui collapsing celled table unstackable'])[2]' is not present after '2' second(s)

2019-08-02 13:34:57 - [MESSAGE][PASSED] - Delayed 2 second(s)

2019-08-02 13:35:02 - [MESSAGE][PASSED] - Delayed 5 second(s)

2019-08-02 13:35:03 - [MESSAGE][PASSED] - Object: '' is clicked on

2019-08-02 13:35:05 - [MESSAGE][PASSED] - Delayed 2 second(s)

2019-08-02 13:35:05 - [MESSAGE][PASSED] - Object: '' is clicked on

2019-08-02 13:35:07 - [MESSAGE][PASSED] - Delayed 2 second(s)

2019-08-02 13:35:09 - [MESSAGE][PASSED] - Delayed 2 second(s)

2019-08-02 13:35:14 - [MESSAGE][PASSED] - Delayed 5 second(s)

2019-08-02 13:35:14 - [MESSAGE][PASSED] - Object: '' is clicked on

2019-08-02 13:35:16 - [MESSAGE][PASSED] - Delayed 2 second(s)

2019-08-02 13:35:16 - [MESSAGE][PASSED] - Object: '' is clicked on

2019-08-02 13:35:18 - [MESSAGE][PASSED] - Delayed 2 second(s)

2019-08-02 13:35:23 - [MESSAGE][PASSED] - Delayed 5 second(s)

2019-08-02 13:35:23 - [MESSAGE][PASSED] - Web element with id: '' located by 'By.xpath: (//table[@class='ui collapsing celled table unstackable'])[1]' is not present after '2' second(s)

2019-08-02 13:35:23 - [TEST_CASE][PASSED] - Test Cases/TC_Login: Test Cases/TC_Login

2019-08-02 13:35:23 - [TEST_STEP][PASSED] - runWithCucumberRunner(common.LoginRunner): Run with 'common.LoginRunner' was passed

2019-08-02 13:35:23 - [MESSAGE][WARNING] - A browser is already opened. Closing browser and opening a new one

2019-08-02 13:35:24 - [MESSAGE][INFO] - Starting 'Chrome' driver

2019-08-02 13:35:30 - [MESSAGE][PASSED] - Browser is opened with url: ''

2019-08-02 13:35:31 - [MESSAGE][PASSED] - Current window maximized

2019-08-02 13:35:33 - [MESSAGE][PASSED] - Navigate to 'https://leedonline-stg.usgbc.org' successfully

2019-08-02 13:35:33 - [MESSAGE][PASSED] - Text 'automationbdd9@gmail.com' is set on object ''

2019-08-02 13:35:33 - [MESSAGE][PASSED] - Text 'initpass' is set on object ''

2019-08-02 13:35:36 - [MESSAGE][PASSED] - Delayed 3 second(s)

2019-08-02 13:35:36 - [MESSAGE][PASSED] - Scroll to object '' successfully

2019-08-02 13:35:36 - [MESSAGE][PASSED] - Object '' is checked

2019-08-02 13:35:40 - [MESSAGE][PASSED] - Delayed 4 second(s)

2019-08-02 13:35:41 - [MESSAGE][PASSED] - The form containing object: '' is submitted

2019-08-02 13:35:41 - [MESSAGE][PASSED] - Run with 'common.LoginRunner' was passed

2019-08-02 13:35:41 - [MESSAGE][PASSED] - Call Test Case 'Test Cases/TC_Login' successfully

2019-08-02 13:35:48 - [MESSAGE][PASSED] - Object: '' is clicked on

2019-08-02 13:35:50 - [MESSAGE][PASSED] - Object: '' is clicked on

2019-08-02 13:35:52 - [MESSAGE][PASSED] - Delayed 2 second(s)

2019-08-02 13:35:52 - [MESSAGE][PASSED] - Text of object '' is: 'READY FOR REVIEW'

2019-08-02 13:35:52 - [MESSAGE][PASSED] - Object: '' is clicked on

2019-08-02 13:35:57 - [MESSAGE][PASSED] - Delayed 5 second(s)

2019-08-02 13:36:00 - [MESSAGE][PASSED] - Delayed 3 second(s)

2019-08-02 13:36:02 - [MESSAGE][PASSED] - Delayed 2 second(s)

2019-08-02 13:36:02 - [MESSAGE][PASSED] - Object: '' is clicked on

2019-08-02 13:36:02 - [MESSAGE][PASSED] - Text of object '' is: 'Facility Maintenance and Renovation Policy'

2019-08-02 13:36:05 - [MESSAGE][PASSED] - Delayed 3 second(s)

2019-08-02 13:36:08 - [MESSAGE][PASSED] - Object: '' is clicked on

2019-08-02 13:36:13 - [MESSAGE][PASSED] - Delayed 5 second(s)

2019-08-02 13:36:14 - [MESSAGE][PASSED] - Text 'Because I see the mind is the most important.5CV8W' is set on object ''

2019-08-02 13:36:16 - [MESSAGE][PASSED] - Delayed 2 second(s)

2019-08-02 13:36:16 - [MESSAGE][PASSED] - Text of object '' is: 'Because I see the mind is the most important.5CV8W'

2019-08-02 13:36:16 - [MESSAGE][PASSED] - Actual text 'Because I see the mind is the most important.5CV8W' and expected text 'Because I see the mind is the most important.5CV8W' are matched 

2019-08-02 13:36:26 - [MESSAGE][PASSED] - Delayed 10 second(s)

2019-08-02 13:36:26 - [MESSAGE][PASSED] - Text of object '' is: 'Last draft saved on: 02 Aug 2019 01:36:19 PM  Clear draft'

2019-08-02 13:36:26 - [MESSAGE][PASSED] - Actual text 'null' and expected text 'Last draft saved on: 02 Aug 2019 01:36:19 PM  Clear draft' are not matched 

2019-08-02 13:36:36 - [MESSAGE][PASSED] - Delayed 10 second(s)

2019-08-02 13:36:36 - [MESSAGE][PASSED] - Text of object '' is: 'Last draft saved on: 02 Aug 2019 01:36:19 PM  Clear draft'

2019-08-02 13:36:36 - [MESSAGE][PASSED] - Actual text 'Last draft saved on: 02 Aug 2019 01:36:19 PM  Clear draft' and expected text 'Last draft saved on: 02 Aug 2019 01:36:19 PM  Clear draft' are matched 

2019-08-02 13:36:37 - [MESSAGE][PASSED] - Object '' has attribute 'class' with value 'tiny ui button'

2019-08-02 13:36:44 - [MESSAGE][PASSED] - Delayed 7 second(s)

2019-08-02 13:36:44 - [MESSAGE][PASSED] - File 'G:\Sabareesh\Personal\USGBC_NewApproach1\USGBC_LEED\Include\TestData\FilesToUpload\COO_1.pdf' sent to object: ''

2019-08-02 13:36:44 - [MESSAGE][PASSED] - Object '' has attribute 'class' with value 'tiny ui button'

2019-08-02 13:36:51 - [MESSAGE][PASSED] - Delayed 7 second(s)

2019-08-02 13:36:51 - [MESSAGE][PASSED] - File 'G:\Sabareesh\Personal\USGBC_NewApproach1\USGBC_LEED\Include\TestData\FilesToUpload\ZZ.pdf' sent to object: ''

2019-08-02 13:36:54 - [MESSAGE][PASSED] - Delayed 3 second(s)

2019-08-02 13:36:54 - [MESSAGE][PASSED] - Object '' has attribute 'class' with value 'tiny ui button'

2019-08-02 13:37:01 - [MESSAGE][PASSED] - Delayed 7 second(s)

2019-08-02 13:37:01 - [MESSAGE][PASSED] - File 'G:\Sabareesh\Personal\USGBC_NewApproach1\USGBC_LEED\Include\TestData\FilesToUpload\COO_1.pdf' sent to object: ''

2019-08-02 13:37:01 - [MESSAGE][PASSED] - Object '' has attribute 'class' with value 'tiny ui button'

2019-08-02 13:37:08 - [MESSAGE][PASSED] - Delayed 7 second(s)

2019-08-02 13:37:08 - [MESSAGE][PASSED] - File 'G:\Sabareesh\Personal\USGBC_NewApproach1\USGBC_LEED\Include\TestData\FilesToUpload\ZZ.pdf' sent to object: ''

2019-08-02 13:37:11 - [MESSAGE][PASSED] - Delayed 3 second(s)

2019-08-02 13:37:21 - [MESSAGE][PASSED] - Delayed 10 second(s)

2019-08-02 13:37:21 - [MESSAGE][PASSED] - Text of object '' is: 'Last draft saved on: 02 Aug 2019 01:36:19 PM  Clear draft'

2019-08-02 13:37:21 - [MESSAGE][PASSED] - Actual text 'Last draft saved on: 02 Aug 2019 01:36:19 PM  Clear draft' and expected text 'Last draft saved on: 02 Aug 2019 01:36:19 PM  Clear draft' are matched 

2019-08-02 13:37:21 - [MESSAGE][PASSED] - Object: '' is clicked on

2019-08-02 13:37:22 - [MESSAGE][PASSED] - Object: '' is clicked on

2019-08-02 13:37:24 - [MESSAGE][PASSED] - Delayed 2 second(s)

2019-08-02 13:37:24 - [TEST_CASE][PASSED] - Test Cases/TC_Login: Test Cases/TC_Login

2019-08-02 13:37:24 - [TEST_STEP][PASSED] - runWithCucumberRunner(common.LoginRunner): Run with 'common.LoginRunner' was passed

2019-08-02 13:37:24 - [MESSAGE][WARNING] - A browser is already opened. Closing browser and opening a new one

2019-08-02 13:37:26 - [MESSAGE][INFO] - Starting 'Chrome' driver

2019-08-02 13:37:30 - [MESSAGE][PASSED] - Browser is opened with url: ''

2019-08-02 13:37:31 - [MESSAGE][PASSED] - Current window maximized

2019-08-02 13:37:32 - [MESSAGE][PASSED] - Navigate to 'https://leedonline-stg.usgbc.org' successfully

2019-08-02 13:37:33 - [MESSAGE][PASSED] - Text 'automationbdd9@gmail.com' is set on object ''

2019-08-02 13:37:33 - [MESSAGE][PASSED] - Text 'initpass' is set on object ''

2019-08-02 13:37:36 - [MESSAGE][PASSED] - Delayed 3 second(s)

2019-08-02 13:37:36 - [MESSAGE][PASSED] - Scroll to object '' successfully

2019-08-02 13:37:36 - [MESSAGE][PASSED] - Object '' is checked

2019-08-02 13:37:40 - [MESSAGE][PASSED] - Delayed 4 second(s)

2019-08-02 13:37:41 - [MESSAGE][PASSED] - The form containing object: '' is submitted

2019-08-02 13:37:41 - [MESSAGE][PASSED] - Run with 'common.LoginRunner' was passed

2019-08-02 13:37:41 - [MESSAGE][PASSED] - Call Test Case 'Test Cases/TC_Login' successfully

2019-08-02 13:37:43 - [MESSAGE][PASSED] - Delayed 2 second(s)

2019-08-02 13:37:48 - [MESSAGE][PASSED] - Object: '' is clicked on

2019-08-02 13:37:50 - [MESSAGE][PASSED] - Delayed 2 second(s)

2019-08-02 13:37:52 - [MESSAGE][PASSED] - Object: '' is clicked on

2019-08-02 13:37:54 - [MESSAGE][PASSED] - Delayed 2 second(s)

2019-08-02 13:37:56 - [MESSAGE][PASSED] - Delayed 2 second(s)

2019-08-02 13:37:56 - [MESSAGE][PASSED] - Object: '' is clicked on

2019-08-02 13:37:56 - [MESSAGE][PASSED] - Text of object '' is: 'Facility Maintenance and Renovation Policy'

2019-08-02 13:37:59 - [MESSAGE][PASSED] - Delayed 3 second(s)

2019-08-02 13:38:02 - [MESSAGE][PASSED] - Object: '' is clicked on

2019-08-02 13:38:06 - [MESSAGE][PASSED] - Delayed 4 second(s)

2019-08-02 13:38:06 - [MESSAGE][PASSED] - Object '' is present

2019-08-02 13:38:06 - [MESSAGE][PASSED] - Text of object '' is: 'Last draft saved on: 02 Aug 2019 01:36:19 PM  Clear draft'

2019-08-02 13:38:06 - [MESSAGE][PASSED] - Actual text 'Last draft saved on: 02 Aug 2019 01:36:19 PM  Clear draft' and expected text 'Last draft saved on: 02 Aug 2019 01:36:19 PM  Clear draft' are matched 

2019-08-02 13:38:07 - [MESSAGE][PASSED] - Object: '' is clicked on

2019-08-02 13:38:11 - [MESSAGE][PASSED] - Delayed 4 second(s)

2019-08-02 13:38:13 - [MESSAGE][PASSED] - Delayed 2 second(s)

2019-08-02 13:38:18 - [MESSAGE][PASSED] - Delayed 5 second(s)

2019-08-02 13:38:18 - [MESSAGE][PASSED] - Object: '' is clicked on

2019-08-02 13:38:20 - [MESSAGE][PASSED] - Delayed 2 second(s)

2019-08-02 13:38:20 - [MESSAGE][PASSED] - Object: '' is clicked on

2019-08-02 13:38:22 - [MESSAGE][PASSED] - Delayed 2 second(s)

2019-08-02 13:38:24 - [MESSAGE][PASSED] - Delayed 2 second(s)

2019-08-02 13:38:29 - [MESSAGE][PASSED] - Delayed 5 second(s)

2019-08-02 13:38:30 - [MESSAGE][PASSED] - Object: '' is clicked on

2019-08-02 13:38:32 - [MESSAGE][PASSED] - Delayed 2 second(s)

2019-08-02 13:38:32 - [MESSAGE][PASSED] - Object: '' is clicked on

2019-08-02 13:38:34 - [MESSAGE][PASSED] - Delayed 2 second(s)

2019-08-02 13:38:39 - [MESSAGE][PASSED] - Delayed 5 second(s)

2019-08-02 13:38:39 - [MESSAGE][PASSED] - Web element with id: '' located by 'By.xpath: (//table[@class='ui collapsing celled table unstackable'])[2]' is not present after '2' second(s)

2019-08-02 13:38:41 - [MESSAGE][PASSED] - Delayed 2 second(s)

2019-08-02 13:38:46 - [MESSAGE][PASSED] - Delayed 5 second(s)

2019-08-02 13:38:46 - [MESSAGE][PASSED] - Object: '' is clicked on

2019-08-02 13:38:48 - [MESSAGE][PASSED] - Delayed 2 second(s)

2019-08-02 13:38:48 - [MESSAGE][PASSED] - Object: '' is clicked on

2019-08-02 13:38:50 - [MESSAGE][PASSED] - Delayed 2 second(s)

2019-08-02 13:38:52 - [MESSAGE][PASSED] - Delayed 2 second(s)

2019-08-02 13:38:57 - [MESSAGE][PASSED] - Delayed 5 second(s)

2019-08-02 13:38:57 - [MESSAGE][PASSED] - Object: '' is clicked on

2019-08-02 13:38:59 - [MESSAGE][PASSED] - Delayed 2 second(s)

2019-08-02 13:38:59 - [MESSAGE][PASSED] - Object: '' is clicked on

2019-08-02 13:39:01 - [MESSAGE][PASSED] - Delayed 2 second(s)

2019-08-02 13:39:06 - [MESSAGE][PASSED] - Delayed 5 second(s)

2019-08-02 13:39:06 - [MESSAGE][PASSED] - Web element with id: '' located by 'By.xpath: (//table[@class='ui collapsing celled table unstackable'])[1]' is not present after '2' second(s)

2019-08-02 13:39:06 - [MESSAGE][PASSED] - Web element with id: '' located by 'By.xpath: //a[contains(text(),'Clear draft')]' is not present after '3' second(s)

2019-08-02 13:39:06 - [MESSAGE][PASSED] - Web element with id: '' located by 'By.xpath: //div[contains(text(),'Form drafted and not yet saved!')]' is not present after '2' second(s)

2019-08-02 13:39:07 - [MESSAGE][PASSED] - Text 'Because I see the mind is the most important.9MZYN' is set on object ''

2019-08-02 13:39:09 - [MESSAGE][PASSED] - Delayed 2 second(s)

2019-08-02 13:39:09 - [MESSAGE][PASSED] - Text of object '' is: 'Because I see the mind is the most important.9MZYN'

2019-08-02 13:39:09 - [MESSAGE][PASSED] - Actual text 'Because I see the mind is the most important.9MZYN' and expected text 'Because I see the mind is the most important.9MZYN' are matched 

2019-08-02 13:39:19 - [MESSAGE][PASSED] - Delayed 10 second(s)

2019-08-02 13:39:19 - [MESSAGE][PASSED] - Text of object '' is: 'Last draft saved on: 02 Aug 2019 01:39:07 PM  Clear draft'

2019-08-02 13:39:19 - [MESSAGE][PASSED] - Actual text 'Last draft saved on: 02 Aug 2019 01:36:19 PM  Clear draft' and expected text 'Last draft saved on: 02 Aug 2019 01:39:07 PM  Clear draft' are not matched 

2019-08-02 13:39:23 - [MESSAGE][PASSED] - Delayed 4 second(s)

2019-08-02 13:39:23 - [MESSAGE][PASSED] - Object: '' is clicked on

2019-08-02 13:39:25 - [MESSAGE][PASSED] - Delayed 2 second(s)

2019-08-02 13:39:26 - [MESSAGE][PASSED] - Object: '' is clicked on

2019-08-02 13:39:31 - [MESSAGE][PASSED] - Delayed 5 second(s)

2019-08-02 13:39:31 - [MESSAGE][PASSED] - Web element with id: '' located by 'By.xpath: //a[contains(text(),'Clear draft')]' is not present after '2' second(s)

2019-08-02 13:39:35 - [MESSAGE][PASSED] - Delayed 4 second(s)

2019-08-02 13:39:35 - [MESSAGE][PASSED] - Run with 'runner_OM_ExistingBuildings.FacilityMaintenanceandRenovationPolicyTestRunner' was passed]]></system-out>
         <system-err><![CDATA[]]></system-err>
      </testcase>
      <testcase name="Test Cases/OM_ExistingBuildings/TC_IntegratedPestManagement" classname="Test Cases/OM_ExistingBuildings/TC_IntegratedPestManagement" status="PASSED">
         <system-out><![CDATA[2019-08-02 13:39:35 - [TEST_CASE][PASSED] - Test Cases/OM_ExistingBuildings/TC_IntegratedPestManagement: Test Cases/OM_ExistingBuildings/TC_IntegratedPestManagement

2019-08-02 13:39:35 - [TEST_STEP][PASSED] - runWithCucumberRunner(runner_OM_ExistingBuildings.IntegratedPestManagementTestRunner): Run with 'runner_OM_ExistingBuildings.IntegratedPestManagementTestRunner' was passed

2019-08-02 13:39:35 - [TEST_CASE][PASSED] - Test Cases/TC_Login: Test Cases/TC_Login

2019-08-02 13:39:35 - [TEST_STEP][PASSED] - runWithCucumberRunner(common.LoginRunner): Run with 'common.LoginRunner' was passed

2019-08-02 13:39:35 - [MESSAGE][WARNING] - A browser is already opened. Closing browser and opening a new one

2019-08-02 13:39:36 - [MESSAGE][INFO] - Starting 'Chrome' driver

2019-08-02 13:39:40 - [MESSAGE][PASSED] - Browser is opened with url: ''

2019-08-02 13:39:41 - [MESSAGE][PASSED] - Current window maximized

2019-08-02 13:39:44 - [MESSAGE][PASSED] - Navigate to 'https://leedonline-stg.usgbc.org' successfully

2019-08-02 13:39:45 - [MESSAGE][PASSED] - Text 'automationbdd9@gmail.com' is set on object ''

2019-08-02 13:39:45 - [MESSAGE][PASSED] - Text 'initpass' is set on object ''

2019-08-02 13:39:48 - [MESSAGE][PASSED] - Delayed 3 second(s)

2019-08-02 13:39:48 - [MESSAGE][PASSED] - Scroll to object '' successfully

2019-08-02 13:39:48 - [MESSAGE][PASSED] - Object '' is checked

2019-08-02 13:39:52 - [MESSAGE][PASSED] - Delayed 4 second(s)

2019-08-02 13:39:53 - [MESSAGE][PASSED] - The form containing object: '' is submitted

2019-08-02 13:39:53 - [MESSAGE][PASSED] - Run with 'common.LoginRunner' was passed

2019-08-02 13:39:53 - [MESSAGE][PASSED] - Call Test Case 'Test Cases/TC_Login' successfully

2019-08-02 13:40:00 - [MESSAGE][PASSED] - Object: '' is clicked on

2019-08-02 13:40:02 - [MESSAGE][PASSED] - Object: '' is clicked on

2019-08-02 13:40:04 - [MESSAGE][PASSED] - Delayed 2 second(s)

2019-08-02 13:40:04 - [MESSAGE][PASSED] - Text of object '' is: 'ATTEMPTED'

2019-08-02 13:40:07 - [MESSAGE][PASSED] - Delayed 3 second(s)

2019-08-02 13:40:09 - [MESSAGE][PASSED] - Delayed 2 second(s)

2019-08-02 13:40:09 - [MESSAGE][PASSED] - Object: '' is clicked on

2019-08-02 13:40:09 - [MESSAGE][PASSED] - Text of object '' is: 'Integrated Pest Management'

2019-08-02 13:40:12 - [MESSAGE][PASSED] - Delayed 3 second(s)

2019-08-02 13:40:16 - [MESSAGE][PASSED] - Object: '' is clicked on

2019-08-02 13:40:21 - [MESSAGE][PASSED] - Delayed 5 second(s)

2019-08-02 13:40:21 - [MESSAGE][PASSED] - Text of object '' is: 'Integrated Pest Management'

2019-08-02 13:40:21 - [MESSAGE][PASSED] - Actual text 'Integrated Pest Management' and expected text 'Integrated Pest Management' are matched 

2019-08-02 13:40:21 - [MESSAGE][PASSED] - Text '(V01)' is present on page 

2019-08-02 13:40:21 - [MESSAGE][PASSED] - Object: '' is clicked on

2019-08-02 13:40:21 - [MESSAGE][PASSED] - Object '' has attribute 'class' with value 'tiny ui button'

2019-08-02 13:40:28 - [MESSAGE][PASSED] - Delayed 7 second(s)

2019-08-02 13:40:28 - [MESSAGE][PASSED] - File 'G:\Sabareesh\Personal\USGBC_NewApproach1\USGBC_LEED\Include\TestData\FilesToUpload\COO_1.pdf' sent to object: ''

2019-08-02 13:40:28 - [MESSAGE][PASSED] - Object '' has attribute 'class' with value 'tiny ui button'

2019-08-02 13:40:35 - [MESSAGE][PASSED] - Delayed 7 second(s)

2019-08-02 13:40:35 - [MESSAGE][PASSED] - File 'G:\Sabareesh\Personal\USGBC_NewApproach1\USGBC_LEED\Include\TestData\FilesToUpload\ZZ.pdf' sent to object: ''

2019-08-02 13:40:38 - [MESSAGE][PASSED] - Delayed 3 second(s)

2019-08-02 13:40:38 - [MESSAGE][PASSED] - Object '' has attribute 'class' with value 'tiny ui button'

2019-08-02 13:40:45 - [MESSAGE][PASSED] - Delayed 7 second(s)

2019-08-02 13:40:45 - [MESSAGE][PASSED] - File 'G:\Sabareesh\Personal\USGBC_NewApproach1\USGBC_LEED\Include\TestData\FilesToUpload\COO_1.pdf' sent to object: ''

2019-08-02 13:40:45 - [MESSAGE][PASSED] - Object '' has attribute 'class' with value 'tiny ui button'

2019-08-02 13:40:52 - [MESSAGE][PASSED] - Delayed 7 second(s)

2019-08-02 13:40:53 - [MESSAGE][PASSED] - File 'G:\Sabareesh\Personal\USGBC_NewApproach1\USGBC_LEED\Include\TestData\FilesToUpload\ZZ.pdf' sent to object: ''

2019-08-02 13:40:56 - [MESSAGE][PASSED] - Delayed 3 second(s)

2019-08-02 13:40:56 - [MESSAGE][PASSED] - Object '' has attribute 'class' with value 'tiny ui button'

2019-08-02 13:41:03 - [MESSAGE][PASSED] - Delayed 7 second(s)

2019-08-02 13:41:03 - [MESSAGE][PASSED] - File 'G:\Sabareesh\Personal\USGBC_NewApproach1\USGBC_LEED\Include\TestData\FilesToUpload\COO_1.pdf' sent to object: ''

2019-08-02 13:41:03 - [MESSAGE][PASSED] - Object '' has attribute 'class' with value 'tiny ui button'

2019-08-02 13:41:10 - [MESSAGE][PASSED] - Delayed 7 second(s)

2019-08-02 13:41:10 - [MESSAGE][PASSED] - File 'G:\Sabareesh\Personal\USGBC_NewApproach1\USGBC_LEED\Include\TestData\FilesToUpload\ZZ.pdf' sent to object: ''

2019-08-02 13:41:13 - [MESSAGE][PASSED] - Delayed 3 second(s)

2019-08-02 13:41:13 - [MESSAGE][PASSED] - Text of object '' is: 'ZZ.pdf'

2019-08-02 13:41:15 - [MESSAGE][PASSED] - Delayed 2 second(s)

2019-08-02 13:41:17 - [MESSAGE][PASSED] - Delayed 2 second(s)

2019-08-02 13:41:17 - [MESSAGE][PASSED] - ZZ.pdf is equal to ZZ.pdf

2019-08-02 13:41:17 - [MESSAGE][PASSED] - Actual text 'ZZ.pdf' and expected text 'ZZ.pdf' are matched 

2019-08-02 13:41:17 - [MESSAGE][PASSED] - Text of object '' is: 'COO_1.pdf'

2019-08-02 13:41:19 - [MESSAGE][PASSED] - Delayed 2 second(s)

2019-08-02 13:41:19 - [MESSAGE][PASSED] - COO_1.pdf is equal to COO_1.pdf

2019-08-02 13:41:19 - [MESSAGE][PASSED] - Actual text 'COO_1.pdf' and expected text 'COO_1.pdf' are matched 

2019-08-02 13:41:19 - [MESSAGE][PASSED] - Text of object '' is: 'ZZ.pdf'

2019-08-02 13:41:21 - [MESSAGE][PASSED] - Delayed 2 second(s)

2019-08-02 13:41:23 - [MESSAGE][PASSED] - Delayed 2 second(s)

2019-08-02 13:41:23 - [MESSAGE][PASSED] - ZZ.pdf is equal to ZZ.pdf

2019-08-02 13:41:23 - [MESSAGE][PASSED] - Actual text 'ZZ.pdf' and expected text 'ZZ.pdf' are matched 

2019-08-02 13:41:23 - [MESSAGE][PASSED] - Text of object '' is: 'COO_1.pdf'

2019-08-02 13:41:25 - [MESSAGE][PASSED] - Delayed 2 second(s)

2019-08-02 13:41:25 - [MESSAGE][PASSED] - COO_1.pdf is equal to COO_1.pdf

2019-08-02 13:41:25 - [MESSAGE][PASSED] - Actual text 'COO_1.pdf' and expected text 'COO_1.pdf' are matched 

2019-08-02 13:41:26 - [MESSAGE][PASSED] - Text of object '' is: 'ZZ.pdf'

2019-08-02 13:41:28 - [MESSAGE][PASSED] - Delayed 2 second(s)

2019-08-02 13:41:30 - [MESSAGE][PASSED] - Delayed 2 second(s)

2019-08-02 13:41:30 - [MESSAGE][PASSED] - ZZ.pdf is equal to ZZ.pdf

2019-08-02 13:41:30 - [MESSAGE][PASSED] - Actual text 'ZZ.pdf' and expected text 'ZZ.pdf' are matched 

2019-08-02 13:41:30 - [MESSAGE][PASSED] - Text of object '' is: 'COO_1.pdf'

2019-08-02 13:41:32 - [MESSAGE][PASSED] - Delayed 2 second(s)

2019-08-02 13:41:32 - [MESSAGE][PASSED] - COO_1.pdf is equal to COO_1.pdf

2019-08-02 13:41:32 - [MESSAGE][PASSED] - Actual text 'COO_1.pdf' and expected text 'COO_1.pdf' are matched 

2019-08-02 13:41:34 - [MESSAGE][PASSED] - Text 'Known that everybody have the personal aim. It is defferent . For example, there are some people think that the most important thing in them life is career. While there are other people think that is family. me too. The most important thing with my life is my small and big family.JTA1Z' is set on object ''

2019-08-02 13:41:36 - [MESSAGE][PASSED] - Delayed 2 second(s)

2019-08-02 13:41:36 - [MESSAGE][PASSED] - Text of object '' is: 'Known that everybody have the personal aim. It is defferent . For example, there are some people think that the most important thing in them life is career. While there are other people think that is family. me too. The most important thing with my life is my small and big family.JTA1Z'

2019-08-02 13:41:36 - [MESSAGE][PASSED] - Actual text 'Known that everybody have the personal aim. It is defferent . For example, there are some people think that the most important thing in them life is career. While there are other people think that is family. me too. The most important thing with my life is my small and big family.JTA1Z' and expected text 'Known that everybody have the personal aim. It is defferent . For example, there are some people think that the most important thing in them life is career. While there are other people think that is family. me too. The most important thing with my life is my small and big family.JTA1Z' are matched 

2019-08-02 13:41:36 - [MESSAGE][PASSED] - Object: '' is clicked on

2019-08-02 13:41:40 - [MESSAGE][PASSED] - Delayed 4 second(s)

2019-08-02 13:41:40 - [MESSAGE][PASSED] - Text 'Form data saved successfully.' is present on page 

2019-08-02 13:41:46 - [MESSAGE][PASSED] - Delayed 6 second(s)

2019-08-02 13:41:48 - [MESSAGE][PASSED] - Delayed 2 second(s)

2019-08-02 13:41:48 - [MESSAGE][PASSED] - Object '' is present

2019-08-02 13:41:48 - [MESSAGE][PASSED] - Object: '' is clicked on

2019-08-02 13:41:58 - [MESSAGE][PASSED] - Delayed 10 second(s)

2019-08-02 13:42:04 - [MESSAGE][PASSED] - Delayed 6 second(s)

2019-08-02 13:42:05 - [MESSAGE][PASSED] - Text of object '' is: 'Known that everybody have the personal aim. It is defferent . For example, there are some people think that the most important thing in them life is career. While there are other people think that is family. me too. The most important thing with my life is my small and big family.JTA1Z'

2019-08-02 13:42:05 - [MESSAGE][PASSED] - Actual text 'Found' and expected text 'Found' are matched 

2019-08-02 13:42:05 - [MESSAGE][PASSED] - Actual text 'Found' and expected text 'Found' are matched 

2019-08-02 13:42:05 - [MESSAGE][PASSED] - Actual text 'Found' and expected text 'Found' are matched 

2019-08-02 13:42:05 - [MESSAGE][PASSED] - Actual text 'Found' and expected text 'Found' are matched 

2019-08-02 13:42:06 - [MESSAGE][PASSED] - Navigate back successfully

2019-08-02 13:42:08 - [MESSAGE][PASSED] - Delayed 2 second(s)

2019-08-02 13:42:08 - [MESSAGE][PASSED] - Object: '' is clicked on

2019-08-02 13:42:13 - [MESSAGE][PASSED] - Delayed 5 second(s)

2019-08-02 13:42:15 - [MESSAGE][PASSED] - Delayed 2 second(s)

2019-08-02 13:42:17 - [MESSAGE][PASSED] - Navigate forward successfully

2019-08-02 13:42:19 - [MESSAGE][PASSED] - Delayed 2 second(s)

2019-08-02 13:42:24 - [MESSAGE][PASSED] - Delayed 5 second(s)

2019-08-02 13:42:24 - [MESSAGE][PASSED] - Object: '' is clicked on

2019-08-02 13:42:24 - [MESSAGE][PASSED] - Text of object '' is: 'COO_1.pdf'

2019-08-02 13:42:29 - [MESSAGE][PASSED] - Delayed 5 second(s)

2019-08-02 13:42:29 - [MESSAGE][PASSED] - Object: '' is hovered

2019-08-02 13:42:31 - [MESSAGE][PASSED] - Delayed 2 second(s)

2019-08-02 13:42:33 - [MESSAGE][PASSED] - Delayed 2 second(s)

2019-08-02 13:42:38 - [MESSAGE][PASSED] - Delayed 5 second(s)

2019-08-02 13:42:39 - [MESSAGE][PASSED] - Object: '' is clicked on

2019-08-02 13:42:39 - [MESSAGE][PASSED] - Text of object '' is: 'ZZ.pdf'

2019-08-02 13:42:44 - [MESSAGE][PASSED] - Delayed 5 second(s)

2019-08-02 13:42:44 - [MESSAGE][PASSED] - Object: '' is hovered

2019-08-02 13:42:46 - [MESSAGE][PASSED] - Delayed 2 second(s)

2019-08-02 13:42:51 - [MESSAGE][PASSED] - Delayed 5 second(s)

2019-08-02 13:42:53 - [MESSAGE][PASSED] - Delayed 2 second(s)

2019-08-02 13:42:54 - [MESSAGE][PASSED] - Delayed 1 second(s)

2019-08-02 13:42:54 - [MESSAGE][PASSED] - COO_1.pdf exist in G:/Sabareesh/Personal/USGBC_NewApproach1/USGBC_LEED/Include/TestData/DownloadedFiles and was deleted

2019-08-02 13:42:54 - [MESSAGE][PASSED] - 

2019-08-02 13:42:54 - [MESSAGE][PASSED] - Actual text 'COO_1.pdf' and expected text 'COO_1.pdf' are matched 

2019-08-02 13:42:56 - [MESSAGE][PASSED] - Delayed 2 second(s)

2019-08-02 13:42:58 - [MESSAGE][PASSED] - Delayed 2 second(s)

2019-08-02 13:42:59 - [MESSAGE][PASSED] - Delayed 1 second(s)

2019-08-02 13:42:59 - [MESSAGE][PASSED] - ZZ.pdf exist in G:/Sabareesh/Personal/USGBC_NewApproach1/USGBC_LEED/Include/TestData/DownloadedFiles and was deleted

2019-08-02 13:42:59 - [MESSAGE][PASSED] - 

2019-08-02 13:42:59 - [MESSAGE][PASSED] - Actual text 'ZZ.pdf' and expected text 'ZZ.pdf' are matched 

2019-08-02 13:43:01 - [MESSAGE][PASSED] - Delayed 2 second(s)

2019-08-02 13:43:03 - [MESSAGE][PASSED] - Delayed 2 second(s)

2019-08-02 13:43:08 - [MESSAGE][PASSED] - Delayed 5 second(s)

2019-08-02 13:43:08 - [MESSAGE][PASSED] - Object: '' is clicked on

2019-08-02 13:43:08 - [MESSAGE][PASSED] - Text of object '' is: 'COO_1.pdf'

2019-08-02 13:43:13 - [MESSAGE][PASSED] - Delayed 5 second(s)

2019-08-02 13:43:13 - [MESSAGE][PASSED] - Object: '' is hovered

2019-08-02 13:43:15 - [MESSAGE][PASSED] - Delayed 2 second(s)

2019-08-02 13:43:17 - [MESSAGE][PASSED] - Delayed 2 second(s)

2019-08-02 13:43:22 - [MESSAGE][PASSED] - Delayed 5 second(s)

2019-08-02 13:43:22 - [MESSAGE][PASSED] - Object: '' is clicked on

2019-08-02 13:43:22 - [MESSAGE][PASSED] - Text of object '' is: 'ZZ.pdf'

2019-08-02 13:43:27 - [MESSAGE][PASSED] - Delayed 5 second(s)

2019-08-02 13:43:28 - [MESSAGE][PASSED] - Object: '' is hovered

2019-08-02 13:43:30 - [MESSAGE][PASSED] - Delayed 2 second(s)

2019-08-02 13:43:35 - [MESSAGE][PASSED] - Delayed 5 second(s)

2019-08-02 13:43:37 - [MESSAGE][PASSED] - Delayed 2 second(s)

2019-08-02 13:43:38 - [MESSAGE][PASSED] - Delayed 1 second(s)

2019-08-02 13:43:38 - [MESSAGE][PASSED] - COO_1.pdf exist in G:/Sabareesh/Personal/USGBC_NewApproach1/USGBC_LEED/Include/TestData/DownloadedFiles and was deleted

2019-08-02 13:43:38 - [MESSAGE][PASSED] - 

2019-08-02 13:43:38 - [MESSAGE][PASSED] - Actual text 'COO_1.pdf' and expected text 'COO_1.pdf' are matched 

2019-08-02 13:43:40 - [MESSAGE][PASSED] - Delayed 2 second(s)

2019-08-02 13:43:42 - [MESSAGE][PASSED] - Delayed 2 second(s)

2019-08-02 13:43:43 - [MESSAGE][PASSED] - Delayed 1 second(s)

2019-08-02 13:43:43 - [MESSAGE][PASSED] - ZZ.pdf exist in G:/Sabareesh/Personal/USGBC_NewApproach1/USGBC_LEED/Include/TestData/DownloadedFiles and was deleted

2019-08-02 13:43:43 - [MESSAGE][PASSED] - 

2019-08-02 13:43:43 - [MESSAGE][PASSED] - Actual text 'ZZ.pdf' and expected text 'ZZ.pdf' are matched 

2019-08-02 13:43:45 - [MESSAGE][PASSED] - Delayed 2 second(s)

2019-08-02 13:43:47 - [MESSAGE][PASSED] - Delayed 2 second(s)

2019-08-02 13:43:52 - [MESSAGE][PASSED] - Delayed 5 second(s)

2019-08-02 13:43:52 - [MESSAGE][PASSED] - Object: '' is clicked on

2019-08-02 13:43:52 - [MESSAGE][PASSED] - Text of object '' is: 'COO_1.pdf'

2019-08-02 13:43:57 - [MESSAGE][PASSED] - Delayed 5 second(s)

2019-08-02 13:43:57 - [MESSAGE][PASSED] - Object: '' is hovered

2019-08-02 13:43:59 - [MESSAGE][PASSED] - Delayed 2 second(s)

2019-08-02 13:44:01 - [MESSAGE][PASSED] - Delayed 2 second(s)

2019-08-02 13:44:06 - [MESSAGE][PASSED] - Delayed 5 second(s)

2019-08-02 13:44:06 - [MESSAGE][PASSED] - Object: '' is clicked on

2019-08-02 13:44:06 - [MESSAGE][PASSED] - Text of object '' is: 'ZZ.pdf'

2019-08-02 13:44:11 - [MESSAGE][PASSED] - Delayed 5 second(s)

2019-08-02 13:44:11 - [MESSAGE][PASSED] - Object: '' is hovered

2019-08-02 13:44:13 - [MESSAGE][PASSED] - Delayed 2 second(s)

2019-08-02 13:44:18 - [MESSAGE][PASSED] - Delayed 5 second(s)

2019-08-02 13:44:20 - [MESSAGE][PASSED] - Delayed 2 second(s)

2019-08-02 13:44:21 - [MESSAGE][PASSED] - Delayed 1 second(s)

2019-08-02 13:44:21 - [MESSAGE][PASSED] - COO_1.pdf exist in G:/Sabareesh/Personal/USGBC_NewApproach1/USGBC_LEED/Include/TestData/DownloadedFiles and was deleted

2019-08-02 13:44:21 - [MESSAGE][PASSED] - 

2019-08-02 13:44:21 - [MESSAGE][PASSED] - Actual text 'COO_1.pdf' and expected text 'COO_1.pdf' are matched 

2019-08-02 13:44:23 - [MESSAGE][PASSED] - Delayed 2 second(s)

2019-08-02 13:44:25 - [MESSAGE][PASSED] - Delayed 2 second(s)

2019-08-02 13:44:26 - [MESSAGE][PASSED] - Delayed 1 second(s)

2019-08-02 13:44:26 - [MESSAGE][PASSED] - ZZ.pdf exist in G:/Sabareesh/Personal/USGBC_NewApproach1/USGBC_LEED/Include/TestData/DownloadedFiles and was deleted

2019-08-02 13:44:26 - [MESSAGE][PASSED] - 

2019-08-02 13:44:26 - [MESSAGE][PASSED] - Actual text 'ZZ.pdf' and expected text 'ZZ.pdf' are matched 

2019-08-02 13:44:28 - [MESSAGE][PASSED] - Delayed 2 second(s)

2019-08-02 13:44:29 - [MESSAGE][PASSED] - Object: '' is clicked on

2019-08-02 13:44:31 - [MESSAGE][PASSED] - Delayed 2 second(s)

2019-08-02 13:44:31 - [MESSAGE][PASSED] - Object: '' is clicked on

2019-08-02 13:44:34 - [MESSAGE][PASSED] - Delayed 3 second(s)

2019-08-02 13:44:34 - [MESSAGE][PASSED] - Object '' is present

2019-08-02 13:44:36 - [MESSAGE][PASSED] - Delayed 2 second(s)

2019-08-02 13:44:41 - [MESSAGE][PASSED] - Delayed 5 second(s)

2019-08-02 13:44:41 - [MESSAGE][PASSED] - Object: '' is clicked on

2019-08-02 13:44:43 - [MESSAGE][PASSED] - Delayed 2 second(s)

2019-08-02 13:44:43 - [MESSAGE][PASSED] - Object: '' is clicked on

2019-08-02 13:44:45 - [MESSAGE][PASSED] - Delayed 2 second(s)

2019-08-02 13:44:47 - [MESSAGE][PASSED] - Delayed 2 second(s)

2019-08-02 13:44:52 - [MESSAGE][PASSED] - Delayed 5 second(s)

2019-08-02 13:44:53 - [MESSAGE][PASSED] - Object: '' is clicked on

2019-08-02 13:44:55 - [MESSAGE][PASSED] - Delayed 2 second(s)

2019-08-02 13:44:55 - [MESSAGE][PASSED] - Object: '' is clicked on

2019-08-02 13:44:57 - [MESSAGE][PASSED] - Delayed 2 second(s)

2019-08-02 13:45:02 - [MESSAGE][PASSED] - Delayed 5 second(s)

2019-08-02 13:45:02 - [MESSAGE][PASSED] - Web element with id: '' located by 'By.xpath: (//table[@class='ui collapsing celled table unstackable'])[3]' is not present after '2' second(s)

2019-08-02 13:45:04 - [MESSAGE][PASSED] - Delayed 2 second(s)

2019-08-02 13:45:09 - [MESSAGE][PASSED] - Delayed 5 second(s)

2019-08-02 13:45:09 - [MESSAGE][PASSED] - Object: '' is clicked on

2019-08-02 13:45:11 - [MESSAGE][PASSED] - Delayed 2 second(s)

2019-08-02 13:45:11 - [MESSAGE][PASSED] - Object: '' is clicked on

2019-08-02 13:45:13 - [MESSAGE][PASSED] - Delayed 2 second(s)

2019-08-02 13:45:15 - [MESSAGE][PASSED] - Delayed 2 second(s)

2019-08-02 13:45:20 - [MESSAGE][PASSED] - Delayed 5 second(s)

2019-08-02 13:45:20 - [MESSAGE][PASSED] - Object: '' is clicked on

2019-08-02 13:45:22 - [MESSAGE][PASSED] - Delayed 2 second(s)

2019-08-02 13:45:22 - [MESSAGE][PASSED] - Object: '' is clicked on

2019-08-02 13:45:24 - [MESSAGE][PASSED] - Delayed 2 second(s)

2019-08-02 13:45:29 - [MESSAGE][PASSED] - Delayed 5 second(s)

2019-08-02 13:45:29 - [MESSAGE][PASSED] - Web element with id: '' located by 'By.xpath: (//table[@class='ui collapsing celled table unstackable'])[2]' is not present after '2' second(s)

2019-08-02 13:45:31 - [MESSAGE][PASSED] - Delayed 2 second(s)

2019-08-02 13:45:36 - [MESSAGE][PASSED] - Delayed 5 second(s)

2019-08-02 13:45:37 - [MESSAGE][PASSED] - Object: '' is clicked on

2019-08-02 13:45:39 - [MESSAGE][PASSED] - Delayed 2 second(s)

2019-08-02 13:45:39 - [MESSAGE][PASSED] - Object: '' is clicked on

2019-08-02 13:45:41 - [MESSAGE][PASSED] - Delayed 2 second(s)

2019-08-02 13:45:43 - [MESSAGE][PASSED] - Delayed 2 second(s)

2019-08-02 13:45:48 - [MESSAGE][PASSED] - Delayed 5 second(s)

2019-08-02 13:45:48 - [MESSAGE][PASSED] - Object: '' is clicked on

2019-08-02 13:45:50 - [MESSAGE][PASSED] - Delayed 2 second(s)

2019-08-02 13:45:50 - [MESSAGE][PASSED] - Object: '' is clicked on

2019-08-02 13:45:52 - [MESSAGE][PASSED] - Delayed 2 second(s)

2019-08-02 13:45:57 - [MESSAGE][PASSED] - Delayed 5 second(s)

2019-08-02 13:45:57 - [MESSAGE][PASSED] - Web element with id: '' located by 'By.xpath: (//table[@class='ui collapsing celled table unstackable'])[1]' is not present after '2' second(s)

2019-08-02 13:45:57 - [TEST_CASE][PASSED] - Test Cases/TC_Login: Test Cases/TC_Login

2019-08-02 13:45:57 - [TEST_STEP][PASSED] - runWithCucumberRunner(common.LoginRunner): Run with 'common.LoginRunner' was passed

2019-08-02 13:45:57 - [MESSAGE][WARNING] - A browser is already opened. Closing browser and opening a new one

2019-08-02 13:45:59 - [MESSAGE][INFO] - Starting 'Chrome' driver

2019-08-02 13:46:02 - [MESSAGE][PASSED] - Browser is opened with url: ''

2019-08-02 13:46:03 - [MESSAGE][PASSED] - Current window maximized

2019-08-02 13:46:06 - [MESSAGE][PASSED] - Navigate to 'https://leedonline-stg.usgbc.org' successfully

2019-08-02 13:46:06 - [MESSAGE][PASSED] - Text 'automationbdd9@gmail.com' is set on object ''

2019-08-02 13:46:07 - [MESSAGE][PASSED] - Text 'initpass' is set on object ''

2019-08-02 13:46:10 - [MESSAGE][PASSED] - Delayed 3 second(s)

2019-08-02 13:46:10 - [MESSAGE][PASSED] - Scroll to object '' successfully

2019-08-02 13:46:10 - [MESSAGE][PASSED] - Object '' is checked

2019-08-02 13:46:14 - [MESSAGE][PASSED] - Delayed 4 second(s)

2019-08-02 13:46:14 - [MESSAGE][PASSED] - The form containing object: '' is submitted

2019-08-02 13:46:14 - [MESSAGE][PASSED] - Run with 'common.LoginRunner' was passed

2019-08-02 13:46:14 - [MESSAGE][PASSED] - Call Test Case 'Test Cases/TC_Login' successfully

2019-08-02 13:46:21 - [MESSAGE][PASSED] - Object: '' is clicked on

2019-08-02 13:46:23 - [MESSAGE][PASSED] - Object: '' is clicked on

2019-08-02 13:46:25 - [MESSAGE][PASSED] - Delayed 2 second(s)

2019-08-02 13:46:25 - [MESSAGE][PASSED] - Text of object '' is: 'READY FOR REVIEW'

2019-08-02 13:46:25 - [MESSAGE][PASSED] - Object: '' is clicked on

2019-08-02 13:46:30 - [MESSAGE][PASSED] - Delayed 5 second(s)

2019-08-02 13:46:33 - [MESSAGE][PASSED] - Delayed 3 second(s)

2019-08-02 13:46:35 - [MESSAGE][PASSED] - Delayed 2 second(s)

2019-08-02 13:46:35 - [MESSAGE][PASSED] - Object: '' is clicked on

2019-08-02 13:46:35 - [MESSAGE][PASSED] - Text of object '' is: 'Integrated Pest Management'

2019-08-02 13:46:38 - [MESSAGE][PASSED] - Delayed 3 second(s)

2019-08-02 13:46:41 - [MESSAGE][PASSED] - Object: '' is clicked on

2019-08-02 13:46:46 - [MESSAGE][PASSED] - Delayed 5 second(s)

2019-08-02 13:46:46 - [MESSAGE][PASSED] - Text of object '' is: 'Integrated Pest Management'

2019-08-02 13:46:46 - [MESSAGE][PASSED] - Actual text 'Integrated Pest Management' and expected text 'Integrated Pest Management' are matched 

2019-08-02 13:46:47 - [MESSAGE][PASSED] - Text '(V01)' is present on page 

2019-08-02 13:46:47 - [MESSAGE][PASSED] - Object: '' is clicked on

2019-08-02 13:46:47 - [MESSAGE][PASSED] - Object '' has attribute 'class' with value 'tiny ui button'

2019-08-02 13:46:54 - [MESSAGE][PASSED] - Delayed 7 second(s)

2019-08-02 13:46:54 - [MESSAGE][PASSED] - File 'G:\Sabareesh\Personal\USGBC_NewApproach1\USGBC_LEED\Include\TestData\FilesToUpload\COO_1.pdf' sent to object: ''

2019-08-02 13:46:54 - [MESSAGE][PASSED] - Object '' has attribute 'class' with value 'tiny ui button'

2019-08-02 13:47:01 - [MESSAGE][PASSED] - Delayed 7 second(s)

2019-08-02 13:47:01 - [MESSAGE][PASSED] - File 'G:\Sabareesh\Personal\USGBC_NewApproach1\USGBC_LEED\Include\TestData\FilesToUpload\ZZ.pdf' sent to object: ''

2019-08-02 13:47:04 - [MESSAGE][PASSED] - Delayed 3 second(s)

2019-08-02 13:47:04 - [MESSAGE][PASSED] - Object '' has attribute 'class' with value 'tiny ui button'

2019-08-02 13:47:11 - [MESSAGE][PASSED] - Delayed 7 second(s)

2019-08-02 13:47:11 - [MESSAGE][PASSED] - File 'G:\Sabareesh\Personal\USGBC_NewApproach1\USGBC_LEED\Include\TestData\FilesToUpload\COO_1.pdf' sent to object: ''

2019-08-02 13:47:11 - [MESSAGE][PASSED] - Object '' has attribute 'class' with value 'tiny ui button'

2019-08-02 13:47:18 - [MESSAGE][PASSED] - Delayed 7 second(s)

2019-08-02 13:47:18 - [MESSAGE][PASSED] - File 'G:\Sabareesh\Personal\USGBC_NewApproach1\USGBC_LEED\Include\TestData\FilesToUpload\ZZ.pdf' sent to object: ''

2019-08-02 13:47:21 - [MESSAGE][PASSED] - Delayed 3 second(s)

2019-08-02 13:47:21 - [MESSAGE][PASSED] - Object '' has attribute 'class' with value 'tiny ui button'

2019-08-02 13:47:28 - [MESSAGE][PASSED] - Delayed 7 second(s)

2019-08-02 13:47:29 - [MESSAGE][PASSED] - File 'G:\Sabareesh\Personal\USGBC_NewApproach1\USGBC_LEED\Include\TestData\FilesToUpload\COO_1.pdf' sent to object: ''

2019-08-02 13:47:29 - [MESSAGE][PASSED] - Object '' has attribute 'class' with value 'tiny ui button'

2019-08-02 13:47:36 - [MESSAGE][PASSED] - Delayed 7 second(s)

2019-08-02 13:47:36 - [MESSAGE][PASSED] - File 'G:\Sabareesh\Personal\USGBC_NewApproach1\USGBC_LEED\Include\TestData\FilesToUpload\ZZ.pdf' sent to object: ''

2019-08-02 13:47:39 - [MESSAGE][PASSED] - Delayed 3 second(s)

2019-08-02 13:47:39 - [MESSAGE][PASSED] - Text 'Filling the Text Box' is set on object ''

2019-08-02 13:47:41 - [MESSAGE][PASSED] - Delayed 2 second(s)

2019-08-02 13:47:41 - [MESSAGE][PASSED] - Attribute 'value' of object '' is: 'Filling the Text Box'

2019-08-02 13:47:41 - [MESSAGE][PASSED] - Actual text 'Filling the Text Box' and expected text 'Filling the Text Box' are matched 

2019-08-02 13:47:41 - [MESSAGE][PASSED] - Text of object '' is: 'ZZ.pdf'

2019-08-02 13:47:43 - [MESSAGE][PASSED] - Delayed 2 second(s)

2019-08-02 13:47:45 - [MESSAGE][PASSED] - Delayed 2 second(s)

2019-08-02 13:47:45 - [MESSAGE][PASSED] - ZZ.pdf is equal to ZZ.pdf

2019-08-02 13:47:45 - [MESSAGE][PASSED] - Actual text 'ZZ.pdf' and expected text 'ZZ.pdf' are matched 

2019-08-02 13:47:45 - [MESSAGE][PASSED] - Text of object '' is: 'COO_1.pdf'

2019-08-02 13:47:47 - [MESSAGE][PASSED] - Delayed 2 second(s)

2019-08-02 13:47:47 - [MESSAGE][PASSED] - COO_1.pdf is equal to COO_1.pdf

2019-08-02 13:47:47 - [MESSAGE][PASSED] - Actual text 'COO_1.pdf' and expected text 'COO_1.pdf' are matched 

2019-08-02 13:47:48 - [MESSAGE][PASSED] - Text of object '' is: 'ZZ.pdf'

2019-08-02 13:47:50 - [MESSAGE][PASSED] - Delayed 2 second(s)

2019-08-02 13:47:52 - [MESSAGE][PASSED] - Delayed 2 second(s)

2019-08-02 13:47:52 - [MESSAGE][PASSED] - ZZ.pdf is equal to ZZ.pdf

2019-08-02 13:47:52 - [MESSAGE][PASSED] - Actual text 'ZZ.pdf' and expected text 'ZZ.pdf' are matched 

2019-08-02 13:47:52 - [MESSAGE][PASSED] - Text of object '' is: 'COO_1.pdf'

2019-08-02 13:47:54 - [MESSAGE][PASSED] - Delayed 2 second(s)

2019-08-02 13:47:54 - [MESSAGE][PASSED] - COO_1.pdf is equal to COO_1.pdf

2019-08-02 13:47:54 - [MESSAGE][PASSED] - Actual text 'COO_1.pdf' and expected text 'COO_1.pdf' are matched 

2019-08-02 13:47:54 - [MESSAGE][PASSED] - Text of object '' is: 'COO_1.pdf'

2019-08-02 13:47:56 - [MESSAGE][PASSED] - Delayed 2 second(s)

2019-08-02 13:47:56 - [MESSAGE][PASSED] - COO_1.pdf is equal to COO_1.pdf

2019-08-02 13:47:56 - [MESSAGE][PASSED] - Actual text 'COO_1.pdf' and expected text 'COO_1.pdf' are matched 

2019-08-02 13:47:56 - [MESSAGE][PASSED] - Text of object '' is: 'ZZ.pdf'

2019-08-02 13:47:58 - [MESSAGE][PASSED] - Delayed 2 second(s)

2019-08-02 13:48:00 - [MESSAGE][PASSED] - Delayed 2 second(s)

2019-08-02 13:48:00 - [MESSAGE][PASSED] - ZZ.pdf is equal to ZZ.pdf

2019-08-02 13:48:00 - [MESSAGE][PASSED] - Actual text 'ZZ.pdf' and expected text 'ZZ.pdf' are matched 

2019-08-02 13:48:02 - [MESSAGE][PASSED] - Text 'Known that everybody have the personal aim. It is defferent . For example, there are some people think that the most important thing in them life is career. While there are other people think that is family. me too. The most important thing with my life is my small and big family.4OF0X' is set on object ''

2019-08-02 13:48:04 - [MESSAGE][PASSED] - Delayed 2 second(s)

2019-08-02 13:48:04 - [MESSAGE][PASSED] - Text of object '' is: 'Known that everybody have the personal aim. It is defferent . For example, there are some people think that the most important thing in them life is career. While there are other people think that is family. me too. The most important thing with my life is my small and big family.4OF0X'

2019-08-02 13:48:04 - [MESSAGE][PASSED] - Actual text 'Known that everybody have the personal aim. It is defferent . For example, there are some people think that the most important thing in them life is career. While there are other people think that is family. me too. The most important thing with my life is my small and big family.4OF0X' and expected text 'Known that everybody have the personal aim. It is defferent . For example, there are some people think that the most important thing in them life is career. While there are other people think that is family. me too. The most important thing with my life is my small and big family.4OF0X' are matched 

2019-08-02 13:48:04 - [MESSAGE][PASSED] - Object: '' is clicked on

2019-08-02 13:48:08 - [MESSAGE][PASSED] - Delayed 4 second(s)

2019-08-02 13:48:09 - [MESSAGE][PASSED] - Text 'Form data saved successfully.' is present on page 

2019-08-02 13:48:15 - [MESSAGE][PASSED] - Delayed 6 second(s)

2019-08-02 13:48:17 - [MESSAGE][PASSED] - Delayed 2 second(s)

2019-08-02 13:48:17 - [MESSAGE][PASSED] - Object '' is present

2019-08-02 13:48:17 - [MESSAGE][PASSED] - Object: '' is clicked on

2019-08-02 13:48:27 - [MESSAGE][PASSED] - Delayed 10 second(s)

2019-08-02 13:48:33 - [MESSAGE][PASSED] - Delayed 6 second(s)

2019-08-02 13:48:33 - [MESSAGE][PASSED] - Text of object '' is: 'Known that everybody have the personal aim. It is defferent . For example, there are some people think that the most important thing in them life is career. While there are other people think that is family. me too. The most important thing with my life is my small and big family.4OF0X'

2019-08-02 13:48:33 - [MESSAGE][PASSED] - Actual text 'Found' and expected text 'Found' are matched 

2019-08-02 13:48:33 - [MESSAGE][PASSED] - Actual text 'Found' and expected text 'Found' are matched 

2019-08-02 13:48:33 - [MESSAGE][PASSED] - Actual text 'Found' and expected text 'Found' are matched 

2019-08-02 13:48:34 - [MESSAGE][PASSED] - Actual text 'Found' and expected text 'Found' are matched 

2019-08-02 13:48:35 - [MESSAGE][PASSED] - Navigate back successfully

2019-08-02 13:48:37 - [MESSAGE][PASSED] - Delayed 2 second(s)

2019-08-02 13:48:37 - [MESSAGE][PASSED] - Object: '' is clicked on

2019-08-02 13:48:42 - [MESSAGE][PASSED] - Delayed 5 second(s)

2019-08-02 13:48:44 - [MESSAGE][PASSED] - Delayed 2 second(s)

2019-08-02 13:48:45 - [MESSAGE][PASSED] - Navigate forward successfully

2019-08-02 13:48:47 - [MESSAGE][PASSED] - Delayed 2 second(s)

2019-08-02 13:48:52 - [MESSAGE][PASSED] - Delayed 5 second(s)

2019-08-02 13:48:53 - [MESSAGE][PASSED] - Object: '' is clicked on

2019-08-02 13:48:53 - [MESSAGE][PASSED] - Text of object '' is: 'COO_1.pdf'

2019-08-02 13:48:58 - [MESSAGE][PASSED] - Delayed 5 second(s)

2019-08-02 13:48:58 - [MESSAGE][PASSED] - Object: '' is hovered

2019-08-02 13:49:00 - [MESSAGE][PASSED] - Delayed 2 second(s)

2019-08-02 13:49:02 - [MESSAGE][PASSED] - Delayed 2 second(s)

2019-08-02 13:49:07 - [MESSAGE][PASSED] - Delayed 5 second(s)

2019-08-02 13:49:07 - [MESSAGE][PASSED] - Object: '' is clicked on

2019-08-02 13:49:07 - [MESSAGE][PASSED] - Text of object '' is: 'ZZ.pdf'

2019-08-02 13:49:12 - [MESSAGE][PASSED] - Delayed 5 second(s)

2019-08-02 13:49:12 - [MESSAGE][PASSED] - Object: '' is hovered

2019-08-02 13:49:14 - [MESSAGE][PASSED] - Delayed 2 second(s)

2019-08-02 13:49:19 - [MESSAGE][PASSED] - Delayed 5 second(s)

2019-08-02 13:49:21 - [MESSAGE][PASSED] - Delayed 2 second(s)

2019-08-02 13:49:22 - [MESSAGE][PASSED] - Delayed 1 second(s)

2019-08-02 13:49:22 - [MESSAGE][PASSED] - COO_1.pdf exist in G:/Sabareesh/Personal/USGBC_NewApproach1/USGBC_LEED/Include/TestData/DownloadedFiles and was deleted

2019-08-02 13:49:22 - [MESSAGE][PASSED] - 

2019-08-02 13:49:22 - [MESSAGE][PASSED] - Actual text 'COO_1.pdf' and expected text 'COO_1.pdf' are matched 

2019-08-02 13:49:24 - [MESSAGE][PASSED] - Delayed 2 second(s)

2019-08-02 13:49:26 - [MESSAGE][PASSED] - Delayed 2 second(s)

2019-08-02 13:49:27 - [MESSAGE][PASSED] - Delayed 1 second(s)

2019-08-02 13:49:27 - [MESSAGE][PASSED] - ZZ.pdf exist in G:/Sabareesh/Personal/USGBC_NewApproach1/USGBC_LEED/Include/TestData/DownloadedFiles and was deleted

2019-08-02 13:49:27 - [MESSAGE][PASSED] - 

2019-08-02 13:49:27 - [MESSAGE][PASSED] - Actual text 'ZZ.pdf' and expected text 'ZZ.pdf' are matched 

2019-08-02 13:49:29 - [MESSAGE][PASSED] - Delayed 2 second(s)

2019-08-02 13:49:31 - [MESSAGE][PASSED] - Delayed 2 second(s)

2019-08-02 13:49:36 - [MESSAGE][PASSED] - Delayed 5 second(s)

2019-08-02 13:49:36 - [MESSAGE][PASSED] - Object: '' is clicked on

2019-08-02 13:49:36 - [MESSAGE][PASSED] - Text of object '' is: 'COO_1.pdf'

2019-08-02 13:49:41 - [MESSAGE][PASSED] - Delayed 5 second(s)

2019-08-02 13:49:42 - [MESSAGE][PASSED] - Object: '' is hovered

2019-08-02 13:49:44 - [MESSAGE][PASSED] - Delayed 2 second(s)

2019-08-02 13:49:46 - [MESSAGE][PASSED] - Delayed 2 second(s)

2019-08-02 13:49:51 - [MESSAGE][PASSED] - Delayed 5 second(s)

2019-08-02 13:49:51 - [MESSAGE][PASSED] - Object: '' is clicked on

2019-08-02 13:49:51 - [MESSAGE][PASSED] - Text of object '' is: 'ZZ.pdf'

2019-08-02 13:49:56 - [MESSAGE][PASSED] - Delayed 5 second(s)

2019-08-02 13:49:56 - [MESSAGE][PASSED] - Object: '' is hovered

2019-08-02 13:49:58 - [MESSAGE][PASSED] - Delayed 2 second(s)

2019-08-02 13:50:03 - [MESSAGE][PASSED] - Delayed 5 second(s)

2019-08-02 13:50:05 - [MESSAGE][PASSED] - Delayed 2 second(s)

2019-08-02 13:50:06 - [MESSAGE][PASSED] - Delayed 1 second(s)

2019-08-02 13:50:06 - [MESSAGE][PASSED] - COO_1.pdf exist in G:/Sabareesh/Personal/USGBC_NewApproach1/USGBC_LEED/Include/TestData/DownloadedFiles and was deleted

2019-08-02 13:50:06 - [MESSAGE][PASSED] - 

2019-08-02 13:50:06 - [MESSAGE][PASSED] - Actual text 'COO_1.pdf' and expected text 'COO_1.pdf' are matched 

2019-08-02 13:50:08 - [MESSAGE][PASSED] - Delayed 2 second(s)

2019-08-02 13:50:10 - [MESSAGE][PASSED] - Delayed 2 second(s)

2019-08-02 13:50:11 - [MESSAGE][PASSED] - Delayed 1 second(s)

2019-08-02 13:50:11 - [MESSAGE][PASSED] - ZZ.pdf exist in G:/Sabareesh/Personal/USGBC_NewApproach1/USGBC_LEED/Include/TestData/DownloadedFiles and was deleted

2019-08-02 13:50:11 - [MESSAGE][PASSED] - 

2019-08-02 13:50:11 - [MESSAGE][PASSED] - Actual text 'ZZ.pdf' and expected text 'ZZ.pdf' are matched 

2019-08-02 13:50:13 - [MESSAGE][PASSED] - Delayed 2 second(s)

2019-08-02 13:50:15 - [MESSAGE][PASSED] - Delayed 2 second(s)

2019-08-02 13:50:20 - [MESSAGE][PASSED] - Delayed 5 second(s)

2019-08-02 13:50:20 - [MESSAGE][PASSED] - Object: '' is clicked on

2019-08-02 13:50:20 - [MESSAGE][PASSED] - Text of object '' is: 'ZZ.pdf'

2019-08-02 13:50:25 - [MESSAGE][PASSED] - Delayed 5 second(s)

2019-08-02 13:50:25 - [MESSAGE][PASSED] - Object: '' is hovered

2019-08-02 13:50:27 - [MESSAGE][PASSED] - Delayed 2 second(s)

2019-08-02 13:50:29 - [MESSAGE][PASSED] - Delayed 2 second(s)

2019-08-02 13:50:34 - [MESSAGE][PASSED] - Delayed 5 second(s)

2019-08-02 13:50:35 - [MESSAGE][PASSED] - Object: '' is clicked on

2019-08-02 13:50:35 - [MESSAGE][PASSED] - Text of object '' is: 'COO_1.pdf'

2019-08-02 13:50:40 - [MESSAGE][PASSED] - Delayed 5 second(s)

2019-08-02 13:50:40 - [MESSAGE][PASSED] - Object: '' is hovered

2019-08-02 13:50:42 - [MESSAGE][PASSED] - Delayed 2 second(s)

2019-08-02 13:50:47 - [MESSAGE][PASSED] - Delayed 5 second(s)

2019-08-02 13:50:49 - [MESSAGE][PASSED] - Delayed 2 second(s)

2019-08-02 13:50:50 - [MESSAGE][PASSED] - Delayed 1 second(s)

2019-08-02 13:50:50 - [MESSAGE][PASSED] - COO_1.pdf exist in G:/Sabareesh/Personal/USGBC_NewApproach1/USGBC_LEED/Include/TestData/DownloadedFiles and was deleted

2019-08-02 13:50:50 - [MESSAGE][PASSED] - 

2019-08-02 13:50:50 - [MESSAGE][PASSED] - Actual text 'COO_1.pdf' and expected text 'COO_1.pdf' are matched 

2019-08-02 13:50:52 - [MESSAGE][PASSED] - Delayed 2 second(s)

2019-08-02 13:50:54 - [MESSAGE][PASSED] - Delayed 2 second(s)

2019-08-02 13:50:55 - [MESSAGE][PASSED] - Delayed 1 second(s)

2019-08-02 13:50:55 - [MESSAGE][PASSED] - ZZ.pdf exist in G:/Sabareesh/Personal/USGBC_NewApproach1/USGBC_LEED/Include/TestData/DownloadedFiles and was deleted

2019-08-02 13:50:55 - [MESSAGE][PASSED] - 

2019-08-02 13:50:55 - [MESSAGE][PASSED] - Actual text 'ZZ.pdf' and expected text 'ZZ.pdf' are matched 

2019-08-02 13:50:57 - [MESSAGE][PASSED] - Delayed 2 second(s)

2019-08-02 13:50:57 - [MESSAGE][PASSED] - Object: '' is clicked on

2019-08-02 13:50:59 - [MESSAGE][PASSED] - Delayed 2 second(s)

2019-08-02 13:50:59 - [MESSAGE][PASSED] - Object: '' is clicked on

2019-08-02 13:51:02 - [MESSAGE][PASSED] - Delayed 3 second(s)

2019-08-02 13:51:02 - [MESSAGE][PASSED] - Object '' is present

2019-08-02 13:51:04 - [MESSAGE][PASSED] - Delayed 2 second(s)

2019-08-02 13:51:09 - [MESSAGE][PASSED] - Delayed 5 second(s)

2019-08-02 13:51:09 - [MESSAGE][PASSED] - Object: '' is clicked on

2019-08-02 13:51:11 - [MESSAGE][PASSED] - Delayed 2 second(s)

2019-08-02 13:51:12 - [MESSAGE][PASSED] - Object: '' is clicked on

2019-08-02 13:51:14 - [MESSAGE][PASSED] - Delayed 2 second(s)

2019-08-02 13:51:16 - [MESSAGE][PASSED] - Delayed 2 second(s)

2019-08-02 13:51:21 - [MESSAGE][PASSED] - Delayed 5 second(s)

2019-08-02 13:51:21 - [MESSAGE][PASSED] - Object: '' is clicked on

2019-08-02 13:51:23 - [MESSAGE][PASSED] - Delayed 2 second(s)

2019-08-02 13:51:23 - [MESSAGE][PASSED] - Object: '' is clicked on

2019-08-02 13:51:25 - [MESSAGE][PASSED] - Delayed 2 second(s)

2019-08-02 13:51:30 - [MESSAGE][PASSED] - Delayed 5 second(s)

2019-08-02 13:51:30 - [MESSAGE][PASSED] - Web element with id: '' located by 'By.xpath: (//table[@class='ui collapsing celled table unstackable'])[3]' is not present after '2' second(s)

2019-08-02 13:51:32 - [MESSAGE][PASSED] - Delayed 2 second(s)

2019-08-02 13:51:37 - [MESSAGE][PASSED] - Delayed 5 second(s)

2019-08-02 13:51:37 - [MESSAGE][PASSED] - Object: '' is clicked on

2019-08-02 13:51:39 - [MESSAGE][PASSED] - Delayed 2 second(s)

2019-08-02 13:51:39 - [MESSAGE][PASSED] - Object: '' is clicked on

2019-08-02 13:51:41 - [MESSAGE][PASSED] - Delayed 2 second(s)

2019-08-02 13:51:43 - [MESSAGE][PASSED] - Delayed 2 second(s)

2019-08-02 13:51:48 - [MESSAGE][PASSED] - Delayed 5 second(s)

2019-08-02 13:51:48 - [MESSAGE][PASSED] - Object: '' is clicked on

2019-08-02 13:51:50 - [MESSAGE][PASSED] - Delayed 2 second(s)

2019-08-02 13:51:51 - [MESSAGE][PASSED] - Object: '' is clicked on

2019-08-02 13:51:53 - [MESSAGE][PASSED] - Delayed 2 second(s)

2019-08-02 13:51:58 - [MESSAGE][PASSED] - Delayed 5 second(s)

2019-08-02 13:51:58 - [MESSAGE][PASSED] - Web element with id: '' located by 'By.xpath: (//table[@class='ui collapsing celled table unstackable'])[2]' is not present after '2' second(s)

2019-08-02 13:52:00 - [MESSAGE][PASSED] - Delayed 2 second(s)

2019-08-02 13:52:05 - [MESSAGE][PASSED] - Delayed 5 second(s)

2019-08-02 13:52:05 - [MESSAGE][PASSED] - Object: '' is clicked on

2019-08-02 13:52:07 - [MESSAGE][PASSED] - Delayed 2 second(s)

2019-08-02 13:52:07 - [MESSAGE][PASSED] - Object: '' is clicked on

2019-08-02 13:52:09 - [MESSAGE][PASSED] - Delayed 2 second(s)

2019-08-02 13:52:11 - [MESSAGE][PASSED] - Delayed 2 second(s)

2019-08-02 13:52:16 - [MESSAGE][PASSED] - Delayed 5 second(s)

2019-08-02 13:52:16 - [MESSAGE][PASSED] - Object: '' is clicked on

2019-08-02 13:52:18 - [MESSAGE][PASSED] - Delayed 2 second(s)

2019-08-02 13:52:18 - [MESSAGE][PASSED] - Object: '' is clicked on

2019-08-02 13:52:20 - [MESSAGE][PASSED] - Delayed 2 second(s)

2019-08-02 13:52:25 - [MESSAGE][PASSED] - Delayed 5 second(s)

2019-08-02 13:52:25 - [MESSAGE][PASSED] - Web element with id: '' located by 'By.xpath: (//table[@class='ui collapsing celled table unstackable'])[1]' is not present after '2' second(s)

2019-08-02 13:52:25 - [TEST_CASE][PASSED] - Test Cases/TC_Login: Test Cases/TC_Login

2019-08-02 13:52:25 - [TEST_STEP][PASSED] - runWithCucumberRunner(common.LoginRunner): Run with 'common.LoginRunner' was passed

2019-08-02 13:52:26 - [MESSAGE][WARNING] - A browser is already opened. Closing browser and opening a new one

2019-08-02 13:52:26 - [MESSAGE][INFO] - Starting 'Chrome' driver

2019-08-02 13:52:29 - [MESSAGE][PASSED] - Browser is opened with url: ''

2019-08-02 13:52:30 - [MESSAGE][PASSED] - Current window maximized

2019-08-02 13:52:32 - [MESSAGE][PASSED] - Navigate to 'https://leedonline-stg.usgbc.org' successfully

2019-08-02 13:52:33 - [MESSAGE][PASSED] - Text 'automationbdd9@gmail.com' is set on object ''

2019-08-02 13:52:33 - [MESSAGE][PASSED] - Text 'initpass' is set on object ''

2019-08-02 13:52:36 - [MESSAGE][PASSED] - Delayed 3 second(s)

2019-08-02 13:52:36 - [MESSAGE][PASSED] - Scroll to object '' successfully

2019-08-02 13:52:36 - [MESSAGE][PASSED] - Object '' is checked

2019-08-02 13:52:40 - [MESSAGE][PASSED] - Delayed 4 second(s)

2019-08-02 13:52:40 - [MESSAGE][PASSED] - The form containing object: '' is submitted

2019-08-02 13:52:40 - [MESSAGE][PASSED] - Run with 'common.LoginRunner' was passed

2019-08-02 13:52:40 - [MESSAGE][PASSED] - Call Test Case 'Test Cases/TC_Login' successfully

2019-08-02 13:52:48 - [MESSAGE][PASSED] - Object: '' is clicked on

2019-08-02 13:52:50 - [MESSAGE][PASSED] - Object: '' is clicked on

2019-08-02 13:52:52 - [MESSAGE][PASSED] - Delayed 2 second(s)

2019-08-02 13:52:52 - [MESSAGE][PASSED] - Text of object '' is: 'READY FOR REVIEW'

2019-08-02 13:52:52 - [MESSAGE][PASSED] - Object: '' is clicked on

2019-08-02 13:52:57 - [MESSAGE][PASSED] - Delayed 5 second(s)

2019-08-02 13:53:00 - [MESSAGE][PASSED] - Delayed 3 second(s)

2019-08-02 13:53:02 - [MESSAGE][PASSED] - Delayed 2 second(s)

2019-08-02 13:53:02 - [MESSAGE][PASSED] - Object: '' is clicked on

2019-08-02 13:53:02 - [MESSAGE][PASSED] - Text of object '' is: 'Integrated Pest Management'

2019-08-02 13:53:05 - [MESSAGE][PASSED] - Delayed 3 second(s)

2019-08-02 13:53:09 - [MESSAGE][PASSED] - Object: '' is clicked on

2019-08-02 13:53:14 - [MESSAGE][PASSED] - Delayed 5 second(s)

2019-08-02 13:53:14 - [MESSAGE][PASSED] - Object: '' is clicked on

2019-08-02 13:53:24 - [MESSAGE][PASSED] - Delayed 10 second(s)

2019-08-02 13:53:24 - [MESSAGE][PASSED] - Object '' is present

2019-08-02 13:53:24 - [MESSAGE][PASSED] - Text of object '' is: 'Last draft saved on: 02 Aug 2019 01:53:19 PM  Clear draft'

2019-08-02 13:53:24 - [MESSAGE][PASSED] - Text 'Because I see the mind is the most important.2EYWJ' is set on object ''

2019-08-02 13:53:26 - [MESSAGE][PASSED] - Delayed 2 second(s)

2019-08-02 13:53:26 - [MESSAGE][PASSED] - Text of object '' is: 'Because I see the mind is the most important.2EYWJ'

2019-08-02 13:53:26 - [MESSAGE][PASSED] - Actual text 'Because I see the mind is the most important.2EYWJ' and expected text 'Because I see the mind is the most important.2EYWJ' are matched 

2019-08-02 13:53:37 - [MESSAGE][PASSED] - Delayed 10 second(s)

2019-08-02 13:53:37 - [MESSAGE][PASSED] - Text of object '' is: 'Last draft saved on: 02 Aug 2019 01:53:29 PM  Clear draft'

2019-08-02 13:53:37 - [MESSAGE][PASSED] - Actual text 'Last draft saved on: 02 Aug 2019 01:53:19 PM  Clear draft' and expected text 'Last draft saved on: 02 Aug 2019 01:53:29 PM  Clear draft' are not matched 

2019-08-02 13:53:47 - [MESSAGE][PASSED] - Delayed 10 second(s)

2019-08-02 13:53:47 - [MESSAGE][PASSED] - Text of object '' is: 'Last draft saved on: 02 Aug 2019 01:53:29 PM  Clear draft'

2019-08-02 13:53:47 - [MESSAGE][PASSED] - Actual text 'Last draft saved on: 02 Aug 2019 01:53:29 PM  Clear draft' and expected text 'Last draft saved on: 02 Aug 2019 01:53:29 PM  Clear draft' are matched 

2019-08-02 13:53:47 - [MESSAGE][PASSED] - Object '' has attribute 'class' with value 'tiny ui button'

2019-08-02 13:53:54 - [MESSAGE][PASSED] - Delayed 7 second(s)

2019-08-02 13:53:54 - [MESSAGE][PASSED] - File 'G:\Sabareesh\Personal\USGBC_NewApproach1\USGBC_LEED\Include\TestData\FilesToUpload\COO_1.pdf' sent to object: ''

2019-08-02 13:53:54 - [MESSAGE][PASSED] - Object '' has attribute 'class' with value 'tiny ui button'

2019-08-02 13:54:01 - [MESSAGE][PASSED] - Delayed 7 second(s)

2019-08-02 13:54:01 - [MESSAGE][PASSED] - File 'G:\Sabareesh\Personal\USGBC_NewApproach1\USGBC_LEED\Include\TestData\FilesToUpload\ZZ.pdf' sent to object: ''

2019-08-02 13:54:04 - [MESSAGE][PASSED] - Delayed 3 second(s)

2019-08-02 13:54:04 - [MESSAGE][PASSED] - Object '' has attribute 'class' with value 'tiny ui button'

2019-08-02 13:54:11 - [MESSAGE][PASSED] - Delayed 7 second(s)

2019-08-02 13:54:11 - [MESSAGE][PASSED] - File 'G:\Sabareesh\Personal\USGBC_NewApproach1\USGBC_LEED\Include\TestData\FilesToUpload\COO_1.pdf' sent to object: ''

2019-08-02 13:54:11 - [MESSAGE][PASSED] - Object '' has attribute 'class' with value 'tiny ui button'

2019-08-02 13:54:18 - [MESSAGE][PASSED] - Delayed 7 second(s)

2019-08-02 13:54:18 - [MESSAGE][PASSED] - File 'G:\Sabareesh\Personal\USGBC_NewApproach1\USGBC_LEED\Include\TestData\FilesToUpload\ZZ.pdf' sent to object: ''

2019-08-02 13:54:21 - [MESSAGE][PASSED] - Delayed 3 second(s)

2019-08-02 13:54:21 - [MESSAGE][PASSED] - Object '' has attribute 'class' with value 'tiny ui button'

2019-08-02 13:54:28 - [MESSAGE][PASSED] - Delayed 7 second(s)

2019-08-02 13:54:28 - [MESSAGE][PASSED] - File 'G:\Sabareesh\Personal\USGBC_NewApproach1\USGBC_LEED\Include\TestData\FilesToUpload\COO_1.pdf' sent to object: ''

2019-08-02 13:54:28 - [MESSAGE][PASSED] - Object '' has attribute 'class' with value 'tiny ui button'

2019-08-02 13:54:35 - [MESSAGE][PASSED] - Delayed 7 second(s)

2019-08-02 13:54:35 - [MESSAGE][PASSED] - File 'G:\Sabareesh\Personal\USGBC_NewApproach1\USGBC_LEED\Include\TestData\FilesToUpload\ZZ.pdf' sent to object: ''

2019-08-02 13:54:38 - [MESSAGE][PASSED] - Delayed 3 second(s)

2019-08-02 13:54:48 - [MESSAGE][PASSED] - Delayed 10 second(s)

2019-08-02 13:54:48 - [MESSAGE][PASSED] - Text of object '' is: 'Last draft saved on: 02 Aug 2019 01:53:29 PM  Clear draft'

2019-08-02 13:54:48 - [MESSAGE][PASSED] - Actual text 'Last draft saved on: 02 Aug 2019 01:53:29 PM  Clear draft' and expected text 'Last draft saved on: 02 Aug 2019 01:53:29 PM  Clear draft' are matched 

2019-08-02 13:54:53 - [MESSAGE][PASSED] - Object: '' is clicked on

2019-08-02 13:54:59 - [MESSAGE][PASSED] - Object: '' is clicked on

2019-08-02 13:55:01 - [MESSAGE][PASSED] - Delayed 2 second(s)

2019-08-02 13:55:01 - [TEST_CASE][PASSED] - Test Cases/TC_Login: Test Cases/TC_Login

2019-08-02 13:55:02 - [TEST_STEP][PASSED] - runWithCucumberRunner(common.LoginRunner): Run with 'common.LoginRunner' was passed

2019-08-02 13:55:02 - [MESSAGE][WARNING] - A browser is already opened. Closing browser and opening a new one

2019-08-02 13:55:02 - [MESSAGE][INFO] - Starting 'Chrome' driver

2019-08-02 13:55:06 - [MESSAGE][PASSED] - Browser is opened with url: ''

2019-08-02 13:55:07 - [MESSAGE][PASSED] - Current window maximized

2019-08-02 13:55:09 - [MESSAGE][PASSED] - Navigate to 'https://leedonline-stg.usgbc.org' successfully

2019-08-02 13:55:09 - [MESSAGE][PASSED] - Text 'automationbdd9@gmail.com' is set on object ''

2019-08-02 13:55:10 - [MESSAGE][PASSED] - Text 'initpass' is set on object ''

2019-08-02 13:55:13 - [MESSAGE][PASSED] - Delayed 3 second(s)

2019-08-02 13:55:13 - [MESSAGE][PASSED] - Scroll to object '' successfully

2019-08-02 13:55:13 - [MESSAGE][PASSED] - Object '' is checked

2019-08-02 13:55:17 - [MESSAGE][PASSED] - Delayed 4 second(s)

2019-08-02 13:55:17 - [MESSAGE][PASSED] - The form containing object: '' is submitted

2019-08-02 13:55:17 - [MESSAGE][PASSED] - Run with 'common.LoginRunner' was passed

2019-08-02 13:55:17 - [MESSAGE][PASSED] - Call Test Case 'Test Cases/TC_Login' successfully

2019-08-02 13:55:19 - [MESSAGE][PASSED] - Delayed 2 second(s)

2019-08-02 13:55:25 - [MESSAGE][PASSED] - Object: '' is clicked on

2019-08-02 13:55:27 - [MESSAGE][PASSED] - Delayed 2 second(s)

2019-08-02 13:55:28 - [MESSAGE][PASSED] - Object: '' is clicked on

2019-08-02 13:55:30 - [MESSAGE][PASSED] - Delayed 2 second(s)

2019-08-02 13:55:32 - [MESSAGE][PASSED] - Delayed 2 second(s)

2019-08-02 13:55:32 - [MESSAGE][PASSED] - Object: '' is clicked on

2019-08-02 13:55:32 - [MESSAGE][PASSED] - Text of object '' is: 'Integrated Pest Management'

2019-08-02 13:55:35 - [MESSAGE][PASSED] - Delayed 3 second(s)

2019-08-02 13:55:39 - [MESSAGE][PASSED] - Object: '' is clicked on

2019-08-02 13:55:43 - [MESSAGE][PASSED] - Delayed 4 second(s)

2019-08-02 13:55:43 - [MESSAGE][PASSED] - Object '' is present

2019-08-02 13:55:43 - [MESSAGE][PASSED] - Text of object '' is: 'Last draft saved on: 02 Aug 2019 01:53:29 PM  Clear draft'

2019-08-02 13:55:43 - [MESSAGE][PASSED] - Actual text 'Last draft saved on: 02 Aug 2019 01:53:29 PM  Clear draft' and expected text 'Last draft saved on: 02 Aug 2019 01:53:29 PM  Clear draft' are matched 

2019-08-02 13:55:43 - [MESSAGE][PASSED] - Object: '' is clicked on

2019-08-02 13:55:47 - [MESSAGE][PASSED] - Delayed 4 second(s)

2019-08-02 13:55:49 - [MESSAGE][PASSED] - Delayed 2 second(s)

2019-08-02 13:55:54 - [MESSAGE][PASSED] - Delayed 5 second(s)

2019-08-02 13:55:54 - [MESSAGE][PASSED] - Object: '' is clicked on

2019-08-02 13:55:56 - [MESSAGE][PASSED] - Delayed 2 second(s)

2019-08-02 13:55:56 - [MESSAGE][PASSED] - Object: '' is clicked on

2019-08-02 13:55:59 - [MESSAGE][PASSED] - Delayed 2 second(s)

2019-08-02 13:56:01 - [MESSAGE][PASSED] - Delayed 2 second(s)

2019-08-02 13:56:06 - [MESSAGE][PASSED] - Delayed 5 second(s)

2019-08-02 13:56:06 - [MESSAGE][PASSED] - Object: '' is clicked on

2019-08-02 13:56:08 - [MESSAGE][PASSED] - Delayed 2 second(s)

2019-08-02 13:56:08 - [MESSAGE][PASSED] - Object: '' is clicked on

2019-08-02 13:56:10 - [MESSAGE][PASSED] - Delayed 2 second(s)

2019-08-02 13:56:15 - [MESSAGE][PASSED] - Delayed 5 second(s)

2019-08-02 13:56:15 - [MESSAGE][PASSED] - Web element with id: '' located by 'By.xpath: (//table[@class='ui collapsing celled table unstackable'])[3]' is not present after '2' second(s)

2019-08-02 13:56:17 - [MESSAGE][PASSED] - Delayed 2 second(s)

2019-08-02 13:56:22 - [MESSAGE][PASSED] - Delayed 5 second(s)

2019-08-02 13:56:22 - [MESSAGE][PASSED] - Object: '' is clicked on

2019-08-02 13:56:24 - [MESSAGE][PASSED] - Delayed 2 second(s)

2019-08-02 13:56:24 - [MESSAGE][PASSED] - Object: '' is clicked on

2019-08-02 13:56:26 - [MESSAGE][PASSED] - Delayed 2 second(s)

2019-08-02 13:56:28 - [MESSAGE][PASSED] - Delayed 2 second(s)

2019-08-02 13:56:33 - [MESSAGE][PASSED] - Delayed 5 second(s)

2019-08-02 13:56:33 - [MESSAGE][PASSED] - Object: '' is clicked on

2019-08-02 13:56:35 - [MESSAGE][PASSED] - Delayed 2 second(s)

2019-08-02 13:56:36 - [MESSAGE][PASSED] - Object: '' is clicked on

2019-08-02 13:56:38 - [MESSAGE][PASSED] - Delayed 2 second(s)

2019-08-02 13:56:43 - [MESSAGE][PASSED] - Delayed 5 second(s)

2019-08-02 13:56:43 - [MESSAGE][PASSED] - Web element with id: '' located by 'By.xpath: (//table[@class='ui collapsing celled table unstackable'])[2]' is not present after '2' second(s)

2019-08-02 13:56:45 - [MESSAGE][PASSED] - Delayed 2 second(s)

2019-08-02 13:56:50 - [MESSAGE][PASSED] - Delayed 5 second(s)

2019-08-02 13:56:50 - [MESSAGE][PASSED] - Object: '' is clicked on

2019-08-02 13:56:52 - [MESSAGE][PASSED] - Delayed 2 second(s)

2019-08-02 13:56:52 - [MESSAGE][PASSED] - Object: '' is clicked on

2019-08-02 13:56:54 - [MESSAGE][PASSED] - Delayed 2 second(s)

2019-08-02 13:56:56 - [MESSAGE][PASSED] - Delayed 2 second(s)

2019-08-02 13:57:01 - [MESSAGE][PASSED] - Delayed 5 second(s)

2019-08-02 13:57:01 - [MESSAGE][PASSED] - Object: '' is clicked on

2019-08-02 13:57:03 - [MESSAGE][PASSED] - Delayed 2 second(s)

2019-08-02 13:57:03 - [MESSAGE][PASSED] - Object: '' is clicked on

2019-08-02 13:57:05 - [MESSAGE][PASSED] - Delayed 2 second(s)

2019-08-02 13:57:10 - [MESSAGE][PASSED] - Delayed 5 second(s)

2019-08-02 13:57:10 - [MESSAGE][PASSED] - Web element with id: '' located by 'By.xpath: (//table[@class='ui collapsing celled table unstackable'])[1]' is not present after '2' second(s)

2019-08-02 13:57:10 - [MESSAGE][PASSED] - Web element with id: '' located by 'By.xpath: //a[contains(text(),'Clear draft')]' is not present after '3' second(s)

2019-08-02 13:57:11 - [MESSAGE][PASSED] - Web element with id: '' located by 'By.xpath: //div[contains(text(),'Form drafted and not yet saved!')]' is not present after '2' second(s)

2019-08-02 13:57:11 - [MESSAGE][PASSED] - Text 'Because I see the mind is the most important.UATGG' is set on object ''

2019-08-02 13:57:13 - [MESSAGE][PASSED] - Delayed 2 second(s)

2019-08-02 13:57:13 - [MESSAGE][PASSED] - Text of object '' is: 'Because I see the mind is the most important.UATGG'

2019-08-02 13:57:13 - [MESSAGE][PASSED] - Actual text 'Because I see the mind is the most important.UATGG' and expected text 'Because I see the mind is the most important.UATGG' are matched 

2019-08-02 13:57:23 - [MESSAGE][PASSED] - Delayed 10 second(s)

2019-08-02 13:57:23 - [MESSAGE][PASSED] - Text of object '' is: 'Last draft saved on: 02 Aug 2019 01:57:13 PM  Clear draft'

2019-08-02 13:57:23 - [MESSAGE][PASSED] - Actual text 'Last draft saved on: 02 Aug 2019 01:53:29 PM  Clear draft' and expected text 'Last draft saved on: 02 Aug 2019 01:57:13 PM  Clear draft' are not matched 

2019-08-02 13:57:27 - [MESSAGE][PASSED] - Delayed 4 second(s)

2019-08-02 13:57:27 - [MESSAGE][PASSED] - Object: '' is clicked on

2019-08-02 13:57:29 - [MESSAGE][PASSED] - Delayed 2 second(s)

2019-08-02 13:57:30 - [MESSAGE][PASSED] - Object: '' is clicked on

2019-08-02 13:57:35 - [MESSAGE][PASSED] - Delayed 5 second(s)

2019-08-02 13:57:35 - [MESSAGE][PASSED] - Web element with id: '' located by 'By.xpath: //a[contains(text(),'Clear draft')]' is not present after '2' second(s)

2019-08-02 13:57:39 - [MESSAGE][PASSED] - Delayed 4 second(s)

2019-08-02 13:57:39 - [TEST_CASE][PASSED] - Test Cases/TC_Login: Test Cases/TC_Login

2019-08-02 13:57:39 - [TEST_STEP][PASSED] - runWithCucumberRunner(common.LoginRunner): Run with 'common.LoginRunner' was passed

2019-08-02 13:57:39 - [MESSAGE][WARNING] - A browser is already opened. Closing browser and opening a new one

2019-08-02 13:57:40 - [MESSAGE][INFO] - Starting 'Chrome' driver

2019-08-02 13:57:43 - [MESSAGE][PASSED] - Browser is opened with url: ''

2019-08-02 13:57:45 - [MESSAGE][PASSED] - Current window maximized

2019-08-02 13:57:47 - [MESSAGE][PASSED] - Navigate to 'https://leedonline-stg.usgbc.org' successfully

2019-08-02 13:57:47 - [MESSAGE][PASSED] - Text 'automationbdd9@gmail.com' is set on object ''

2019-08-02 13:57:47 - [MESSAGE][PASSED] - Text 'initpass' is set on object ''

2019-08-02 13:57:50 - [MESSAGE][PASSED] - Delayed 3 second(s)

2019-08-02 13:57:51 - [MESSAGE][PASSED] - Scroll to object '' successfully

2019-08-02 13:57:51 - [MESSAGE][PASSED] - Object '' is checked

2019-08-02 13:57:55 - [MESSAGE][PASSED] - Delayed 4 second(s)

2019-08-02 13:57:55 - [MESSAGE][PASSED] - The form containing object: '' is submitted

2019-08-02 13:57:55 - [MESSAGE][PASSED] - Run with 'common.LoginRunner' was passed

2019-08-02 13:57:55 - [MESSAGE][PASSED] - Call Test Case 'Test Cases/TC_Login' successfully

2019-08-02 13:58:03 - [MESSAGE][PASSED] - Object: '' is clicked on

2019-08-02 13:58:04 - [MESSAGE][PASSED] - Object: '' is clicked on

2019-08-02 13:58:06 - [MESSAGE][PASSED] - Delayed 2 second(s)

2019-08-02 13:58:06 - [MESSAGE][PASSED] - Text of object '' is: 'ATTEMPTED'

2019-08-02 13:58:09 - [MESSAGE][PASSED] - Delayed 3 second(s)

2019-08-02 13:58:11 - [MESSAGE][PASSED] - Delayed 2 second(s)

2019-08-02 13:58:11 - [MESSAGE][PASSED] - Object: '' is clicked on

2019-08-02 13:58:11 - [MESSAGE][PASSED] - Text of object '' is: 'Integrated Pest Management'

2019-08-02 13:58:14 - [MESSAGE][PASSED] - Delayed 3 second(s)

2019-08-02 13:58:18 - [MESSAGE][PASSED] - Object: '' is clicked on

2019-08-02 13:58:23 - [MESSAGE][PASSED] - Delayed 5 second(s)

2019-08-02 13:58:23 - [MESSAGE][PASSED] - Object: '' is clicked on

2019-08-02 13:58:33 - [MESSAGE][PASSED] - Delayed 10 second(s)

2019-08-02 13:58:33 - [MESSAGE][PASSED] - Object '' is present

2019-08-02 13:58:33 - [MESSAGE][PASSED] - Text of object '' is: 'Last draft saved on: 02 Aug 2019 01:58:28 PM  Clear draft'

2019-08-02 13:58:34 - [MESSAGE][PASSED] - Text 'Because I see the mind is the most important.XK5X4' is set on object ''

2019-08-02 13:58:36 - [MESSAGE][PASSED] - Delayed 2 second(s)

2019-08-02 13:58:36 - [MESSAGE][PASSED] - Text of object '' is: 'Because I see the mind is the most important.XK5X4'

2019-08-02 13:58:36 - [MESSAGE][PASSED] - Actual text 'Because I see the mind is the most important.XK5X4' and expected text 'Because I see the mind is the most important.XK5X4' are matched 

2019-08-02 13:58:46 - [MESSAGE][PASSED] - Delayed 10 second(s)

2019-08-02 13:58:46 - [MESSAGE][PASSED] - Text of object '' is: 'Last draft saved on: 02 Aug 2019 01:58:38 PM  Clear draft'

2019-08-02 13:58:46 - [MESSAGE][PASSED] - Actual text 'Last draft saved on: 02 Aug 2019 01:58:28 PM  Clear draft' and expected text 'Last draft saved on: 02 Aug 2019 01:58:38 PM  Clear draft' are not matched 

2019-08-02 13:58:56 - [MESSAGE][PASSED] - Delayed 10 second(s)

2019-08-02 13:58:56 - [MESSAGE][PASSED] - Text of object '' is: 'Last draft saved on: 02 Aug 2019 01:58:38 PM  Clear draft'

2019-08-02 13:58:56 - [MESSAGE][PASSED] - Actual text 'Last draft saved on: 02 Aug 2019 01:58:38 PM  Clear draft' and expected text 'Last draft saved on: 02 Aug 2019 01:58:38 PM  Clear draft' are matched 

2019-08-02 13:58:56 - [MESSAGE][PASSED] - Object '' has attribute 'class' with value 'tiny ui button'

2019-08-02 13:59:03 - [MESSAGE][PASSED] - Delayed 7 second(s)

2019-08-02 13:59:03 - [MESSAGE][PASSED] - File 'G:\Sabareesh\Personal\USGBC_NewApproach1\USGBC_LEED\Include\TestData\FilesToUpload\COO_1.pdf' sent to object: ''

2019-08-02 13:59:03 - [MESSAGE][PASSED] - Object '' has attribute 'class' with value 'tiny ui button'

2019-08-02 13:59:10 - [MESSAGE][PASSED] - Delayed 7 second(s)

2019-08-02 13:59:10 - [MESSAGE][PASSED] - File 'G:\Sabareesh\Personal\USGBC_NewApproach1\USGBC_LEED\Include\TestData\FilesToUpload\ZZ.pdf' sent to object: ''

2019-08-02 13:59:13 - [MESSAGE][PASSED] - Delayed 3 second(s)

2019-08-02 13:59:13 - [MESSAGE][PASSED] - Object '' has attribute 'class' with value 'tiny ui button'

2019-08-02 13:59:20 - [MESSAGE][PASSED] - Delayed 7 second(s)

2019-08-02 13:59:20 - [MESSAGE][PASSED] - File 'G:\Sabareesh\Personal\USGBC_NewApproach1\USGBC_LEED\Include\TestData\FilesToUpload\COO_1.pdf' sent to object: ''

2019-08-02 13:59:20 - [MESSAGE][PASSED] - Object '' has attribute 'class' with value 'tiny ui button'

2019-08-02 13:59:27 - [MESSAGE][PASSED] - Delayed 7 second(s)

2019-08-02 13:59:27 - [MESSAGE][PASSED] - File 'G:\Sabareesh\Personal\USGBC_NewApproach1\USGBC_LEED\Include\TestData\FilesToUpload\ZZ.pdf' sent to object: ''

2019-08-02 13:59:30 - [MESSAGE][PASSED] - Delayed 3 second(s)

2019-08-02 13:59:30 - [MESSAGE][PASSED] - Object '' has attribute 'class' with value 'tiny ui button'

2019-08-02 13:59:37 - [MESSAGE][PASSED] - Delayed 7 second(s)

2019-08-02 13:59:37 - [MESSAGE][PASSED] - File 'G:\Sabareesh\Personal\USGBC_NewApproach1\USGBC_LEED\Include\TestData\FilesToUpload\COO_1.pdf' sent to object: ''

2019-08-02 13:59:37 - [MESSAGE][PASSED] - Object '' has attribute 'class' with value 'tiny ui button'

2019-08-02 13:59:44 - [MESSAGE][PASSED] - Delayed 7 second(s)

2019-08-02 13:59:45 - [MESSAGE][PASSED] - File 'G:\Sabareesh\Personal\USGBC_NewApproach1\USGBC_LEED\Include\TestData\FilesToUpload\ZZ.pdf' sent to object: ''

2019-08-02 13:59:48 - [MESSAGE][PASSED] - Delayed 3 second(s)

2019-08-02 13:59:58 - [MESSAGE][PASSED] - Delayed 10 second(s)

2019-08-02 13:59:58 - [MESSAGE][PASSED] - Text of object '' is: 'Last draft saved on: 02 Aug 2019 01:58:38 PM  Clear draft'

2019-08-02 13:59:58 - [MESSAGE][PASSED] - Actual text 'Last draft saved on: 02 Aug 2019 01:58:38 PM  Clear draft' and expected text 'Last draft saved on: 02 Aug 2019 01:58:38 PM  Clear draft' are matched 

2019-08-02 13:59:58 - [MESSAGE][PASSED] - Text 'Filling text box for Auto save' is set on object ''

2019-08-02 14:00:00 - [MESSAGE][PASSED] - Delayed 2 second(s)

2019-08-02 14:00:00 - [MESSAGE][PASSED] - Attribute 'value' of object '' is: 'Filling text box for Auto save'

2019-08-02 14:00:00 - [MESSAGE][PASSED] - Actual text 'Filling text box for Auto save' and expected text 'Filling text box for Auto save' are matched 

2019-08-02 14:00:10 - [MESSAGE][PASSED] - Delayed 10 second(s)

2019-08-02 14:00:10 - [MESSAGE][PASSED] - Text of object '' is: 'Last draft saved on: 02 Aug 2019 02:00:08 PM  Clear draft'

2019-08-02 14:00:10 - [MESSAGE][PASSED] - Actual text 'Last draft saved on: 02 Aug 2019 01:58:38 PM  Clear draft' and expected text 'Last draft saved on: 02 Aug 2019 02:00:08 PM  Clear draft' are not matched 

2019-08-02 14:00:10 - [MESSAGE][PASSED] - Object: '' is clicked on

2019-08-02 14:00:12 - [MESSAGE][PASSED] - Object: '' is clicked on

2019-08-02 14:00:14 - [MESSAGE][PASSED] - Delayed 2 second(s)

2019-08-02 14:00:14 - [TEST_CASE][PASSED] - Test Cases/TC_Login: Test Cases/TC_Login

2019-08-02 14:00:14 - [TEST_STEP][PASSED] - runWithCucumberRunner(common.LoginRunner): Run with 'common.LoginRunner' was passed

2019-08-02 14:00:14 - [MESSAGE][WARNING] - A browser is already opened. Closing browser and opening a new one

2019-08-02 14:00:15 - [MESSAGE][INFO] - Starting 'Chrome' driver

2019-08-02 14:00:18 - [MESSAGE][PASSED] - Browser is opened with url: ''

2019-08-02 14:00:19 - [MESSAGE][PASSED] - Current window maximized

2019-08-02 14:00:23 - [MESSAGE][PASSED] - Navigate to 'https://leedonline-stg.usgbc.org' successfully

2019-08-02 14:00:23 - [MESSAGE][PASSED] - Text 'automationbdd9@gmail.com' is set on object ''

2019-08-02 14:00:23 - [MESSAGE][PASSED] - Text 'initpass' is set on object ''

2019-08-02 14:00:26 - [MESSAGE][PASSED] - Delayed 3 second(s)

2019-08-02 14:00:26 - [MESSAGE][PASSED] - Scroll to object '' successfully

2019-08-02 14:00:26 - [MESSAGE][PASSED] - Object '' is checked

2019-08-02 14:00:30 - [MESSAGE][PASSED] - Delayed 4 second(s)

2019-08-02 14:00:31 - [MESSAGE][PASSED] - The form containing object: '' is submitted

2019-08-02 14:00:31 - [MESSAGE][PASSED] - Run with 'common.LoginRunner' was passed

2019-08-02 14:00:31 - [MESSAGE][PASSED] - Call Test Case 'Test Cases/TC_Login' successfully

2019-08-02 14:00:33 - [MESSAGE][PASSED] - Delayed 2 second(s)

2019-08-02 14:00:38 - [MESSAGE][PASSED] - Object: '' is clicked on

2019-08-02 14:00:40 - [MESSAGE][PASSED] - Delayed 2 second(s)

2019-08-02 14:00:41 - [MESSAGE][PASSED] - Object: '' is clicked on

2019-08-02 14:00:43 - [MESSAGE][PASSED] - Delayed 2 second(s)

2019-08-02 14:00:45 - [MESSAGE][PASSED] - Delayed 2 second(s)

2019-08-02 14:00:45 - [MESSAGE][PASSED] - Object: '' is clicked on

2019-08-02 14:00:45 - [MESSAGE][PASSED] - Text of object '' is: 'Integrated Pest Management'

2019-08-02 14:00:48 - [MESSAGE][PASSED] - Delayed 3 second(s)

2019-08-02 14:00:52 - [MESSAGE][PASSED] - Object: '' is clicked on

2019-08-02 14:00:56 - [MESSAGE][PASSED] - Delayed 4 second(s)

2019-08-02 14:00:56 - [MESSAGE][PASSED] - Object '' is present

2019-08-02 14:00:56 - [MESSAGE][PASSED] - Text of object '' is: 'Last draft saved on: 02 Aug 2019 02:00:08 PM  Clear draft'

2019-08-02 14:00:56 - [MESSAGE][PASSED] - Actual text 'Last draft saved on: 02 Aug 2019 02:00:08 PM  Clear draft' and expected text 'Last draft saved on: 02 Aug 2019 02:00:08 PM  Clear draft' are matched 

2019-08-02 14:00:57 - [MESSAGE][PASSED] - Object: '' is clicked on

2019-08-02 14:01:01 - [MESSAGE][PASSED] - Delayed 4 second(s)

2019-08-02 14:01:03 - [MESSAGE][PASSED] - Delayed 2 second(s)

2019-08-02 14:01:08 - [MESSAGE][PASSED] - Delayed 5 second(s)

2019-08-02 14:01:08 - [MESSAGE][PASSED] - Object: '' is clicked on

2019-08-02 14:01:10 - [MESSAGE][PASSED] - Delayed 2 second(s)

2019-08-02 14:01:10 - [MESSAGE][PASSED] - Object: '' is clicked on

2019-08-02 14:01:12 - [MESSAGE][PASSED] - Delayed 2 second(s)

2019-08-02 14:01:14 - [MESSAGE][PASSED] - Delayed 2 second(s)

2019-08-02 14:01:19 - [MESSAGE][PASSED] - Delayed 5 second(s)

2019-08-02 14:01:20 - [MESSAGE][PASSED] - Object: '' is clicked on

2019-08-02 14:01:22 - [MESSAGE][PASSED] - Delayed 2 second(s)

2019-08-02 14:01:22 - [MESSAGE][PASSED] - Object: '' is clicked on

2019-08-02 14:01:24 - [MESSAGE][PASSED] - Delayed 2 second(s)

2019-08-02 14:01:29 - [MESSAGE][PASSED] - Delayed 5 second(s)

2019-08-02 14:01:29 - [MESSAGE][PASSED] - Web element with id: '' located by 'By.xpath: (//table[@class='ui collapsing celled table unstackable'])[3]' is not present after '2' second(s)

2019-08-02 14:01:31 - [MESSAGE][PASSED] - Delayed 2 second(s)

2019-08-02 14:01:36 - [MESSAGE][PASSED] - Delayed 5 second(s)

2019-08-02 14:01:36 - [MESSAGE][PASSED] - Object: '' is clicked on

2019-08-02 14:01:38 - [MESSAGE][PASSED] - Delayed 2 second(s)

2019-08-02 14:01:38 - [MESSAGE][PASSED] - Object: '' is clicked on

2019-08-02 14:01:40 - [MESSAGE][PASSED] - Delayed 2 second(s)

2019-08-02 14:01:42 - [MESSAGE][PASSED] - Delayed 2 second(s)

2019-08-02 14:01:47 - [MESSAGE][PASSED] - Delayed 5 second(s)

2019-08-02 14:01:47 - [MESSAGE][PASSED] - Object: '' is clicked on

2019-08-02 14:01:49 - [MESSAGE][PASSED] - Delayed 2 second(s)

2019-08-02 14:01:49 - [MESSAGE][PASSED] - Object: '' is clicked on

2019-08-02 14:01:51 - [MESSAGE][PASSED] - Delayed 2 second(s)

2019-08-02 14:01:56 - [MESSAGE][PASSED] - Delayed 5 second(s)

2019-08-02 14:01:56 - [MESSAGE][PASSED] - Web element with id: '' located by 'By.xpath: (//table[@class='ui collapsing celled table unstackable'])[2]' is not present after '2' second(s)

2019-08-02 14:01:59 - [MESSAGE][PASSED] - Delayed 2 second(s)

2019-08-02 14:02:04 - [MESSAGE][PASSED] - Delayed 5 second(s)

2019-08-02 14:02:04 - [MESSAGE][PASSED] - Object: '' is clicked on

2019-08-02 14:02:06 - [MESSAGE][PASSED] - Delayed 2 second(s)

2019-08-02 14:02:06 - [MESSAGE][PASSED] - Object: '' is clicked on

2019-08-02 14:02:08 - [MESSAGE][PASSED] - Delayed 2 second(s)

2019-08-02 14:02:10 - [MESSAGE][PASSED] - Delayed 2 second(s)

2019-08-02 14:02:15 - [MESSAGE][PASSED] - Delayed 5 second(s)

2019-08-02 14:02:15 - [MESSAGE][PASSED] - Object: '' is clicked on

2019-08-02 14:02:17 - [MESSAGE][PASSED] - Delayed 2 second(s)

2019-08-02 14:02:17 - [MESSAGE][PASSED] - Object: '' is clicked on

2019-08-02 14:02:19 - [MESSAGE][PASSED] - Delayed 2 second(s)

2019-08-02 14:02:24 - [MESSAGE][PASSED] - Delayed 5 second(s)

2019-08-02 14:02:24 - [MESSAGE][PASSED] - Web element with id: '' located by 'By.xpath: (//table[@class='ui collapsing celled table unstackable'])[1]' is not present after '2' second(s)

2019-08-02 14:02:24 - [MESSAGE][PASSED] - Web element with id: '' located by 'By.xpath: //a[contains(text(),'Clear draft')]' is not present after '3' second(s)

2019-08-02 14:02:24 - [MESSAGE][PASSED] - Web element with id: '' located by 'By.xpath: //div[contains(text(),'Form drafted and not yet saved!')]' is not present after '2' second(s)

2019-08-02 14:02:25 - [MESSAGE][PASSED] - Text 'Because I see the mind is the most important.73HGC' is set on object ''

2019-08-02 14:02:27 - [MESSAGE][PASSED] - Delayed 2 second(s)

2019-08-02 14:02:27 - [MESSAGE][PASSED] - Text of object '' is: 'Because I see the mind is the most important.73HGC'

2019-08-02 14:02:27 - [MESSAGE][PASSED] - Actual text 'Because I see the mind is the most important.73HGC' and expected text 'Because I see the mind is the most important.73HGC' are matched 

2019-08-02 14:02:37 - [MESSAGE][PASSED] - Delayed 10 second(s)

2019-08-02 14:02:37 - [MESSAGE][PASSED] - Text of object '' is: 'Last draft saved on: 02 Aug 2019 02:02:27 PM  Clear draft'

2019-08-02 14:02:37 - [MESSAGE][PASSED] - Actual text 'Last draft saved on: 02 Aug 2019 02:00:08 PM  Clear draft' and expected text 'Last draft saved on: 02 Aug 2019 02:02:27 PM  Clear draft' are not matched 

2019-08-02 14:02:41 - [MESSAGE][PASSED] - Delayed 4 second(s)

2019-08-02 14:02:41 - [MESSAGE][PASSED] - Object: '' is clicked on

2019-08-02 14:02:43 - [MESSAGE][PASSED] - Delayed 2 second(s)

2019-08-02 14:02:43 - [MESSAGE][PASSED] - Object: '' is clicked on

2019-08-02 14:02:48 - [MESSAGE][PASSED] - Delayed 5 second(s)

2019-08-02 14:02:48 - [MESSAGE][PASSED] - Web element with id: '' located by 'By.xpath: //a[contains(text(),'Clear draft')]' is not present after '2' second(s)

2019-08-02 14:02:52 - [MESSAGE][PASSED] - Delayed 4 second(s)

2019-08-02 14:02:52 - [MESSAGE][PASSED] - Run with 'runner_OM_ExistingBuildings.IntegratedPestManagementTestRunner' was passed]]></system-out>
         <system-err><![CDATA[]]></system-err>
      </testcase>
      <testcase name="Test Cases/OM_ExistingBuildings/TC_RainwaterManagement" classname="Test Cases/OM_ExistingBuildings/TC_RainwaterManagement" status="FAILED">
         <failure type="FAILED" message="Test Cases/OM_ExistingBuildings/TC_RainwaterManagement FAILED.
Reason:
com.kms.katalon.core.exception.StepFailedException: These following reason:
 [Not a file or directory: G:\Sabareesh\Personal\USGBC_NewApproach1\USGBC_LEED\Include\features\OM_ExistingBuildings\RainwaterManagement.feature]
	at com.kms.katalon.core.keyword.internal.KeywordMain.stepFailed(KeywordMain.groovy:48)
	at com.kms.katalon.core.keyword.internal.KeywordMain.stepFailed(KeywordMain.groovy)
	at com.kms.katalon.core.keyword.internal.KeywordMain.stepFailed(KeywordMain.groovy:21)
	at com.kms.katalon.core.keyword.internal.KeywordMain$stepFailed$0.call(Unknown Source)
	at com.kms.katalon.core.cucumber.keyword.CucumberBuiltinKeywords$_runWithCucumberRunner_closure3.doCall(CucumberBuiltinKeywords.groovy:272)
	at com.kms.katalon.core.cucumber.keyword.CucumberBuiltinKeywords$_runWithCucumberRunner_closure3.doCall(CucumberBuiltinKeywords.groovy)
	at com.kms.katalon.core.keyword.internal.KeywordMain.runKeyword(KeywordMain.groovy:66)
	at com.kms.katalon.core.keyword.internal.KeywordMain$runKeyword.call(Unknown Source)
	at com.kms.katalon.core.cucumber.keyword.CucumberBuiltinKeywords.runWithCucumberRunner(CucumberBuiltinKeywords.groovy:257)
	at com.kms.katalon.core.cucumber.keyword.CucumberBuiltinKeywords$runWithCucumberRunner$0.callStatic(Unknown Source)
	at com.kms.katalon.core.cucumber.keyword.CucumberBuiltinKeywords.runWithCucumberRunner(CucumberBuiltinKeywords.groovy:357)
	at com.kms.katalon.core.cucumber.keyword.CucumberBuiltinKeywords$runWithCucumberRunner.call(Unknown Source)
	at TC_RainwaterManagement.run(TC_RainwaterManagement:17)
	at com.kms.katalon.core.main.ScriptEngine.run(ScriptEngine.java:194)
	at com.kms.katalon.core.main.ScriptEngine.runScriptAsRawText(ScriptEngine.java:119)
	at com.kms.katalon.core.main.TestCaseExecutor.runScript(TestCaseExecutor.java:331)
	at com.kms.katalon.core.main.TestCaseExecutor.doExecute(TestCaseExecutor.java:322)
	at com.kms.katalon.core.main.TestCaseExecutor.processExecutionPhase(TestCaseExecutor.java:301)
	at com.kms.katalon.core.main.TestCaseExecutor.accessMainPhase(TestCaseExecutor.java:293)
	at com.kms.katalon.core.main.TestCaseExecutor.execute(TestCaseExecutor.java:227)
	at com.kms.katalon.core.main.TestSuiteExecutor.accessTestCaseMainPhase(TestSuiteExecutor.java:129)
	at com.kms.katalon.core.main.TestSuiteExecutor.accessTestSuiteMainPhase(TestSuiteExecutor.java:112)
	at com.kms.katalon.core.main.TestSuiteExecutor.execute(TestSuiteExecutor.java:81)
	at com.kms.katalon.core.main.TestCaseMain.startTestSuite(TestCaseMain.java:157)
	at com.kms.katalon.core.main.TestCaseMain$startTestSuite$0.call(Unknown Source)
	at TempTestSuite1564732823325.run(TempTestSuite1564732823325.groovy:35)
"/>
         <system-out><![CDATA[2019-08-02 14:02:52 - [TEST_CASE][FAILED] - Test Cases/OM_ExistingBuildings/TC_RainwaterManagement: Test Cases/OM_ExistingBuildings/TC_RainwaterManagement FAILED.
Reason:
com.kms.katalon.core.exception.StepFailedException: These following reason:
 [Not a file or directory: G:\Sabareesh\Personal\USGBC_NewApproach1\USGBC_LEED\Include\features\OM_ExistingBuildings\RainwaterManagement.feature]
	at com.kms.katalon.core.keyword.internal.KeywordMain.stepFailed(KeywordMain.groovy:48)
	at com.kms.katalon.core.keyword.internal.KeywordMain.stepFailed(KeywordMain.groovy)
	at com.kms.katalon.core.keyword.internal.KeywordMain.stepFailed(KeywordMain.groovy:21)
	at com.kms.katalon.core.keyword.internal.KeywordMain$stepFailed$0.call(Unknown Source)
	at com.kms.katalon.core.cucumber.keyword.CucumberBuiltinKeywords$_runWithCucumberRunner_closure3.doCall(CucumberBuiltinKeywords.groovy:272)
	at com.kms.katalon.core.cucumber.keyword.CucumberBuiltinKeywords$_runWithCucumberRunner_closure3.doCall(CucumberBuiltinKeywords.groovy)
	at com.kms.katalon.core.keyword.internal.KeywordMain.runKeyword(KeywordMain.groovy:66)
	at com.kms.katalon.core.keyword.internal.KeywordMain$runKeyword.call(Unknown Source)
	at com.kms.katalon.core.cucumber.keyword.CucumberBuiltinKeywords.runWithCucumberRunner(CucumberBuiltinKeywords.groovy:257)
	at com.kms.katalon.core.cucumber.keyword.CucumberBuiltinKeywords$runWithCucumberRunner$0.callStatic(Unknown Source)
	at com.kms.katalon.core.cucumber.keyword.CucumberBuiltinKeywords.runWithCucumberRunner(CucumberBuiltinKeywords.groovy:357)
	at com.kms.katalon.core.cucumber.keyword.CucumberBuiltinKeywords$runWithCucumberRunner.call(Unknown Source)
	at TC_RainwaterManagement.run(TC_RainwaterManagement:17)
	at com.kms.katalon.core.main.ScriptEngine.run(ScriptEngine.java:194)
	at com.kms.katalon.core.main.ScriptEngine.runScriptAsRawText(ScriptEngine.java:119)
	at com.kms.katalon.core.main.TestCaseExecutor.runScript(TestCaseExecutor.java:331)
	at com.kms.katalon.core.main.TestCaseExecutor.doExecute(TestCaseExecutor.java:322)
	at com.kms.katalon.core.main.TestCaseExecutor.processExecutionPhase(TestCaseExecutor.java:301)
	at com.kms.katalon.core.main.TestCaseExecutor.accessMainPhase(TestCaseExecutor.java:293)
	at com.kms.katalon.core.main.TestCaseExecutor.execute(TestCaseExecutor.java:227)
	at com.kms.katalon.core.main.TestSuiteExecutor.accessTestCaseMainPhase(TestSuiteExecutor.java:129)
	at com.kms.katalon.core.main.TestSuiteExecutor.accessTestSuiteMainPhase(TestSuiteExecutor.java:112)
	at com.kms.katalon.core.main.TestSuiteExecutor.execute(TestSuiteExecutor.java:81)
	at com.kms.katalon.core.main.TestCaseMain.startTestSuite(TestCaseMain.java:157)
	at com.kms.katalon.core.main.TestCaseMain$startTestSuite$0.call(Unknown Source)
	at TempTestSuite1564732823325.run(TempTestSuite1564732823325.groovy:35)


2019-08-02 14:02:53 - [TEST_STEP][FAILED] - runWithCucumberRunner(runner_OM_ExistingBuildings.RainwaterManagementTestRunner): runWithCucumberRunner(runner_OM_ExistingBuildings.RainwaterManagementTestRunner) FAILED.
Reason:
com.kms.katalon.core.exception.StepFailedException: These following reason:
 [Not a file or directory: G:\Sabareesh\Personal\USGBC_NewApproach1\USGBC_LEED\Include\features\OM_ExistingBuildings\RainwaterManagement.feature]
	at com.kms.katalon.core.keyword.internal.KeywordMain.stepFailed(KeywordMain.groovy:48)
	at com.kms.katalon.core.keyword.internal.KeywordMain.stepFailed(KeywordMain.groovy)
	at com.kms.katalon.core.keyword.internal.KeywordMain.stepFailed(KeywordMain.groovy:21)
	at com.kms.katalon.core.keyword.internal.KeywordMain$stepFailed$0.call(Unknown Source)
	at com.kms.katalon.core.cucumber.keyword.CucumberBuiltinKeywords$_runWithCucumberRunner_closure3.doCall(CucumberBuiltinKeywords.groovy:272)
	at com.kms.katalon.core.cucumber.keyword.CucumberBuiltinKeywords$_runWithCucumberRunner_closure3.doCall(CucumberBuiltinKeywords.groovy)
	at com.kms.katalon.core.keyword.internal.KeywordMain.runKeyword(KeywordMain.groovy:66)
	at com.kms.katalon.core.keyword.internal.KeywordMain$runKeyword.call(Unknown Source)
	at com.kms.katalon.core.cucumber.keyword.CucumberBuiltinKeywords.runWithCucumberRunner(CucumberBuiltinKeywords.groovy:257)
	at com.kms.katalon.core.cucumber.keyword.CucumberBuiltinKeywords$runWithCucumberRunner$0.callStatic(Unknown Source)
	at com.kms.katalon.core.cucumber.keyword.CucumberBuiltinKeywords.runWithCucumberRunner(CucumberBuiltinKeywords.groovy:357)
	at com.kms.katalon.core.cucumber.keyword.CucumberBuiltinKeywords$runWithCucumberRunner.call(Unknown Source)
	at TC_RainwaterManagement.run(TC_RainwaterManagement:17)
	at com.kms.katalon.core.main.ScriptEngine.run(ScriptEngine.java:194)
	at com.kms.katalon.core.main.ScriptEngine.runScriptAsRawText(ScriptEngine.java:119)
	at com.kms.katalon.core.main.TestCaseExecutor.runScript(TestCaseExecutor.java:331)
	at com.kms.katalon.core.main.TestCaseExecutor.doExecute(TestCaseExecutor.java:322)
	at com.kms.katalon.core.main.TestCaseExecutor.processExecutionPhase(TestCaseExecutor.java:301)
	at com.kms.katalon.core.main.TestCaseExecutor.accessMainPhase(TestCaseExecutor.java:293)
	at com.kms.katalon.core.main.TestCaseExecutor.execute(TestCaseExecutor.java:227)
	at com.kms.katalon.core.main.TestSuiteExecutor.accessTestCaseMainPhase(TestSuiteExecutor.java:129)
	at com.kms.katalon.core.main.TestSuiteExecutor.accessTestSuiteMainPhase(TestSuiteExecutor.java:112)
	at com.kms.katalon.core.main.TestSuiteExecutor.execute(TestSuiteExecutor.java:81)
	at com.kms.katalon.core.main.TestCaseMain.startTestSuite(TestCaseMain.java:157)
	at com.kms.katalon.core.main.TestCaseMain$startTestSuite$0.call(Unknown Source)
	at TempTestSuite1564732823325.run(TempTestSuite1564732823325.groovy:35)


2019-08-02 14:02:53 - [MESSAGE][FAILED] - These following reason:
 [Not a file or directory: G:\Sabareesh\Personal\USGBC_NewApproach1\USGBC_LEED\Include\features\OM_ExistingBuildings\RainwaterManagement.feature]

2019-08-02 14:02:53 - [MESSAGE][FAILED] - Keyword runWithCucumberRunner was failed (Root cause: com.kms.katalon.core.exception.StepFailedException: These following reason:
 [Not a file or directory: G:\Sabareesh\Personal\USGBC_NewApproach1\USGBC_LEED\Include\features\OM_ExistingBuildings\RainwaterManagement.feature]
	at com.kms.katalon.core.keyword.internal.KeywordMain.stepFailed(KeywordMain.groovy:48)
	at com.kms.katalon.core.keyword.internal.KeywordMain.stepFailed(KeywordMain.groovy)
	at com.kms.katalon.core.keyword.internal.KeywordMain.stepFailed(KeywordMain.groovy:21)
	at com.kms.katalon.core.keyword.internal.KeywordMain$stepFailed$0.call(Unknown Source)
	at com.kms.katalon.core.cucumber.keyword.CucumberBuiltinKeywords$_runWithCucumberRunner_closure3.doCall(CucumberBuiltinKeywords.groovy:272)
	at com.kms.katalon.core.cucumber.keyword.CucumberBuiltinKeywords$_runWithCucumberRunner_closure3.doCall(CucumberBuiltinKeywords.groovy)
	at com.kms.katalon.core.keyword.internal.KeywordMain.runKeyword(KeywordMain.groovy:66)
	at com.kms.katalon.core.keyword.internal.KeywordMain$runKeyword.call(Unknown Source)
	at com.kms.katalon.core.cucumber.keyword.CucumberBuiltinKeywords.runWithCucumberRunner(CucumberBuiltinKeywords.groovy:257)
	at com.kms.katalon.core.cucumber.keyword.CucumberBuiltinKeywords$runWithCucumberRunner$0.callStatic(Unknown Source)
	at com.kms.katalon.core.cucumber.keyword.CucumberBuiltinKeywords.runWithCucumberRunner(CucumberBuiltinKeywords.groovy:357)
	at com.kms.katalon.core.cucumber.keyword.CucumberBuiltinKeywords$runWithCucumberRunner.call(Unknown Source)
	at TC_RainwaterManagement.run(TC_RainwaterManagement:17)
	at com.kms.katalon.core.main.ScriptEngine.run(ScriptEngine.java:194)
	at com.kms.katalon.core.main.ScriptEngine.runScriptAsRawText(ScriptEngine.java:119)
	at com.kms.katalon.core.main.TestCaseExecutor.runScript(TestCaseExecutor.java:331)
	at com.kms.katalon.core.main.TestCaseExecutor.doExecute(TestCaseExecutor.java:322)
	at com.kms.katalon.core.main.TestCaseExecutor.processExecutionPhase(TestCaseExecutor.java:301)
	at com.kms.katalon.core.main.TestCaseExecutor.accessMainPhase(TestCaseExecutor.java:293)
	at com.kms.katalon.core.main.TestCaseExecutor.execute(TestCaseExecutor.java:227)
	at com.kms.katalon.core.main.TestSuiteExecutor.accessTestCaseMainPhase(TestSuiteExecutor.java:129)
	at com.kms.katalon.core.main.TestSuiteExecutor.accessTestSuiteMainPhase(TestSuiteExecutor.java:112)
	at com.kms.katalon.core.main.TestSuiteExecutor.execute(TestSuiteExecutor.java:81)
	at com.kms.katalon.core.main.TestCaseMain.startTestSuite(TestCaseMain.java:157)
	at com.kms.katalon.core.main.TestCaseMain$startTestSuite$0.call(Unknown Source)
	at TempTestSuite1564732823325.run(TempTestSuite1564732823325.groovy:35)
)

2019-08-02 14:02:53 - [MESSAGE][FAILED] - runWithCucumberRunner(runner_OM_ExistingBuildings.RainwaterManagementTestRunner) FAILED.
Reason:
com.kms.katalon.core.exception.StepFailedException: These following reason:
 [Not a file or directory: G:\Sabareesh\Personal\USGBC_NewApproach1\USGBC_LEED\Include\features\OM_ExistingBuildings\RainwaterManagement.feature]
	at com.kms.katalon.core.keyword.internal.KeywordMain.stepFailed(KeywordMain.groovy:48)
	at com.kms.katalon.core.keyword.internal.KeywordMain.stepFailed(KeywordMain.groovy)
	at com.kms.katalon.core.keyword.internal.KeywordMain.stepFailed(KeywordMain.groovy:21)
	at com.kms.katalon.core.keyword.internal.KeywordMain$stepFailed$0.call(Unknown Source)
	at com.kms.katalon.core.cucumber.keyword.CucumberBuiltinKeywords$_runWithCucumberRunner_closure3.doCall(CucumberBuiltinKeywords.groovy:272)
	at com.kms.katalon.core.cucumber.keyword.CucumberBuiltinKeywords$_runWithCucumberRunner_closure3.doCall(CucumberBuiltinKeywords.groovy)
	at com.kms.katalon.core.keyword.internal.KeywordMain.runKeyword(KeywordMain.groovy:66)
	at com.kms.katalon.core.keyword.internal.KeywordMain$runKeyword.call(Unknown Source)
	at com.kms.katalon.core.cucumber.keyword.CucumberBuiltinKeywords.runWithCucumberRunner(CucumberBuiltinKeywords.groovy:257)
	at com.kms.katalon.core.cucumber.keyword.CucumberBuiltinKeywords$runWithCucumberRunner$0.callStatic(Unknown Source)
	at com.kms.katalon.core.cucumber.keyword.CucumberBuiltinKeywords.runWithCucumberRunner(CucumberBuiltinKeywords.groovy:357)
	at com.kms.katalon.core.cucumber.keyword.CucumberBuiltinKeywords$runWithCucumberRunner.call(Unknown Source)
	at TC_RainwaterManagement.run(TC_RainwaterManagement:17)
	at com.kms.katalon.core.main.ScriptEngine.run(ScriptEngine.java:194)
	at com.kms.katalon.core.main.ScriptEngine.runScriptAsRawText(ScriptEngine.java:119)
	at com.kms.katalon.core.main.TestCaseExecutor.runScript(TestCaseExecutor.java:331)
	at com.kms.katalon.core.main.TestCaseExecutor.doExecute(TestCaseExecutor.java:322)
	at com.kms.katalon.core.main.TestCaseExecutor.processExecutionPhase(TestCaseExecutor.java:301)
	at com.kms.katalon.core.main.TestCaseExecutor.accessMainPhase(TestCaseExecutor.java:293)
	at com.kms.katalon.core.main.TestCaseExecutor.execute(TestCaseExecutor.java:227)
	at com.kms.katalon.core.main.TestSuiteExecutor.accessTestCaseMainPhase(TestSuiteExecutor.java:129)
	at com.kms.katalon.core.main.TestSuiteExecutor.accessTestSuiteMainPhase(TestSuiteExecutor.java:112)
	at com.kms.katalon.core.main.TestSuiteExecutor.execute(TestSuiteExecutor.java:81)
	at com.kms.katalon.core.main.TestCaseMain.startTestSuite(TestCaseMain.java:157)
	at com.kms.katalon.core.main.TestCaseMain$startTestSuite$0.call(Unknown Source)
	at TempTestSuite1564732823325.run(TempTestSuite1564732823325.groovy:35)]]></system-out>
         <system-err><![CDATA[2019-08-02 14:02:52 - [TEST_CASE][FAILED] - Test Cases/OM_ExistingBuildings/TC_RainwaterManagement: Test Cases/OM_ExistingBuildings/TC_RainwaterManagement FAILED.
Reason:
com.kms.katalon.core.exception.StepFailedException: These following reason:
 [Not a file or directory: G:\Sabareesh\Personal\USGBC_NewApproach1\USGBC_LEED\Include\features\OM_ExistingBuildings\RainwaterManagement.feature]
	at com.kms.katalon.core.keyword.internal.KeywordMain.stepFailed(KeywordMain.groovy:48)
	at com.kms.katalon.core.keyword.internal.KeywordMain.stepFailed(KeywordMain.groovy)
	at com.kms.katalon.core.keyword.internal.KeywordMain.stepFailed(KeywordMain.groovy:21)
	at com.kms.katalon.core.keyword.internal.KeywordMain$stepFailed$0.call(Unknown Source)
	at com.kms.katalon.core.cucumber.keyword.CucumberBuiltinKeywords$_runWithCucumberRunner_closure3.doCall(CucumberBuiltinKeywords.groovy:272)
	at com.kms.katalon.core.cucumber.keyword.CucumberBuiltinKeywords$_runWithCucumberRunner_closure3.doCall(CucumberBuiltinKeywords.groovy)
	at com.kms.katalon.core.keyword.internal.KeywordMain.runKeyword(KeywordMain.groovy:66)
	at com.kms.katalon.core.keyword.internal.KeywordMain$runKeyword.call(Unknown Source)
	at com.kms.katalon.core.cucumber.keyword.CucumberBuiltinKeywords.runWithCucumberRunner(CucumberBuiltinKeywords.groovy:257)
	at com.kms.katalon.core.cucumber.keyword.CucumberBuiltinKeywords$runWithCucumberRunner$0.callStatic(Unknown Source)
	at com.kms.katalon.core.cucumber.keyword.CucumberBuiltinKeywords.runWithCucumberRunner(CucumberBuiltinKeywords.groovy:357)
	at com.kms.katalon.core.cucumber.keyword.CucumberBuiltinKeywords$runWithCucumberRunner.call(Unknown Source)
	at TC_RainwaterManagement.run(TC_RainwaterManagement:17)
	at com.kms.katalon.core.main.ScriptEngine.run(ScriptEngine.java:194)
	at com.kms.katalon.core.main.ScriptEngine.runScriptAsRawText(ScriptEngine.java:119)
	at com.kms.katalon.core.main.TestCaseExecutor.runScript(TestCaseExecutor.java:331)
	at com.kms.katalon.core.main.TestCaseExecutor.doExecute(TestCaseExecutor.java:322)
	at com.kms.katalon.core.main.TestCaseExecutor.processExecutionPhase(TestCaseExecutor.java:301)
	at com.kms.katalon.core.main.TestCaseExecutor.accessMainPhase(TestCaseExecutor.java:293)
	at com.kms.katalon.core.main.TestCaseExecutor.execute(TestCaseExecutor.java:227)
	at com.kms.katalon.core.main.TestSuiteExecutor.accessTestCaseMainPhase(TestSuiteExecutor.java:129)
	at com.kms.katalon.core.main.TestSuiteExecutor.accessTestSuiteMainPhase(TestSuiteExecutor.java:112)
	at com.kms.katalon.core.main.TestSuiteExecutor.execute(TestSuiteExecutor.java:81)
	at com.kms.katalon.core.main.TestCaseMain.startTestSuite(TestCaseMain.java:157)
	at com.kms.katalon.core.main.TestCaseMain$startTestSuite$0.call(Unknown Source)
	at TempTestSuite1564732823325.run(TempTestSuite1564732823325.groovy:35)]]></system-err>
      </testcase>
      <system-out><![CDATA[2019-08-02 13:30:26 - [TEST_SUITE][FAILED] - TS_OM_ExistingBuildings: Test Cases/OM_ExistingBuildings/TC_RainwaterManagement FAILED.
Reason:
com.kms.katalon.core.exception.StepFailedException: These following reason:
 [Not a file or directory: G:\Sabareesh\Personal\USGBC_NewApproach1\USGBC_LEED\Include\features\OM_ExistingBuildings\RainwaterManagement.feature]
	at com.kms.katalon.core.keyword.internal.KeywordMain.stepFailed(KeywordMain.groovy:48)
	at com.kms.katalon.core.keyword.internal.KeywordMain.stepFailed(KeywordMain.groovy)
	at com.kms.katalon.core.keyword.internal.KeywordMain.stepFailed(KeywordMain.groovy:21)
	at com.kms.katalon.core.keyword.internal.KeywordMain$stepFailed$0.call(Unknown Source)
	at com.kms.katalon.core.cucumber.keyword.CucumberBuiltinKeywords$_runWithCucumberRunner_closure3.doCall(CucumberBuiltinKeywords.groovy:272)
	at com.kms.katalon.core.cucumber.keyword.CucumberBuiltinKeywords$_runWithCucumberRunner_closure3.doCall(CucumberBuiltinKeywords.groovy)
	at com.kms.katalon.core.keyword.internal.KeywordMain.runKeyword(KeywordMain.groovy:66)
	at com.kms.katalon.core.keyword.internal.KeywordMain$runKeyword.call(Unknown Source)
	at com.kms.katalon.core.cucumber.keyword.CucumberBuiltinKeywords.runWithCucumberRunner(CucumberBuiltinKeywords.groovy:257)
	at com.kms.katalon.core.cucumber.keyword.CucumberBuiltinKeywords$runWithCucumberRunner$0.callStatic(Unknown Source)
	at com.kms.katalon.core.cucumber.keyword.CucumberBuiltinKeywords.runWithCucumberRunner(CucumberBuiltinKeywords.groovy:357)
	at com.kms.katalon.core.cucumber.keyword.CucumberBuiltinKeywords$runWithCucumberRunner.call(Unknown Source)
	at TC_RainwaterManagement.run(TC_RainwaterManagement:17)
	at com.kms.katalon.core.main.ScriptEngine.run(ScriptEngine.java:194)
	at com.kms.katalon.core.main.ScriptEngine.runScriptAsRawText(ScriptEngine.java:119)
	at com.kms.katalon.core.main.TestCaseExecutor.runScript(TestCaseExecutor.java:331)
	at com.kms.katalon.core.main.TestCaseExecutor.doExecute(TestCaseExecutor.java:322)
	at com.kms.katalon.core.main.TestCaseExecutor.processExecutionPhase(TestCaseExecutor.java:301)
	at com.kms.katalon.core.main.TestCaseExecutor.accessMainPhase(TestCaseExecutor.java:293)
	at com.kms.katalon.core.main.TestCaseExecutor.execute(TestCaseExecutor.java:227)
	at com.kms.katalon.core.main.TestSuiteExecutor.accessTestCaseMainPhase(TestSuiteExecutor.java:129)
	at com.kms.katalon.core.main.TestSuiteExecutor.accessTestSuiteMainPhase(TestSuiteExecutor.java:112)
	at com.kms.katalon.core.main.TestSuiteExecutor.execute(TestSuiteExecutor.java:81)
	at com.kms.katalon.core.main.TestCaseMain.startTestSuite(TestCaseMain.java:157)
	at com.kms.katalon.core.main.TestCaseMain$startTestSuite$0.call(Unknown Source)
	at TempTestSuite1564732823325.run(TempTestSuite1564732823325.groovy:35)]]></system-out>
      <system-err><![CDATA[2019-08-02 13:30:26 - [TEST_SUITE][FAILED] - TS_OM_ExistingBuildings: Test Cases/OM_ExistingBuildings/TC_RainwaterManagement FAILED.
Reason:
com.kms.katalon.core.exception.StepFailedException: These following reason:
 [Not a file or directory: G:\Sabareesh\Personal\USGBC_NewApproach1\USGBC_LEED\Include\features\OM_ExistingBuildings\RainwaterManagement.feature]
	at com.kms.katalon.core.keyword.internal.KeywordMain.stepFailed(KeywordMain.groovy:48)
	at com.kms.katalon.core.keyword.internal.KeywordMain.stepFailed(KeywordMain.groovy)
	at com.kms.katalon.core.keyword.internal.KeywordMain.stepFailed(KeywordMain.groovy:21)
	at com.kms.katalon.core.keyword.internal.KeywordMain$stepFailed$0.call(Unknown Source)
	at com.kms.katalon.core.cucumber.keyword.CucumberBuiltinKeywords$_runWithCucumberRunner_closure3.doCall(CucumberBuiltinKeywords.groovy:272)
	at com.kms.katalon.core.cucumber.keyword.CucumberBuiltinKeywords$_runWithCucumberRunner_closure3.doCall(CucumberBuiltinKeywords.groovy)
	at com.kms.katalon.core.keyword.internal.KeywordMain.runKeyword(KeywordMain.groovy:66)
	at com.kms.katalon.core.keyword.internal.KeywordMain$runKeyword.call(Unknown Source)
	at com.kms.katalon.core.cucumber.keyword.CucumberBuiltinKeywords.runWithCucumberRunner(CucumberBuiltinKeywords.groovy:257)
	at com.kms.katalon.core.cucumber.keyword.CucumberBuiltinKeywords$runWithCucumberRunner$0.callStatic(Unknown Source)
	at com.kms.katalon.core.cucumber.keyword.CucumberBuiltinKeywords.runWithCucumberRunner(CucumberBuiltinKeywords.groovy:357)
	at com.kms.katalon.core.cucumber.keyword.CucumberBuiltinKeywords$runWithCucumberRunner.call(Unknown Source)
	at TC_RainwaterManagement.run(TC_RainwaterManagement:17)
	at com.kms.katalon.core.main.ScriptEngine.run(ScriptEngine.java:194)
	at com.kms.katalon.core.main.ScriptEngine.runScriptAsRawText(ScriptEngine.java:119)
	at com.kms.katalon.core.main.TestCaseExecutor.runScript(TestCaseExecutor.java:331)
	at com.kms.katalon.core.main.TestCaseExecutor.doExecute(TestCaseExecutor.java:322)
	at com.kms.katalon.core.main.TestCaseExecutor.processExecutionPhase(TestCaseExecutor.java:301)
	at com.kms.katalon.core.main.TestCaseExecutor.accessMainPhase(TestCaseExecutor.java:293)
	at com.kms.katalon.core.main.TestCaseExecutor.execute(TestCaseExecutor.java:227)
	at com.kms.katalon.core.main.TestSuiteExecutor.accessTestCaseMainPhase(TestSuiteExecutor.java:129)
	at com.kms.katalon.core.main.TestSuiteExecutor.accessTestSuiteMainPhase(TestSuiteExecutor.java:112)
	at com.kms.katalon.core.main.TestSuiteExecutor.execute(TestSuiteExecutor.java:81)
	at com.kms.katalon.core.main.TestCaseMain.startTestSuite(TestCaseMain.java:157)
	at com.kms.katalon.core.main.TestCaseMain$startTestSuite$0.call(Unknown Source)
	at TempTestSuite1564732823325.run(TempTestSuite1564732823325.groovy:35)]]></system-err>
   </testsuite>
</testsuites>
