<?xml version="1.0" encoding="UTF-8"?>
<testsuites name="Demo1" time="530" tests="0" failures="1" errors="0">
   <testsuite name="Demo1" tests="0" failures="1" errors="0" time="530" timestamp="2019-08-07 12:12:57" hostname="promantusinc - promantusinc-ThinkPad-L450" id="Test Suites/Demo1">
      <properties>
         <property name="deviceName" value=""/>
         <property name="devicePlatform" value=""/>
         <property name="logFolder" value="/home/promantusinc/Desktop/Latest With negative/USGBC_NewApproach_with_Negative/USGBC_LEED/Reports/Demo1/20190807_121237"/>
         <property name="logFiles" value="/home/promantusinc/Desktop/Latest With negative/USGBC_NewApproach_with_Negative/USGBC_LEED/Reports/Demo1/20190807_121237/execution0.log"/>
         <property name="attachments" value=""/>
         <property name="hostName" value="promantusinc - promantusinc-ThinkPad-L450"/>
         <property name="os" value="Linux 64bit"/>
         <property name="katalonVersion" value="6.1.4.1"/>
         <property name="browser" value="Chrome 75.0.3770.100"/>
         <property name="hostAddress" value="127.0.1.1"/>
         <property name="sessionId" value="289aa26518b3ef0b7080d634597c977a"/>
         <property name="seleniumVersion" value="3.7.1"/>
         <property name="proxyInformation" value="ProxyInformation{proxyOption=NO_PROXY, proxyServerType=HTTP, password=, proxyServerAddress=, proxyServerPort=0}"/>
         <property name="platform" value="Linux"/>
      </properties>
      <testcase name="Test Cases/OM_ExistingBuildings/TC_FacilityMaintenanceandRenovationPolicy" classname="Test Cases/OM_ExistingBuildings/TC_FacilityMaintenanceandRenovationPolicy" status="FAILED">
         <failure type="FAILED" message="Test Cases/OM_ExistingBuildings/TC_FacilityMaintenanceandRenovationPolicy FAILED.
Reason:
com.kms.katalon.core.exception.StepFailedException: These following reason:
 [Cannot get property 'length' on null object]
	at com.kms.katalon.core.keyword.internal.KeywordMain.stepFailed(KeywordMain.groovy:48)
	at com.kms.katalon.core.keyword.internal.KeywordMain.stepFailed(KeywordMain.groovy)
	at com.kms.katalon.core.keyword.internal.KeywordMain.stepFailed(KeywordMain.groovy:21)
	at com.kms.katalon.core.keyword.internal.KeywordMain$stepFailed$0.call(Unknown Source)
	at com.kms.katalon.core.cucumber.keyword.CucumberBuiltinKeywords$_runWithCucumberRunner_closure3.doCall(CucumberBuiltinKeywords.groovy:272)
	at com.kms.katalon.core.cucumber.keyword.CucumberBuiltinKeywords$_runWithCucumberRunner_closure3.doCall(CucumberBuiltinKeywords.groovy)
	at com.kms.katalon.core.keyword.internal.KeywordMain.runKeyword(KeywordMain.groovy:66)
	at com.kms.katalon.core.keyword.internal.KeywordMain$runKeyword.call(Unknown Source)
	at com.kms.katalon.core.cucumber.keyword.CucumberBuiltinKeywords.runWithCucumberRunner(CucumberBuiltinKeywords.groovy:257)
	at com.kms.katalon.core.cucumber.keyword.CucumberBuiltinKeywords$runWithCucumberRunner$0.callStatic(Unknown Source)
	at com.kms.katalon.core.cucumber.keyword.CucumberBuiltinKeywords.runWithCucumberRunner(CucumberBuiltinKeywords.groovy:357)
	at com.kms.katalon.core.cucumber.keyword.CucumberBuiltinKeywords$runWithCucumberRunner.call(Unknown Source)
	at TC_FacilityMaintenanceandRenovationPolicy.run(TC_FacilityMaintenanceandRenovationPolicy:17)
	at com.kms.katalon.core.main.ScriptEngine.run(ScriptEngine.java:194)
	at com.kms.katalon.core.main.ScriptEngine.runScriptAsRawText(ScriptEngine.java:119)
	at com.kms.katalon.core.main.TestCaseExecutor.runScript(TestCaseExecutor.java:336)
	at com.kms.katalon.core.main.TestCaseExecutor.doExecute(TestCaseExecutor.java:327)
	at com.kms.katalon.core.main.TestCaseExecutor.processExecutionPhase(TestCaseExecutor.java:306)
	at com.kms.katalon.core.main.TestCaseExecutor.accessMainPhase(TestCaseExecutor.java:298)
	at com.kms.katalon.core.main.TestCaseExecutor.execute(TestCaseExecutor.java:232)
	at com.kms.katalon.core.main.TestSuiteExecutor.accessTestCaseMainPhase(TestSuiteExecutor.java:129)
	at com.kms.katalon.core.main.TestSuiteExecutor.accessTestSuiteMainPhase(TestSuiteExecutor.java:112)
	at com.kms.katalon.core.main.TestSuiteExecutor.execute(TestSuiteExecutor.java:81)
	at com.kms.katalon.core.main.TestCaseMain.startTestSuite(TestCaseMain.java:157)
	at com.kms.katalon.core.main.TestCaseMain$startTestSuite$0.call(Unknown Source)
	at TempTestSuite1565160157414.run(TempTestSuite1565160157414.groovy:35)
"/>
         <system-out><![CDATA[2019-08-07 12:12:57 - [TEST_CASE][FAILED] - Test Cases/OM_ExistingBuildings/TC_FacilityMaintenanceandRenovationPolicy: Test Cases/OM_ExistingBuildings/TC_FacilityMaintenanceandRenovationPolicy FAILED.
Reason:
com.kms.katalon.core.exception.StepFailedException: These following reason:
 [Cannot get property 'length' on null object]
	at com.kms.katalon.core.keyword.internal.KeywordMain.stepFailed(KeywordMain.groovy:48)
	at com.kms.katalon.core.keyword.internal.KeywordMain.stepFailed(KeywordMain.groovy)
	at com.kms.katalon.core.keyword.internal.KeywordMain.stepFailed(KeywordMain.groovy:21)
	at com.kms.katalon.core.keyword.internal.KeywordMain$stepFailed$0.call(Unknown Source)
	at com.kms.katalon.core.cucumber.keyword.CucumberBuiltinKeywords$_runWithCucumberRunner_closure3.doCall(CucumberBuiltinKeywords.groovy:272)
	at com.kms.katalon.core.cucumber.keyword.CucumberBuiltinKeywords$_runWithCucumberRunner_closure3.doCall(CucumberBuiltinKeywords.groovy)
	at com.kms.katalon.core.keyword.internal.KeywordMain.runKeyword(KeywordMain.groovy:66)
	at com.kms.katalon.core.keyword.internal.KeywordMain$runKeyword.call(Unknown Source)
	at com.kms.katalon.core.cucumber.keyword.CucumberBuiltinKeywords.runWithCucumberRunner(CucumberBuiltinKeywords.groovy:257)
	at com.kms.katalon.core.cucumber.keyword.CucumberBuiltinKeywords$runWithCucumberRunner$0.callStatic(Unknown Source)
	at com.kms.katalon.core.cucumber.keyword.CucumberBuiltinKeywords.runWithCucumberRunner(CucumberBuiltinKeywords.groovy:357)
	at com.kms.katalon.core.cucumber.keyword.CucumberBuiltinKeywords$runWithCucumberRunner.call(Unknown Source)
	at TC_FacilityMaintenanceandRenovationPolicy.run(TC_FacilityMaintenanceandRenovationPolicy:17)
	at com.kms.katalon.core.main.ScriptEngine.run(ScriptEngine.java:194)
	at com.kms.katalon.core.main.ScriptEngine.runScriptAsRawText(ScriptEngine.java:119)
	at com.kms.katalon.core.main.TestCaseExecutor.runScript(TestCaseExecutor.java:336)
	at com.kms.katalon.core.main.TestCaseExecutor.doExecute(TestCaseExecutor.java:327)
	at com.kms.katalon.core.main.TestCaseExecutor.processExecutionPhase(TestCaseExecutor.java:306)
	at com.kms.katalon.core.main.TestCaseExecutor.accessMainPhase(TestCaseExecutor.java:298)
	at com.kms.katalon.core.main.TestCaseExecutor.execute(TestCaseExecutor.java:232)
	at com.kms.katalon.core.main.TestSuiteExecutor.accessTestCaseMainPhase(TestSuiteExecutor.java:129)
	at com.kms.katalon.core.main.TestSuiteExecutor.accessTestSuiteMainPhase(TestSuiteExecutor.java:112)
	at com.kms.katalon.core.main.TestSuiteExecutor.execute(TestSuiteExecutor.java:81)
	at com.kms.katalon.core.main.TestCaseMain.startTestSuite(TestCaseMain.java:157)
	at com.kms.katalon.core.main.TestCaseMain$startTestSuite$0.call(Unknown Source)
	at TempTestSuite1565160157414.run(TempTestSuite1565160157414.groovy:35)


2019-08-07 12:12:57 - [TEST_STEP][PASSED] - Start listener action : sampleBeforeTestCase: null

2019-08-07 12:12:57 - [TEST_STEP][PASSED] - a = testCaseContext.getTestCaseId(): null

2019-08-07 12:12:57 - [TEST_STEP][PASSED] - lastWord = a.substring(a.lastIndexOf("/") + 1): null

2019-08-07 12:12:57 - [TEST_STEP][PASSED] - currentTestCaseId = lastWord: null

2019-08-07 12:12:57 - [TEST_STEP][PASSED] - println("GlobalVariable.currentTestCaseId#############" + lastWord): null

2019-08-07 12:12:58 - [TEST_STEP][FAILED] - runWithCucumberRunner(runner_OM_ExistingBuildings.FacilityMaintenanceandRenovationPolicyTestRunner): Keyword runWithCucumberRunner was failed (Root cause: com.kms.katalon.core.exception.StepFailedException: These following reason:
 [Cannot get property 'length' on null object]
	at com.kms.katalon.core.keyword.internal.KeywordMain.stepFailed(KeywordMain.groovy:48)
	at com.kms.katalon.core.keyword.internal.KeywordMain.stepFailed(KeywordMain.groovy)
	at com.kms.katalon.core.keyword.internal.KeywordMain.stepFailed(KeywordMain.groovy:21)
	at com.kms.katalon.core.keyword.internal.KeywordMain$stepFailed$0.call(Unknown Source)
	at com.kms.katalon.core.cucumber.keyword.CucumberBuiltinKeywords$_runWithCucumberRunner_closure3.doCall(CucumberBuiltinKeywords.groovy:272)
	at com.kms.katalon.core.cucumber.keyword.CucumberBuiltinKeywords$_runWithCucumberRunner_closure3.doCall(CucumberBuiltinKeywords.groovy)
	at com.kms.katalon.core.keyword.internal.KeywordMain.runKeyword(KeywordMain.groovy:66)
	at com.kms.katalon.core.keyword.internal.KeywordMain$runKeyword.call(Unknown Source)
	at com.kms.katalon.core.cucumber.keyword.CucumberBuiltinKeywords.runWithCucumberRunner(CucumberBuiltinKeywords.groovy:257)
	at com.kms.katalon.core.cucumber.keyword.CucumberBuiltinKeywords$runWithCucumberRunner$0.callStatic(Unknown Source)
	at com.kms.katalon.core.cucumber.keyword.CucumberBuiltinKeywords.runWithCucumberRunner(CucumberBuiltinKeywords.groovy:357)
	at com.kms.katalon.core.cucumber.keyword.CucumberBuiltinKeywords$runWithCucumberRunner.call(Unknown Source)
	at TC_FacilityMaintenanceandRenovationPolicy.run(TC_FacilityMaintenanceandRenovationPolicy:17)
	at com.kms.katalon.core.main.ScriptEngine.run(ScriptEngine.java:194)
	at com.kms.katalon.core.main.ScriptEngine.runScriptAsRawText(ScriptEngine.java:119)
	at com.kms.katalon.core.main.TestCaseExecutor.runScript(TestCaseExecutor.java:336)
	at com.kms.katalon.core.main.TestCaseExecutor.doExecute(TestCaseExecutor.java:327)
	at com.kms.katalon.core.main.TestCaseExecutor.processExecutionPhase(TestCaseExecutor.java:306)
	at com.kms.katalon.core.main.TestCaseExecutor.accessMainPhase(TestCaseExecutor.java:298)
	at com.kms.katalon.core.main.TestCaseExecutor.execute(TestCaseExecutor.java:232)
	at com.kms.katalon.core.main.TestSuiteExecutor.accessTestCaseMainPhase(TestSuiteExecutor.java:129)
	at com.kms.katalon.core.main.TestSuiteExecutor.accessTestSuiteMainPhase(TestSuiteExecutor.java:112)
	at com.kms.katalon.core.main.TestSuiteExecutor.execute(TestSuiteExecutor.java:81)
	at com.kms.katalon.core.main.TestCaseMain.startTestSuite(TestCaseMain.java:157)
	at com.kms.katalon.core.main.TestCaseMain$startTestSuite$0.call(Unknown Source)
	at TempTestSuite1565160157414.run(TempTestSuite1565160157414.groovy:35)
)

2019-08-07 12:12:59 - [TEST_CASE][PASSED] - Test Cases/TC_Login: Test Cases/TC_Login

2019-08-07 12:12:59 - [TEST_STEP][PASSED] - runWithCucumberRunner(common.LoginRunner): Run with 'common.LoginRunner' was passed

2019-08-07 12:13:00 - [MESSAGE][INFO] - Starting 'Chrome' driver

2019-08-07 12:13:00 - [MESSAGE][INFO] - Action delay is set to 0 seconds

2019-08-07 12:13:01 - [MESSAGE][PASSED] - Browser is opened with url: ''

2019-08-07 12:13:01 - [MESSAGE][PASSED] - Current window maximized

2019-08-07 12:13:06 - [MESSAGE][PASSED] - Navigate to 'https://leedonline-stg.usgbc.org' successfully

2019-08-07 12:13:06 - [MESSAGE][PASSED] - Text 'automationbdd10@gmail.com' is set on object ''

2019-08-07 12:13:07 - [MESSAGE][PASSED] - Text 'initpass' is set on object ''

2019-08-07 12:13:10 - [MESSAGE][PASSED] - Delayed 3 second(s)

2019-08-07 12:13:10 - [MESSAGE][PASSED] - Scroll to object '' successfully

2019-08-07 12:13:10 - [MESSAGE][PASSED] - Object '' is checked

2019-08-07 12:13:14 - [MESSAGE][PASSED] - Delayed 4 second(s)

2019-08-07 12:13:14 - [MESSAGE][PASSED] - The form containing object: '' is submitted

2019-08-07 12:13:19 - [MESSAGE][PASSED] - Delayed 5 second(s)

2019-08-07 12:13:21 - [MESSAGE][PASSED] - Object '' is present

2019-08-07 12:13:21 - [MESSAGE][PASSED] - Run with 'common.LoginRunner' was passed

2019-08-07 12:13:21 - [MESSAGE][PASSED] - Call Test Case 'Test Cases/TC_Login' successfully

2019-08-07 12:13:24 - [MESSAGE][PASSED] - Object: '' is clicked on

2019-08-07 12:13:27 - [MESSAGE][PASSED] - Object: '' is clicked on

2019-08-07 12:13:29 - [MESSAGE][PASSED] - Delayed 2 second(s)

2019-08-07 12:13:30 - [MESSAGE][PASSED] - Text of object '' is: 'ATTEMPTED'

2019-08-07 12:13:33 - [MESSAGE][PASSED] - Delayed 3 second(s)

2019-08-07 12:13:35 - [MESSAGE][PASSED] - Delayed 2 second(s)

2019-08-07 12:13:35 - [MESSAGE][PASSED] - Object: '' is clicked on

2019-08-07 12:13:35 - [MESSAGE][PASSED] - Text of object '' is: 'Facility Maintenance and Renovation Policy'

2019-08-07 12:13:38 - [MESSAGE][PASSED] - Delayed 3 second(s)

2019-08-07 12:13:48 - [MESSAGE][PASSED] - Object: '' is clicked on

2019-08-07 12:13:53 - [MESSAGE][PASSED] - Delayed 5 second(s)

2019-08-07 12:13:54 - [MESSAGE][PASSED] - Text of object '' is: 'Facility Maintenance and Renovation Policy'

2019-08-07 12:13:54 - [MESSAGE][PASSED] - Actual text 'Facility Maintenance and Renovation Policy' and expected text 'Facility Maintenance and Renovation Policy' are matched 

2019-08-07 12:13:54 - [MESSAGE][PASSED] - Text '(V01)' is present on page 

2019-08-07 12:13:54 - [MESSAGE][PASSED] - Object '' has attribute 'class' with value 'tiny ui button'

2019-08-07 12:14:09 - [MESSAGE][PASSED] - Delayed 15 second(s)

2019-08-07 12:14:09 - [MESSAGE][PASSED] - File '/home/promantusinc/Desktop/Latest With negative/USGBC_NewApproach_with_Negative/USGBC_LEED/Include/TestData/FilesToUpload/COO_1.pdf' sent to object: ''

2019-08-07 12:14:09 - [MESSAGE][PASSED] - Object '' has attribute 'class' with value 'tiny ui button'

2019-08-07 12:14:24 - [MESSAGE][PASSED] - Delayed 15 second(s)

2019-08-07 12:14:24 - [MESSAGE][PASSED] - File '/home/promantusinc/Desktop/Latest With negative/USGBC_NewApproach_with_Negative/USGBC_LEED/Include/TestData/FilesToUpload/ZZ.pdf' sent to object: ''

2019-08-07 12:14:27 - [MESSAGE][PASSED] - Delayed 3 second(s)

2019-08-07 12:14:27 - [MESSAGE][PASSED] - Object '' has attribute 'class' with value 'tiny ui button'

2019-08-07 12:14:42 - [MESSAGE][PASSED] - Delayed 15 second(s)

2019-08-07 12:14:42 - [MESSAGE][PASSED] - File '/home/promantusinc/Desktop/Latest With negative/USGBC_NewApproach_with_Negative/USGBC_LEED/Include/TestData/FilesToUpload/COO_1.pdf' sent to object: ''

2019-08-07 12:14:43 - [MESSAGE][PASSED] - Object '' has attribute 'class' with value 'tiny ui button'

2019-08-07 12:14:58 - [MESSAGE][PASSED] - Delayed 15 second(s)

2019-08-07 12:14:58 - [MESSAGE][PASSED] - File '/home/promantusinc/Desktop/Latest With negative/USGBC_NewApproach_with_Negative/USGBC_LEED/Include/TestData/FilesToUpload/ZZ.pdf' sent to object: ''

2019-08-07 12:15:01 - [MESSAGE][PASSED] - Delayed 3 second(s)

2019-08-07 12:15:01 - [MESSAGE][PASSED] - Text of object '' is: 'COO_1.pdf'

2019-08-07 12:15:03 - [MESSAGE][PASSED] - Delayed 2 second(s)

2019-08-07 12:15:03 - [MESSAGE][PASSED] - COO_1.pdf is equal to COO_1.pdf

2019-08-07 12:15:03 - [MESSAGE][PASSED] - Actual text 'COO_1.pdf' and expected text 'COO_1.pdf' are matched 

2019-08-07 12:15:03 - [MESSAGE][PASSED] - Text of object '' is: 'ZZ.pdf'

2019-08-07 12:15:05 - [MESSAGE][PASSED] - Delayed 2 second(s)

2019-08-07 12:15:07 - [MESSAGE][PASSED] - Delayed 2 second(s)

2019-08-07 12:15:07 - [MESSAGE][PASSED] - ZZ.pdf is equal to ZZ.pdf

2019-08-07 12:15:07 - [MESSAGE][PASSED] - Actual text 'ZZ.pdf' and expected text 'ZZ.pdf' are matched 

2019-08-07 12:15:08 - [MESSAGE][PASSED] - Text of object '' is: 'COO_1.pdf'

2019-08-07 12:15:10 - [MESSAGE][PASSED] - Delayed 2 second(s)

2019-08-07 12:15:10 - [MESSAGE][PASSED] - COO_1.pdf is equal to COO_1.pdf

2019-08-07 12:15:10 - [MESSAGE][PASSED] - Actual text 'COO_1.pdf' and expected text 'COO_1.pdf' are matched 

2019-08-07 12:15:10 - [MESSAGE][PASSED] - Text of object '' is: 'ZZ.pdf'

2019-08-07 12:15:12 - [MESSAGE][PASSED] - Delayed 2 second(s)

2019-08-07 12:15:14 - [MESSAGE][PASSED] - Delayed 2 second(s)

2019-08-07 12:15:14 - [MESSAGE][PASSED] - ZZ.pdf is equal to ZZ.pdf

2019-08-07 12:15:14 - [MESSAGE][PASSED] - Actual text 'ZZ.pdf' and expected text 'ZZ.pdf' are matched 

2019-08-07 12:15:17 - [MESSAGE][PASSED] - Text 'Known that everybody have the personal aim. It is defferent . For example, there are some people think that the most important thing in them life is career. While there are other people think that is family. me too. The most important thing with my life is my small and big family.89LQY' is set on object ''

2019-08-07 12:15:19 - [MESSAGE][PASSED] - Delayed 2 second(s)

2019-08-07 12:15:19 - [MESSAGE][PASSED] - Text of object '' is: 'Known that everybody have the personal aim. It is defferent . For example, there are some people think that the most important thing in them life is career. While there are other people think that is family. me too. The most important thing with my life is my small and big family.89LQY'

2019-08-07 12:15:19 - [MESSAGE][PASSED] - Actual text 'Known that everybody have the personal aim. It is defferent . For example, there are some people think that the most important thing in them life is career. While there are other people think that is family. me too. The most important thing with my life is my small and big family.89LQY' and expected text 'Known that everybody have the personal aim. It is defferent . For example, there are some people think that the most important thing in them life is career. While there are other people think that is family. me too. The most important thing with my life is my small and big family.89LQY' are matched 

2019-08-07 12:15:19 - [MESSAGE][PASSED] - Object: '' is clicked on

2019-08-07 12:15:23 - [MESSAGE][PASSED] - Delayed 4 second(s)

2019-08-07 12:15:23 - [MESSAGE][PASSED] - Text 'Form data saved successfully.' is present on page 

2019-08-07 12:15:29 - [MESSAGE][PASSED] - Delayed 6 second(s)

2019-08-07 12:15:31 - [MESSAGE][PASSED] - Delayed 2 second(s)

2019-08-07 12:15:31 - [MESSAGE][PASSED] - Object '' is present

2019-08-07 12:15:31 - [TEST_CASE][PASSED] - Test Cases/TC_Login: Test Cases/TC_Login

2019-08-07 12:15:32 - [TEST_STEP][PASSED] - runWithCucumberRunner(common.LoginRunner): Run with 'common.LoginRunner' was passed

2019-08-07 12:15:32 - [MESSAGE][WARNING] - A browser is already opened. Closing browser and opening a new one

2019-08-07 12:15:32 - [MESSAGE][INFO] - Starting 'Chrome' driver

2019-08-07 12:15:33 - [MESSAGE][PASSED] - Browser is opened with url: ''

2019-08-07 12:15:33 - [MESSAGE][PASSED] - Current window maximized

2019-08-07 12:15:36 - [MESSAGE][PASSED] - Navigate to 'https://leedonline-stg.usgbc.org' successfully

2019-08-07 12:15:36 - [MESSAGE][PASSED] - Text 'automationbdd10@gmail.com' is set on object ''

2019-08-07 12:15:36 - [MESSAGE][PASSED] - Text 'initpass' is set on object ''

2019-08-07 12:15:39 - [MESSAGE][PASSED] - Delayed 3 second(s)

2019-08-07 12:15:39 - [MESSAGE][PASSED] - Scroll to object '' successfully

2019-08-07 12:15:39 - [MESSAGE][PASSED] - Object '' is checked

2019-08-07 12:15:43 - [MESSAGE][PASSED] - Delayed 4 second(s)

2019-08-07 12:15:44 - [MESSAGE][PASSED] - The form containing object: '' is submitted

2019-08-07 12:15:49 - [MESSAGE][PASSED] - Delayed 5 second(s)

2019-08-07 12:15:49 - [MESSAGE][PASSED] - Object '' is present

2019-08-07 12:15:49 - [MESSAGE][PASSED] - Run with 'common.LoginRunner' was passed

2019-08-07 12:15:49 - [MESSAGE][PASSED] - Call Test Case 'Test Cases/TC_Login' successfully

2019-08-07 12:15:50 - [MESSAGE][PASSED] - Object: '' is clicked on

2019-08-07 12:15:51 - [MESSAGE][PASSED] - Object: '' is clicked on

2019-08-07 12:15:53 - [MESSAGE][PASSED] - Delayed 2 second(s)

2019-08-07 12:15:54 - [MESSAGE][PASSED] - Text of object '' is: 'ATTEMPTED'

2019-08-07 12:15:57 - [MESSAGE][PASSED] - Delayed 3 second(s)

2019-08-07 12:15:59 - [MESSAGE][PASSED] - Delayed 2 second(s)

2019-08-07 12:15:59 - [MESSAGE][PASSED] - Object: '' is clicked on

2019-08-07 12:15:59 - [MESSAGE][PASSED] - Text of object '' is: 'Facility Maintenance and Renovation Policy'

2019-08-07 12:16:02 - [MESSAGE][PASSED] - Delayed 3 second(s)

2019-08-07 12:16:05 - [MESSAGE][PASSED] - Object: '' is clicked on

2019-08-07 12:16:10 - [MESSAGE][PASSED] - Delayed 5 second(s)

2019-08-07 12:16:10 - [MESSAGE][PASSED] - Text 'Because I see the mind is the most important.QT0GF' is set on object ''

2019-08-07 12:16:12 - [MESSAGE][PASSED] - Delayed 2 second(s)

2019-08-07 12:16:12 - [MESSAGE][PASSED] - Text of object '' is: 'Because I see the mind is the most important.QT0GF'

2019-08-07 12:16:12 - [MESSAGE][PASSED] - Actual text 'Because I see the mind is the most important.QT0GF' and expected text 'Because I see the mind is the most important.QT0GF' are matched 

2019-08-07 12:16:22 - [MESSAGE][PASSED] - Delayed 10 second(s)

2019-08-07 12:16:23 - [MESSAGE][PASSED] - Text of object '' is: 'Last draft saved on: 07 Aug 2019 12:16:14 PM  Clear draft'

2019-08-07 12:16:23 - [MESSAGE][PASSED] - Actual text 'null' and expected text 'Last draft saved on: 07 Aug 2019 12:16:14 PM  Clear draft' are not matched 

2019-08-07 12:16:33 - [MESSAGE][PASSED] - Delayed 10 second(s)

2019-08-07 12:16:33 - [MESSAGE][PASSED] - Text of object '' is: 'Last draft saved on: 07 Aug 2019 12:16:14 PM  Clear draft'

2019-08-07 12:16:33 - [MESSAGE][PASSED] - Actual text 'Last draft saved on: 07 Aug 2019 12:16:14 PM  Clear draft' and expected text 'Last draft saved on: 07 Aug 2019 12:16:14 PM  Clear draft' are matched 

2019-08-07 12:16:33 - [MESSAGE][PASSED] - Object '' has attribute 'class' with value 'tiny ui button'

2019-08-07 12:16:48 - [MESSAGE][PASSED] - Delayed 15 second(s)

2019-08-07 12:16:48 - [MESSAGE][PASSED] - File '/home/promantusinc/Desktop/Latest With negative/USGBC_NewApproach_with_Negative/USGBC_LEED/Include/TestData/FilesToUpload/COO_1.pdf' sent to object: ''

2019-08-07 12:16:48 - [MESSAGE][PASSED] - Object '' has attribute 'class' with value 'tiny ui button'

2019-08-07 12:17:03 - [MESSAGE][PASSED] - Delayed 15 second(s)

2019-08-07 12:17:03 - [MESSAGE][PASSED] - File '/home/promantusinc/Desktop/Latest With negative/USGBC_NewApproach_with_Negative/USGBC_LEED/Include/TestData/FilesToUpload/ZZ.pdf' sent to object: ''

2019-08-07 12:17:06 - [MESSAGE][PASSED] - Delayed 3 second(s)

2019-08-07 12:17:06 - [MESSAGE][PASSED] - Object '' has attribute 'class' with value 'tiny ui button'

2019-08-07 12:17:21 - [MESSAGE][PASSED] - Delayed 15 second(s)

2019-08-07 12:17:21 - [MESSAGE][PASSED] - File '/home/promantusinc/Desktop/Latest With negative/USGBC_NewApproach_with_Negative/USGBC_LEED/Include/TestData/FilesToUpload/COO_1.pdf' sent to object: ''

2019-08-07 12:17:21 - [MESSAGE][PASSED] - Object '' has attribute 'class' with value 'tiny ui button'

2019-08-07 12:17:36 - [MESSAGE][PASSED] - Delayed 15 second(s)

2019-08-07 12:17:36 - [MESSAGE][PASSED] - File '/home/promantusinc/Desktop/Latest With negative/USGBC_NewApproach_with_Negative/USGBC_LEED/Include/TestData/FilesToUpload/ZZ.pdf' sent to object: ''

2019-08-07 12:17:39 - [MESSAGE][PASSED] - Delayed 3 second(s)

2019-08-07 12:17:49 - [MESSAGE][PASSED] - Delayed 10 second(s)

2019-08-07 12:17:49 - [MESSAGE][PASSED] - Text of object '' is: 'Last draft saved on: 07 Aug 2019 12:16:14 PM  Clear draft'

2019-08-07 12:17:49 - [MESSAGE][PASSED] - Actual text 'Last draft saved on: 07 Aug 2019 12:16:14 PM  Clear draft' and expected text 'Last draft saved on: 07 Aug 2019 12:16:14 PM  Clear draft' are matched 

2019-08-07 12:17:49 - [MESSAGE][PASSED] - Object: '' is clicked on

2019-08-07 12:17:51 - [MESSAGE][PASSED] - Object: '' is clicked on

2019-08-07 12:17:53 - [MESSAGE][PASSED] - Delayed 2 second(s)

2019-08-07 12:17:53 - [TEST_CASE][PASSED] - Test Cases/TC_Login: Test Cases/TC_Login

2019-08-07 12:17:53 - [TEST_STEP][PASSED] - runWithCucumberRunner(common.LoginRunner): Run with 'common.LoginRunner' was passed

2019-08-07 12:17:53 - [MESSAGE][WARNING] - A browser is already opened. Closing browser and opening a new one

2019-08-07 12:17:53 - [MESSAGE][INFO] - Starting 'Chrome' driver

2019-08-07 12:17:54 - [MESSAGE][PASSED] - Browser is opened with url: ''

2019-08-07 12:17:55 - [MESSAGE][PASSED] - Current window maximized

2019-08-07 12:17:58 - [MESSAGE][PASSED] - Navigate to 'https://leedonline-stg.usgbc.org' successfully

2019-08-07 12:17:59 - [MESSAGE][PASSED] - Text 'automationbdd10@gmail.com' is set on object ''

2019-08-07 12:17:59 - [MESSAGE][PASSED] - Text 'initpass' is set on object ''

2019-08-07 12:18:02 - [MESSAGE][PASSED] - Delayed 3 second(s)

2019-08-07 12:18:02 - [MESSAGE][PASSED] - Scroll to object '' successfully

2019-08-07 12:18:02 - [MESSAGE][PASSED] - Object '' is checked

2019-08-07 12:18:06 - [MESSAGE][PASSED] - Delayed 4 second(s)

2019-08-07 12:18:06 - [MESSAGE][PASSED] - The form containing object: '' is submitted

2019-08-07 12:18:11 - [MESSAGE][PASSED] - Delayed 5 second(s)

2019-08-07 12:18:11 - [MESSAGE][PASSED] - Object '' is present

2019-08-07 12:18:11 - [MESSAGE][PASSED] - Run with 'common.LoginRunner' was passed

2019-08-07 12:18:11 - [MESSAGE][PASSED] - Call Test Case 'Test Cases/TC_Login' successfully

2019-08-07 12:18:13 - [MESSAGE][PASSED] - Delayed 2 second(s)

2019-08-07 12:18:15 - [MESSAGE][PASSED] - Object: '' is clicked on

2019-08-07 12:18:17 - [MESSAGE][PASSED] - Delayed 2 second(s)

2019-08-07 12:18:18 - [MESSAGE][PASSED] - Object: '' is clicked on

2019-08-07 12:18:20 - [MESSAGE][PASSED] - Delayed 2 second(s)

2019-08-07 12:18:22 - [MESSAGE][PASSED] - Delayed 2 second(s)

2019-08-07 12:18:22 - [MESSAGE][PASSED] - Object: '' is clicked on

2019-08-07 12:18:22 - [MESSAGE][PASSED] - Text of object '' is: 'Facility Maintenance and Renovation Policy'

2019-08-07 12:18:25 - [MESSAGE][PASSED] - Delayed 3 second(s)

2019-08-07 12:18:28 - [MESSAGE][PASSED] - Object: '' is clicked on

2019-08-07 12:18:32 - [MESSAGE][PASSED] - Delayed 4 second(s)

2019-08-07 12:18:32 - [MESSAGE][PASSED] - Object '' is present

2019-08-07 12:18:32 - [MESSAGE][PASSED] - Text of object '' is: 'Last draft saved on: 07 Aug 2019 12:16:14 PM  Clear draft'

2019-08-07 12:18:32 - [MESSAGE][PASSED] - Actual text 'Last draft saved on: 07 Aug 2019 12:16:14 PM  Clear draft' and expected text 'Last draft saved on: 07 Aug 2019 12:16:14 PM  Clear draft' are matched 

2019-08-07 12:18:33 - [MESSAGE][PASSED] - Object: '' is clicked on

2019-08-07 12:18:37 - [MESSAGE][PASSED] - Delayed 4 second(s)

2019-08-07 12:18:39 - [MESSAGE][PASSED] - Delayed 2 second(s)

2019-08-07 12:18:44 - [MESSAGE][PASSED] - Delayed 5 second(s)

2019-08-07 12:18:44 - [MESSAGE][PASSED] - Object: '' is clicked on

2019-08-07 12:18:46 - [MESSAGE][PASSED] - Delayed 2 second(s)

2019-08-07 12:18:46 - [MESSAGE][PASSED] - Object: '' is clicked on

2019-08-07 12:18:48 - [MESSAGE][PASSED] - Delayed 2 second(s)

2019-08-07 12:18:50 - [MESSAGE][PASSED] - Delayed 2 second(s)

2019-08-07 12:18:55 - [MESSAGE][PASSED] - Delayed 5 second(s)

2019-08-07 12:18:55 - [MESSAGE][PASSED] - Object: '' is clicked on

2019-08-07 12:18:57 - [MESSAGE][PASSED] - Delayed 2 second(s)

2019-08-07 12:18:57 - [MESSAGE][PASSED] - Object: '' is clicked on

2019-08-07 12:18:59 - [MESSAGE][PASSED] - Delayed 2 second(s)

2019-08-07 12:19:04 - [MESSAGE][PASSED] - Delayed 5 second(s)

2019-08-07 12:19:04 - [MESSAGE][PASSED] - Web element with id: '' located by 'By.xpath: (//table[@class='ui collapsing celled table unstackable'])[2]' is not present after '2' second(s)

2019-08-07 12:19:06 - [MESSAGE][PASSED] - Delayed 2 second(s)

2019-08-07 12:19:12 - [MESSAGE][PASSED] - Delayed 5 second(s)

2019-08-07 12:19:12 - [MESSAGE][PASSED] - Object: '' is clicked on

2019-08-07 12:19:14 - [MESSAGE][PASSED] - Delayed 2 second(s)

2019-08-07 12:19:14 - [MESSAGE][PASSED] - Object: '' is clicked on

2019-08-07 12:19:16 - [MESSAGE][PASSED] - Delayed 2 second(s)

2019-08-07 12:19:18 - [MESSAGE][PASSED] - Delayed 2 second(s)

2019-08-07 12:19:23 - [MESSAGE][PASSED] - Delayed 5 second(s)

2019-08-07 12:19:23 - [MESSAGE][PASSED] - Object: '' is clicked on

2019-08-07 12:19:25 - [MESSAGE][PASSED] - Delayed 2 second(s)

2019-08-07 12:19:25 - [MESSAGE][PASSED] - Object: '' is clicked on

2019-08-07 12:19:27 - [MESSAGE][PASSED] - Delayed 2 second(s)

2019-08-07 12:19:32 - [MESSAGE][PASSED] - Delayed 5 second(s)

2019-08-07 12:19:32 - [MESSAGE][PASSED] - Web element with id: '' located by 'By.xpath: (//table[@class='ui collapsing celled table unstackable'])[1]' is not present after '2' second(s)

2019-08-07 12:19:32 - [MESSAGE][PASSED] - Web element with id: '' located by 'By.xpath: //a[contains(text(),'Clear draft')]' is not present after '3' second(s)

2019-08-07 12:19:32 - [MESSAGE][PASSED] - Web element with id: '' located by 'By.xpath: //div[contains(text(),'Form drafted and not yet saved!')]' is not present after '2' second(s)

2019-08-07 12:19:33 - [MESSAGE][PASSED] - Text 'Because I see the mind is the most important.82GKI' is set on object ''

2019-08-07 12:19:35 - [MESSAGE][PASSED] - Delayed 2 second(s)

2019-08-07 12:19:35 - [MESSAGE][PASSED] - Text of object '' is: 'Because I see the mind is the most important.82GKI'

2019-08-07 12:19:35 - [MESSAGE][PASSED] - Actual text 'Because I see the mind is the most important.82GKI' and expected text 'Because I see the mind is the most important.82GKI' are matched 

2019-08-07 12:19:45 - [MESSAGE][PASSED] - Delayed 10 second(s)

2019-08-07 12:19:45 - [MESSAGE][PASSED] - Text of object '' is: 'Last draft saved on: 07 Aug 2019 12:19:33 PM  Clear draft'

2019-08-07 12:19:45 - [MESSAGE][PASSED] - Actual text 'Last draft saved on: 07 Aug 2019 12:16:14 PM  Clear draft' and expected text 'Last draft saved on: 07 Aug 2019 12:19:33 PM  Clear draft' are not matched 

2019-08-07 12:19:49 - [MESSAGE][PASSED] - Delayed 4 second(s)

2019-08-07 12:19:49 - [MESSAGE][PASSED] - Object: '' is clicked on

2019-08-07 12:19:51 - [MESSAGE][PASSED] - Delayed 2 second(s)

2019-08-07 12:19:52 - [MESSAGE][PASSED] - Object: '' is clicked on

2019-08-07 12:19:57 - [MESSAGE][PASSED] - Delayed 5 second(s)

2019-08-07 12:19:57 - [MESSAGE][PASSED] - Web element with id: '' located by 'By.xpath: //a[contains(text(),'Clear draft')]' is not present after '2' second(s)

2019-08-07 12:20:01 - [MESSAGE][PASSED] - Delayed 4 second(s)

2019-08-07 12:20:01 - [TEST_CASE][PASSED] - Test Cases/TC_Login: Test Cases/TC_Login

2019-08-07 12:20:01 - [TEST_STEP][PASSED] - runWithCucumberRunner(common.LoginRunner): Run with 'common.LoginRunner' was passed

2019-08-07 12:20:01 - [MESSAGE][WARNING] - A browser is already opened. Closing browser and opening a new one

2019-08-07 12:20:01 - [MESSAGE][INFO] - Starting 'Chrome' driver

2019-08-07 12:20:02 - [MESSAGE][PASSED] - Browser is opened with url: ''

2019-08-07 12:20:02 - [MESSAGE][PASSED] - Current window maximized

2019-08-07 12:20:07 - [MESSAGE][PASSED] - Navigate to 'https://leedonline-stg.usgbc.org' successfully

2019-08-07 12:20:07 - [MESSAGE][PASSED] - Text 'automationbdd10@gmail.com' is set on object ''

2019-08-07 12:20:07 - [MESSAGE][PASSED] - Text 'initpass' is set on object ''

2019-08-07 12:20:10 - [MESSAGE][PASSED] - Delayed 3 second(s)

2019-08-07 12:20:10 - [MESSAGE][PASSED] - Scroll to object '' successfully

2019-08-07 12:20:10 - [MESSAGE][PASSED] - Object '' is checked

2019-08-07 12:20:14 - [MESSAGE][PASSED] - Delayed 4 second(s)

2019-08-07 12:20:15 - [MESSAGE][PASSED] - The form containing object: '' is submitted

2019-08-07 12:20:20 - [MESSAGE][PASSED] - Delayed 5 second(s)

2019-08-07 12:20:20 - [MESSAGE][PASSED] - Object '' is present

2019-08-07 12:20:20 - [MESSAGE][PASSED] - Run with 'common.LoginRunner' was passed

2019-08-07 12:20:20 - [MESSAGE][PASSED] - Call Test Case 'Test Cases/TC_Login' successfully

2019-08-07 12:20:21 - [MESSAGE][PASSED] - Object: '' is clicked on

2019-08-07 12:20:23 - [MESSAGE][PASSED] - Object: '' is clicked on

2019-08-07 12:20:25 - [MESSAGE][PASSED] - Delayed 2 second(s)

2019-08-07 12:20:25 - [MESSAGE][PASSED] - Text of object '' is: 'ATTEMPTED'

2019-08-07 12:20:28 - [MESSAGE][PASSED] - Delayed 3 second(s)

2019-08-07 12:20:30 - [MESSAGE][PASSED] - Delayed 2 second(s)

2019-08-07 12:20:30 - [MESSAGE][PASSED] - Object: '' is clicked on

2019-08-07 12:20:30 - [MESSAGE][PASSED] - Text of object '' is: 'Facility Maintenance and Renovation Policy'

2019-08-07 12:20:33 - [MESSAGE][PASSED] - Delayed 3 second(s)

2019-08-07 12:20:36 - [MESSAGE][PASSED] - Object: '' is clicked on

2019-08-07 12:20:41 - [MESSAGE][PASSED] - Delayed 5 second(s)

2019-08-07 12:20:42 - [MESSAGE][PASSED] - Object: '' is clicked on

2019-08-07 12:20:43 - [MESSAGE][PASSED] - Delayed 1 second(s)

2019-08-07 12:20:43 - [MESSAGE][PASSED] - Text 'Please fix the highlighted errors.' is present on page 

2019-08-07 12:20:48 - [MESSAGE][PASSED] - Delayed 5 second(s)

2019-08-07 12:20:48 - [MESSAGE][PASSED] - Object '' has attribute 'class' with value 'tiny ui button'

2019-08-07 12:20:55 - [MESSAGE][PASSED] - Delayed 7 second(s)

2019-08-07 12:20:55 - [MESSAGE][PASSED] - File '/home/promantusinc/Desktop/Latest With negative/USGBC_NewApproach_with_Negative/USGBC_LEED/Include/TestData/NegativeFiles/102MBfile.pdf' sent to object: ''

2019-08-07 12:20:57 - [MESSAGE][PASSED] - Delayed 2 second(s)

2019-08-07 12:20:57 - [MESSAGE][PASSED] - Text 'Maximum allowed file size is 100 MB only.' is present on page 

2019-08-07 12:20:57 - [MESSAGE][PASSED] - Object '' has attribute 'class' with value 'tiny ui button'

2019-08-07 12:21:04 - [MESSAGE][PASSED] - Delayed 7 second(s)

2019-08-07 12:21:04 - [MESSAGE][PASSED] - File '/home/promantusinc/Desktop/Latest With negative/USGBC_NewApproach_with_Negative/USGBC_LEED/Include/TestData/NegativeFiles/102MBfile.pdf' sent to object: ''

2019-08-07 12:21:06 - [MESSAGE][PASSED] - Delayed 2 second(s)

2019-08-07 12:21:06 - [MESSAGE][PASSED] - Text 'Maximum allowed file size is 100 MB only.' is present on page 

2019-08-07 12:21:06 - [MESSAGE][PASSED] - Refresh successfully

2019-08-07 12:21:08 - [MESSAGE][PASSED] - Object '' has attribute 'class' with value 'tiny ui button'

2019-08-07 12:21:15 - [MESSAGE][PASSED] - Delayed 7 second(s)

2019-08-07 12:21:15 - [MESSAGE][PASSED] - File '/home/promantusinc/Desktop/Latest With negative/USGBC_NewApproach_with_Negative/USGBC_LEED/Include/TestData/NegativeFiles/24MBfile1.doc' sent to object: ''

2019-08-07 12:21:18 - [MESSAGE][PASSED] - Delayed 3 second(s)

2019-08-07 12:21:18 - [MESSAGE][PASSED] - Object: '' is clicked on

2019-08-07 12:21:23 - [MESSAGE][PASSED] - Delayed 5 second(s)

2019-08-07 12:21:23 - [MESSAGE][PASSED] - Text 'Please wait running actions to complete.' is present on page 

2019-08-07 12:21:25 - [MESSAGE][PASSED] - Delayed 2 second(s)

2019-08-07 12:21:25 - [MESSAGE][PASSED] - Refresh successfully

2019-08-07 12:21:27 - [MESSAGE][PASSED] - Refresh successfully

2019-08-07 12:21:28 - [MESSAGE][PASSED] - Object '' has attribute 'class' with value 'tiny ui button'

2019-08-07 12:21:35 - [MESSAGE][PASSED] - Delayed 7 second(s)

2019-08-07 12:21:35 - [MESSAGE][PASSED] - File '/home/promantusinc/Desktop/Latest With negative/USGBC_NewApproach_with_Negative/USGBC_LEED/Include/TestData/NegativeFiles/24MBfile1.doc' sent to object: ''

2019-08-07 12:21:38 - [MESSAGE][PASSED] - Delayed 3 second(s)

2019-08-07 12:21:38 - [MESSAGE][PASSED] - Object: '' is clicked on

2019-08-07 12:21:43 - [MESSAGE][PASSED] - Delayed 5 second(s)

2019-08-07 12:21:44 - [MESSAGE][PASSED] - Text 'Please wait running actions to complete.' is present on page 

2019-08-07 12:21:46 - [MESSAGE][PASSED] - Delayed 2 second(s)

2019-08-07 12:21:47 - [MESSAGE][PASSED] - Refresh successfully

2019-08-07 12:21:47 - [MESSAGE][FAILED] - These following reason:
 [Cannot get property 'length' on null object]

2019-08-07 12:21:47 - [MESSAGE][FAILED] - Keyword runWithCucumberRunner was failed (Root cause: com.kms.katalon.core.exception.StepFailedException: These following reason:
 [Cannot get property 'length' on null object]
	at com.kms.katalon.core.keyword.internal.KeywordMain.stepFailed(KeywordMain.groovy:48)
	at com.kms.katalon.core.keyword.internal.KeywordMain.stepFailed(KeywordMain.groovy)
	at com.kms.katalon.core.keyword.internal.KeywordMain.stepFailed(KeywordMain.groovy:21)
	at com.kms.katalon.core.keyword.internal.KeywordMain$stepFailed$0.call(Unknown Source)
	at com.kms.katalon.core.cucumber.keyword.CucumberBuiltinKeywords$_runWithCucumberRunner_closure3.doCall(CucumberBuiltinKeywords.groovy:272)
	at com.kms.katalon.core.cucumber.keyword.CucumberBuiltinKeywords$_runWithCucumberRunner_closure3.doCall(CucumberBuiltinKeywords.groovy)
	at com.kms.katalon.core.keyword.internal.KeywordMain.runKeyword(KeywordMain.groovy:66)
	at com.kms.katalon.core.keyword.internal.KeywordMain$runKeyword.call(Unknown Source)
	at com.kms.katalon.core.cucumber.keyword.CucumberBuiltinKeywords.runWithCucumberRunner(CucumberBuiltinKeywords.groovy:257)
	at com.kms.katalon.core.cucumber.keyword.CucumberBuiltinKeywords$runWithCucumberRunner$0.callStatic(Unknown Source)
	at com.kms.katalon.core.cucumber.keyword.CucumberBuiltinKeywords.runWithCucumberRunner(CucumberBuiltinKeywords.groovy:357)
	at com.kms.katalon.core.cucumber.keyword.CucumberBuiltinKeywords$runWithCucumberRunner.call(Unknown Source)
	at TC_FacilityMaintenanceandRenovationPolicy.run(TC_FacilityMaintenanceandRenovationPolicy:17)
	at com.kms.katalon.core.main.ScriptEngine.run(ScriptEngine.java:194)
	at com.kms.katalon.core.main.ScriptEngine.runScriptAsRawText(ScriptEngine.java:119)
	at com.kms.katalon.core.main.TestCaseExecutor.runScript(TestCaseExecutor.java:336)
	at com.kms.katalon.core.main.TestCaseExecutor.doExecute(TestCaseExecutor.java:327)
	at com.kms.katalon.core.main.TestCaseExecutor.processExecutionPhase(TestCaseExecutor.java:306)
	at com.kms.katalon.core.main.TestCaseExecutor.accessMainPhase(TestCaseExecutor.java:298)
	at com.kms.katalon.core.main.TestCaseExecutor.execute(TestCaseExecutor.java:232)
	at com.kms.katalon.core.main.TestSuiteExecutor.accessTestCaseMainPhase(TestSuiteExecutor.java:129)
	at com.kms.katalon.core.main.TestSuiteExecutor.accessTestSuiteMainPhase(TestSuiteExecutor.java:112)
	at com.kms.katalon.core.main.TestSuiteExecutor.execute(TestSuiteExecutor.java:81)
	at com.kms.katalon.core.main.TestCaseMain.startTestSuite(TestCaseMain.java:157)
	at com.kms.katalon.core.main.TestCaseMain$startTestSuite$0.call(Unknown Source)
	at TempTestSuite1565160157414.run(TempTestSuite1565160157414.groovy:35)
)]]></system-out>
         <system-err><![CDATA[2019-08-07 12:12:57 - [TEST_CASE][FAILED] - Test Cases/OM_ExistingBuildings/TC_FacilityMaintenanceandRenovationPolicy: Test Cases/OM_ExistingBuildings/TC_FacilityMaintenanceandRenovationPolicy FAILED.
Reason:
com.kms.katalon.core.exception.StepFailedException: These following reason:
 [Cannot get property 'length' on null object]
	at com.kms.katalon.core.keyword.internal.KeywordMain.stepFailed(KeywordMain.groovy:48)
	at com.kms.katalon.core.keyword.internal.KeywordMain.stepFailed(KeywordMain.groovy)
	at com.kms.katalon.core.keyword.internal.KeywordMain.stepFailed(KeywordMain.groovy:21)
	at com.kms.katalon.core.keyword.internal.KeywordMain$stepFailed$0.call(Unknown Source)
	at com.kms.katalon.core.cucumber.keyword.CucumberBuiltinKeywords$_runWithCucumberRunner_closure3.doCall(CucumberBuiltinKeywords.groovy:272)
	at com.kms.katalon.core.cucumber.keyword.CucumberBuiltinKeywords$_runWithCucumberRunner_closure3.doCall(CucumberBuiltinKeywords.groovy)
	at com.kms.katalon.core.keyword.internal.KeywordMain.runKeyword(KeywordMain.groovy:66)
	at com.kms.katalon.core.keyword.internal.KeywordMain$runKeyword.call(Unknown Source)
	at com.kms.katalon.core.cucumber.keyword.CucumberBuiltinKeywords.runWithCucumberRunner(CucumberBuiltinKeywords.groovy:257)
	at com.kms.katalon.core.cucumber.keyword.CucumberBuiltinKeywords$runWithCucumberRunner$0.callStatic(Unknown Source)
	at com.kms.katalon.core.cucumber.keyword.CucumberBuiltinKeywords.runWithCucumberRunner(CucumberBuiltinKeywords.groovy:357)
	at com.kms.katalon.core.cucumber.keyword.CucumberBuiltinKeywords$runWithCucumberRunner.call(Unknown Source)
	at TC_FacilityMaintenanceandRenovationPolicy.run(TC_FacilityMaintenanceandRenovationPolicy:17)
	at com.kms.katalon.core.main.ScriptEngine.run(ScriptEngine.java:194)
	at com.kms.katalon.core.main.ScriptEngine.runScriptAsRawText(ScriptEngine.java:119)
	at com.kms.katalon.core.main.TestCaseExecutor.runScript(TestCaseExecutor.java:336)
	at com.kms.katalon.core.main.TestCaseExecutor.doExecute(TestCaseExecutor.java:327)
	at com.kms.katalon.core.main.TestCaseExecutor.processExecutionPhase(TestCaseExecutor.java:306)
	at com.kms.katalon.core.main.TestCaseExecutor.accessMainPhase(TestCaseExecutor.java:298)
	at com.kms.katalon.core.main.TestCaseExecutor.execute(TestCaseExecutor.java:232)
	at com.kms.katalon.core.main.TestSuiteExecutor.accessTestCaseMainPhase(TestSuiteExecutor.java:129)
	at com.kms.katalon.core.main.TestSuiteExecutor.accessTestSuiteMainPhase(TestSuiteExecutor.java:112)
	at com.kms.katalon.core.main.TestSuiteExecutor.execute(TestSuiteExecutor.java:81)
	at com.kms.katalon.core.main.TestCaseMain.startTestSuite(TestCaseMain.java:157)
	at com.kms.katalon.core.main.TestCaseMain$startTestSuite$0.call(Unknown Source)
	at TempTestSuite1565160157414.run(TempTestSuite1565160157414.groovy:35)]]></system-err>
      </testcase>
      <system-out><![CDATA[2019-08-07 12:12:57 - [TEST_SUITE][FAILED] - Demo1: Test Cases/OM_ExistingBuildings/TC_FacilityMaintenanceandRenovationPolicy FAILED.
Reason:
com.kms.katalon.core.exception.StepFailedException: These following reason:
 [Cannot get property 'length' on null object]
	at com.kms.katalon.core.keyword.internal.KeywordMain.stepFailed(KeywordMain.groovy:48)
	at com.kms.katalon.core.keyword.internal.KeywordMain.stepFailed(KeywordMain.groovy)
	at com.kms.katalon.core.keyword.internal.KeywordMain.stepFailed(KeywordMain.groovy:21)
	at com.kms.katalon.core.keyword.internal.KeywordMain$stepFailed$0.call(Unknown Source)
	at com.kms.katalon.core.cucumber.keyword.CucumberBuiltinKeywords$_runWithCucumberRunner_closure3.doCall(CucumberBuiltinKeywords.groovy:272)
	at com.kms.katalon.core.cucumber.keyword.CucumberBuiltinKeywords$_runWithCucumberRunner_closure3.doCall(CucumberBuiltinKeywords.groovy)
	at com.kms.katalon.core.keyword.internal.KeywordMain.runKeyword(KeywordMain.groovy:66)
	at com.kms.katalon.core.keyword.internal.KeywordMain$runKeyword.call(Unknown Source)
	at com.kms.katalon.core.cucumber.keyword.CucumberBuiltinKeywords.runWithCucumberRunner(CucumberBuiltinKeywords.groovy:257)
	at com.kms.katalon.core.cucumber.keyword.CucumberBuiltinKeywords$runWithCucumberRunner$0.callStatic(Unknown Source)
	at com.kms.katalon.core.cucumber.keyword.CucumberBuiltinKeywords.runWithCucumberRunner(CucumberBuiltinKeywords.groovy:357)
	at com.kms.katalon.core.cucumber.keyword.CucumberBuiltinKeywords$runWithCucumberRunner.call(Unknown Source)
	at TC_FacilityMaintenanceandRenovationPolicy.run(TC_FacilityMaintenanceandRenovationPolicy:17)
	at com.kms.katalon.core.main.ScriptEngine.run(ScriptEngine.java:194)
	at com.kms.katalon.core.main.ScriptEngine.runScriptAsRawText(ScriptEngine.java:119)
	at com.kms.katalon.core.main.TestCaseExecutor.runScript(TestCaseExecutor.java:336)
	at com.kms.katalon.core.main.TestCaseExecutor.doExecute(TestCaseExecutor.java:327)
	at com.kms.katalon.core.main.TestCaseExecutor.processExecutionPhase(TestCaseExecutor.java:306)
	at com.kms.katalon.core.main.TestCaseExecutor.accessMainPhase(TestCaseExecutor.java:298)
	at com.kms.katalon.core.main.TestCaseExecutor.execute(TestCaseExecutor.java:232)
	at com.kms.katalon.core.main.TestSuiteExecutor.accessTestCaseMainPhase(TestSuiteExecutor.java:129)
	at com.kms.katalon.core.main.TestSuiteExecutor.accessTestSuiteMainPhase(TestSuiteExecutor.java:112)
	at com.kms.katalon.core.main.TestSuiteExecutor.execute(TestSuiteExecutor.java:81)
	at com.kms.katalon.core.main.TestCaseMain.startTestSuite(TestCaseMain.java:157)
	at com.kms.katalon.core.main.TestCaseMain$startTestSuite$0.call(Unknown Source)
	at TempTestSuite1565160157414.run(TempTestSuite1565160157414.groovy:35)]]></system-out>
      <system-err><![CDATA[2019-08-07 12:12:57 - [TEST_SUITE][FAILED] - Demo1: Test Cases/OM_ExistingBuildings/TC_FacilityMaintenanceandRenovationPolicy FAILED.
Reason:
com.kms.katalon.core.exception.StepFailedException: These following reason:
 [Cannot get property 'length' on null object]
	at com.kms.katalon.core.keyword.internal.KeywordMain.stepFailed(KeywordMain.groovy:48)
	at com.kms.katalon.core.keyword.internal.KeywordMain.stepFailed(KeywordMain.groovy)
	at com.kms.katalon.core.keyword.internal.KeywordMain.stepFailed(KeywordMain.groovy:21)
	at com.kms.katalon.core.keyword.internal.KeywordMain$stepFailed$0.call(Unknown Source)
	at com.kms.katalon.core.cucumber.keyword.CucumberBuiltinKeywords$_runWithCucumberRunner_closure3.doCall(CucumberBuiltinKeywords.groovy:272)
	at com.kms.katalon.core.cucumber.keyword.CucumberBuiltinKeywords$_runWithCucumberRunner_closure3.doCall(CucumberBuiltinKeywords.groovy)
	at com.kms.katalon.core.keyword.internal.KeywordMain.runKeyword(KeywordMain.groovy:66)
	at com.kms.katalon.core.keyword.internal.KeywordMain$runKeyword.call(Unknown Source)
	at com.kms.katalon.core.cucumber.keyword.CucumberBuiltinKeywords.runWithCucumberRunner(CucumberBuiltinKeywords.groovy:257)
	at com.kms.katalon.core.cucumber.keyword.CucumberBuiltinKeywords$runWithCucumberRunner$0.callStatic(Unknown Source)
	at com.kms.katalon.core.cucumber.keyword.CucumberBuiltinKeywords.runWithCucumberRunner(CucumberBuiltinKeywords.groovy:357)
	at com.kms.katalon.core.cucumber.keyword.CucumberBuiltinKeywords$runWithCucumberRunner.call(Unknown Source)
	at TC_FacilityMaintenanceandRenovationPolicy.run(TC_FacilityMaintenanceandRenovationPolicy:17)
	at com.kms.katalon.core.main.ScriptEngine.run(ScriptEngine.java:194)
	at com.kms.katalon.core.main.ScriptEngine.runScriptAsRawText(ScriptEngine.java:119)
	at com.kms.katalon.core.main.TestCaseExecutor.runScript(TestCaseExecutor.java:336)
	at com.kms.katalon.core.main.TestCaseExecutor.doExecute(TestCaseExecutor.java:327)
	at com.kms.katalon.core.main.TestCaseExecutor.processExecutionPhase(TestCaseExecutor.java:306)
	at com.kms.katalon.core.main.TestCaseExecutor.accessMainPhase(TestCaseExecutor.java:298)
	at com.kms.katalon.core.main.TestCaseExecutor.execute(TestCaseExecutor.java:232)
	at com.kms.katalon.core.main.TestSuiteExecutor.accessTestCaseMainPhase(TestSuiteExecutor.java:129)
	at com.kms.katalon.core.main.TestSuiteExecutor.accessTestSuiteMainPhase(TestSuiteExecutor.java:112)
	at com.kms.katalon.core.main.TestSuiteExecutor.execute(TestSuiteExecutor.java:81)
	at com.kms.katalon.core.main.TestCaseMain.startTestSuite(TestCaseMain.java:157)
	at com.kms.katalon.core.main.TestCaseMain$startTestSuite$0.call(Unknown Source)
	at TempTestSuite1565160157414.run(TempTestSuite1565160157414.groovy:35)]]></system-err>
   </testsuite>
</testsuites>
